ARM GAS  /tmp/ccI6OzLC.s 			page 1


   1              		.cpu cortex-m0plus
   2              		.eabi_attribute 20, 1
   3              		.eabi_attribute 21, 1
   4              		.eabi_attribute 23, 3
   5              		.eabi_attribute 24, 1
   6              		.eabi_attribute 25, 1
   7              		.eabi_attribute 26, 1
   8              		.eabi_attribute 30, 2
   9              		.eabi_attribute 34, 0
  10              		.eabi_attribute 18, 4
  11              		.file	"stm32l0xx_hal_i2c_ex.c"
  12              		.text
  13              	.Ltext0:
  14              		.cfi_sections	.debug_frame
  15              		.section	.text.HAL_I2CEx_ConfigAnalogFilter,"ax",%progbits
  16              		.align	1
  17              		.p2align 2,,3
  18              		.global	HAL_I2CEx_ConfigAnalogFilter
  19              		.arch armv6s-m
  20              		.syntax unified
  21              		.code	16
  22              		.thumb_func
  23              		.fpu softvfp
  25              	HAL_I2CEx_ConfigAnalogFilter:
  26              	.LVL0:
  27              	.LFB34:
  28              		.file 1 "Drivers/STM32L0xx_HAL_Driver/Src/stm32l0xx_hal_i2c_ex.c"
   1:Drivers/STM32L0xx_HAL_Driver/Src/stm32l0xx_hal_i2c_ex.c **** /**
   2:Drivers/STM32L0xx_HAL_Driver/Src/stm32l0xx_hal_i2c_ex.c ****   ******************************************************************************
   3:Drivers/STM32L0xx_HAL_Driver/Src/stm32l0xx_hal_i2c_ex.c ****   * @file    stm32l0xx_hal_i2c_ex.c
   4:Drivers/STM32L0xx_HAL_Driver/Src/stm32l0xx_hal_i2c_ex.c ****   * @author  MCD Application Team
   5:Drivers/STM32L0xx_HAL_Driver/Src/stm32l0xx_hal_i2c_ex.c ****   * @brief   I2C Extended HAL module driver.
   6:Drivers/STM32L0xx_HAL_Driver/Src/stm32l0xx_hal_i2c_ex.c ****   *          This file provides firmware functions to manage the following
   7:Drivers/STM32L0xx_HAL_Driver/Src/stm32l0xx_hal_i2c_ex.c ****   *          functionalities of I2C Extended peripheral:
   8:Drivers/STM32L0xx_HAL_Driver/Src/stm32l0xx_hal_i2c_ex.c ****   *           + Extended features functions
   9:Drivers/STM32L0xx_HAL_Driver/Src/stm32l0xx_hal_i2c_ex.c ****   *
  10:Drivers/STM32L0xx_HAL_Driver/Src/stm32l0xx_hal_i2c_ex.c ****   @verbatim
  11:Drivers/STM32L0xx_HAL_Driver/Src/stm32l0xx_hal_i2c_ex.c ****   ==============================================================================
  12:Drivers/STM32L0xx_HAL_Driver/Src/stm32l0xx_hal_i2c_ex.c ****                ##### I2C peripheral Extended features  #####
  13:Drivers/STM32L0xx_HAL_Driver/Src/stm32l0xx_hal_i2c_ex.c ****   ==============================================================================
  14:Drivers/STM32L0xx_HAL_Driver/Src/stm32l0xx_hal_i2c_ex.c **** 
  15:Drivers/STM32L0xx_HAL_Driver/Src/stm32l0xx_hal_i2c_ex.c ****   [..] Comparing to other previous devices, the I2C interface for STM32L0xx
  16:Drivers/STM32L0xx_HAL_Driver/Src/stm32l0xx_hal_i2c_ex.c ****        devices contains the following additional features
  17:Drivers/STM32L0xx_HAL_Driver/Src/stm32l0xx_hal_i2c_ex.c **** 
  18:Drivers/STM32L0xx_HAL_Driver/Src/stm32l0xx_hal_i2c_ex.c ****        (+) Possibility to disable or enable Analog Noise Filter
  19:Drivers/STM32L0xx_HAL_Driver/Src/stm32l0xx_hal_i2c_ex.c ****        (+) Use of a configured Digital Noise Filter
  20:Drivers/STM32L0xx_HAL_Driver/Src/stm32l0xx_hal_i2c_ex.c ****        (+) Disable or enable wakeup from Stop mode(s)
  21:Drivers/STM32L0xx_HAL_Driver/Src/stm32l0xx_hal_i2c_ex.c ****        (+) Disable or enable Fast Mode Plus
  22:Drivers/STM32L0xx_HAL_Driver/Src/stm32l0xx_hal_i2c_ex.c **** 
  23:Drivers/STM32L0xx_HAL_Driver/Src/stm32l0xx_hal_i2c_ex.c ****                      ##### How to use this driver #####
  24:Drivers/STM32L0xx_HAL_Driver/Src/stm32l0xx_hal_i2c_ex.c ****   ==============================================================================
  25:Drivers/STM32L0xx_HAL_Driver/Src/stm32l0xx_hal_i2c_ex.c ****   [..] This driver provides functions to configure Noise Filter and Wake Up Feature
  26:Drivers/STM32L0xx_HAL_Driver/Src/stm32l0xx_hal_i2c_ex.c ****     (#) Configure I2C Analog noise filter using the function HAL_I2CEx_ConfigAnalogFilter()
  27:Drivers/STM32L0xx_HAL_Driver/Src/stm32l0xx_hal_i2c_ex.c ****     (#) Configure I2C Digital noise filter using the function HAL_I2CEx_ConfigDigitalFilter()
  28:Drivers/STM32L0xx_HAL_Driver/Src/stm32l0xx_hal_i2c_ex.c ****     (#) Configure the enable or disable of I2C Wake Up Mode using the functions :
  29:Drivers/STM32L0xx_HAL_Driver/Src/stm32l0xx_hal_i2c_ex.c ****           (++) HAL_I2CEx_EnableWakeUp()
  30:Drivers/STM32L0xx_HAL_Driver/Src/stm32l0xx_hal_i2c_ex.c ****           (++) HAL_I2CEx_DisableWakeUp()
ARM GAS  /tmp/ccI6OzLC.s 			page 2


  31:Drivers/STM32L0xx_HAL_Driver/Src/stm32l0xx_hal_i2c_ex.c ****     (#) Configure the enable or disable of fast mode plus driving capability using the functions :
  32:Drivers/STM32L0xx_HAL_Driver/Src/stm32l0xx_hal_i2c_ex.c ****           (++) HAL_I2CEx_EnableFastModePlus()
  33:Drivers/STM32L0xx_HAL_Driver/Src/stm32l0xx_hal_i2c_ex.c ****           (++) HAL_I2CEx_DisableFastModePlus()
  34:Drivers/STM32L0xx_HAL_Driver/Src/stm32l0xx_hal_i2c_ex.c ****   @endverbatim
  35:Drivers/STM32L0xx_HAL_Driver/Src/stm32l0xx_hal_i2c_ex.c ****   ******************************************************************************
  36:Drivers/STM32L0xx_HAL_Driver/Src/stm32l0xx_hal_i2c_ex.c ****   * @attention
  37:Drivers/STM32L0xx_HAL_Driver/Src/stm32l0xx_hal_i2c_ex.c ****   *
  38:Drivers/STM32L0xx_HAL_Driver/Src/stm32l0xx_hal_i2c_ex.c ****   * <h2><center>&copy; Copyright (c) 2016 STMicroelectronics.
  39:Drivers/STM32L0xx_HAL_Driver/Src/stm32l0xx_hal_i2c_ex.c ****   * All rights reserved.</center></h2>
  40:Drivers/STM32L0xx_HAL_Driver/Src/stm32l0xx_hal_i2c_ex.c ****   *
  41:Drivers/STM32L0xx_HAL_Driver/Src/stm32l0xx_hal_i2c_ex.c ****   * This software component is licensed by ST under BSD 3-Clause license,
  42:Drivers/STM32L0xx_HAL_Driver/Src/stm32l0xx_hal_i2c_ex.c ****   * the "License"; You may not use this file except in compliance with the
  43:Drivers/STM32L0xx_HAL_Driver/Src/stm32l0xx_hal_i2c_ex.c ****   * License. You may obtain a copy of the License at:
  44:Drivers/STM32L0xx_HAL_Driver/Src/stm32l0xx_hal_i2c_ex.c ****   *                        opensource.org/licenses/BSD-3-Clause
  45:Drivers/STM32L0xx_HAL_Driver/Src/stm32l0xx_hal_i2c_ex.c ****   *
  46:Drivers/STM32L0xx_HAL_Driver/Src/stm32l0xx_hal_i2c_ex.c ****   ******************************************************************************
  47:Drivers/STM32L0xx_HAL_Driver/Src/stm32l0xx_hal_i2c_ex.c ****   */
  48:Drivers/STM32L0xx_HAL_Driver/Src/stm32l0xx_hal_i2c_ex.c **** 
  49:Drivers/STM32L0xx_HAL_Driver/Src/stm32l0xx_hal_i2c_ex.c **** /* Includes ------------------------------------------------------------------*/
  50:Drivers/STM32L0xx_HAL_Driver/Src/stm32l0xx_hal_i2c_ex.c **** #include "stm32l0xx_hal.h"
  51:Drivers/STM32L0xx_HAL_Driver/Src/stm32l0xx_hal_i2c_ex.c **** 
  52:Drivers/STM32L0xx_HAL_Driver/Src/stm32l0xx_hal_i2c_ex.c **** /** @addtogroup STM32L0xx_HAL_Driver
  53:Drivers/STM32L0xx_HAL_Driver/Src/stm32l0xx_hal_i2c_ex.c ****   * @{
  54:Drivers/STM32L0xx_HAL_Driver/Src/stm32l0xx_hal_i2c_ex.c ****   */
  55:Drivers/STM32L0xx_HAL_Driver/Src/stm32l0xx_hal_i2c_ex.c **** 
  56:Drivers/STM32L0xx_HAL_Driver/Src/stm32l0xx_hal_i2c_ex.c **** /** @defgroup I2CEx I2CEx
  57:Drivers/STM32L0xx_HAL_Driver/Src/stm32l0xx_hal_i2c_ex.c ****   * @brief I2C Extended HAL module driver
  58:Drivers/STM32L0xx_HAL_Driver/Src/stm32l0xx_hal_i2c_ex.c ****   * @{
  59:Drivers/STM32L0xx_HAL_Driver/Src/stm32l0xx_hal_i2c_ex.c ****   */
  60:Drivers/STM32L0xx_HAL_Driver/Src/stm32l0xx_hal_i2c_ex.c **** 
  61:Drivers/STM32L0xx_HAL_Driver/Src/stm32l0xx_hal_i2c_ex.c **** #ifdef HAL_I2C_MODULE_ENABLED
  62:Drivers/STM32L0xx_HAL_Driver/Src/stm32l0xx_hal_i2c_ex.c **** 
  63:Drivers/STM32L0xx_HAL_Driver/Src/stm32l0xx_hal_i2c_ex.c **** /* Private typedef -----------------------------------------------------------*/
  64:Drivers/STM32L0xx_HAL_Driver/Src/stm32l0xx_hal_i2c_ex.c **** /* Private define ------------------------------------------------------------*/
  65:Drivers/STM32L0xx_HAL_Driver/Src/stm32l0xx_hal_i2c_ex.c **** /* Private macro -------------------------------------------------------------*/
  66:Drivers/STM32L0xx_HAL_Driver/Src/stm32l0xx_hal_i2c_ex.c **** /* Private variables ---------------------------------------------------------*/
  67:Drivers/STM32L0xx_HAL_Driver/Src/stm32l0xx_hal_i2c_ex.c **** /* Private function prototypes -----------------------------------------------*/
  68:Drivers/STM32L0xx_HAL_Driver/Src/stm32l0xx_hal_i2c_ex.c **** /* Private functions ---------------------------------------------------------*/
  69:Drivers/STM32L0xx_HAL_Driver/Src/stm32l0xx_hal_i2c_ex.c **** 
  70:Drivers/STM32L0xx_HAL_Driver/Src/stm32l0xx_hal_i2c_ex.c **** /** @defgroup I2CEx_Exported_Functions I2C Extended Exported Functions
  71:Drivers/STM32L0xx_HAL_Driver/Src/stm32l0xx_hal_i2c_ex.c ****   * @{
  72:Drivers/STM32L0xx_HAL_Driver/Src/stm32l0xx_hal_i2c_ex.c ****   */
  73:Drivers/STM32L0xx_HAL_Driver/Src/stm32l0xx_hal_i2c_ex.c **** 
  74:Drivers/STM32L0xx_HAL_Driver/Src/stm32l0xx_hal_i2c_ex.c **** /** @defgroup I2CEx_Exported_Functions_Group1 Extended features functions
  75:Drivers/STM32L0xx_HAL_Driver/Src/stm32l0xx_hal_i2c_ex.c ****   * @brief    Extended features functions
  76:Drivers/STM32L0xx_HAL_Driver/Src/stm32l0xx_hal_i2c_ex.c ****   *
  77:Drivers/STM32L0xx_HAL_Driver/Src/stm32l0xx_hal_i2c_ex.c **** @verbatim
  78:Drivers/STM32L0xx_HAL_Driver/Src/stm32l0xx_hal_i2c_ex.c ****  ===============================================================================
  79:Drivers/STM32L0xx_HAL_Driver/Src/stm32l0xx_hal_i2c_ex.c ****                       ##### Extended features functions #####
  80:Drivers/STM32L0xx_HAL_Driver/Src/stm32l0xx_hal_i2c_ex.c ****  ===============================================================================
  81:Drivers/STM32L0xx_HAL_Driver/Src/stm32l0xx_hal_i2c_ex.c ****     [..] This section provides functions allowing to:
  82:Drivers/STM32L0xx_HAL_Driver/Src/stm32l0xx_hal_i2c_ex.c ****       (+) Configure Noise Filters
  83:Drivers/STM32L0xx_HAL_Driver/Src/stm32l0xx_hal_i2c_ex.c ****       (+) Configure Wake Up Feature
  84:Drivers/STM32L0xx_HAL_Driver/Src/stm32l0xx_hal_i2c_ex.c ****       (+) Configure Fast Mode Plus
  85:Drivers/STM32L0xx_HAL_Driver/Src/stm32l0xx_hal_i2c_ex.c **** 
  86:Drivers/STM32L0xx_HAL_Driver/Src/stm32l0xx_hal_i2c_ex.c **** @endverbatim
  87:Drivers/STM32L0xx_HAL_Driver/Src/stm32l0xx_hal_i2c_ex.c ****   * @{
ARM GAS  /tmp/ccI6OzLC.s 			page 3


  88:Drivers/STM32L0xx_HAL_Driver/Src/stm32l0xx_hal_i2c_ex.c ****   */
  89:Drivers/STM32L0xx_HAL_Driver/Src/stm32l0xx_hal_i2c_ex.c **** 
  90:Drivers/STM32L0xx_HAL_Driver/Src/stm32l0xx_hal_i2c_ex.c **** /**
  91:Drivers/STM32L0xx_HAL_Driver/Src/stm32l0xx_hal_i2c_ex.c ****   * @brief  Configure I2C Analog noise filter.
  92:Drivers/STM32L0xx_HAL_Driver/Src/stm32l0xx_hal_i2c_ex.c ****   * @param  hi2c Pointer to a I2C_HandleTypeDef structure that contains
  93:Drivers/STM32L0xx_HAL_Driver/Src/stm32l0xx_hal_i2c_ex.c ****   *                the configuration information for the specified I2Cx peripheral.
  94:Drivers/STM32L0xx_HAL_Driver/Src/stm32l0xx_hal_i2c_ex.c ****   * @param  AnalogFilter New state of the Analog filter.
  95:Drivers/STM32L0xx_HAL_Driver/Src/stm32l0xx_hal_i2c_ex.c ****   * @retval HAL status
  96:Drivers/STM32L0xx_HAL_Driver/Src/stm32l0xx_hal_i2c_ex.c ****   */
  97:Drivers/STM32L0xx_HAL_Driver/Src/stm32l0xx_hal_i2c_ex.c **** HAL_StatusTypeDef HAL_I2CEx_ConfigAnalogFilter(I2C_HandleTypeDef *hi2c, uint32_t AnalogFilter)
  98:Drivers/STM32L0xx_HAL_Driver/Src/stm32l0xx_hal_i2c_ex.c **** {
  29              		.loc 1 98 1 view -0
  30              		.cfi_startproc
  31              		@ args = 0, pretend = 0, frame = 0
  32              		@ frame_needed = 0, uses_anonymous_args = 0
  99:Drivers/STM32L0xx_HAL_Driver/Src/stm32l0xx_hal_i2c_ex.c ****   /* Check the parameters */
 100:Drivers/STM32L0xx_HAL_Driver/Src/stm32l0xx_hal_i2c_ex.c ****   assert_param(IS_I2C_ALL_INSTANCE(hi2c->Instance));
  33              		.loc 1 100 3 view .LVU1
 101:Drivers/STM32L0xx_HAL_Driver/Src/stm32l0xx_hal_i2c_ex.c ****   assert_param(IS_I2C_ANALOG_FILTER(AnalogFilter));
  34              		.loc 1 101 3 view .LVU2
 102:Drivers/STM32L0xx_HAL_Driver/Src/stm32l0xx_hal_i2c_ex.c **** 
 103:Drivers/STM32L0xx_HAL_Driver/Src/stm32l0xx_hal_i2c_ex.c ****   if (hi2c->State == HAL_I2C_STATE_READY)
  35              		.loc 1 103 3 view .LVU3
  98:Drivers/STM32L0xx_HAL_Driver/Src/stm32l0xx_hal_i2c_ex.c ****   /* Check the parameters */
  36              		.loc 1 98 1 is_stmt 0 view .LVU4
  37 0000 F0B5     		push	{r4, r5, r6, r7, lr}
  38              	.LCFI0:
  39              		.cfi_def_cfa_offset 20
  40              		.cfi_offset 4, -20
  41              		.cfi_offset 5, -16
  42              		.cfi_offset 6, -12
  43              		.cfi_offset 7, -8
  44              		.cfi_offset 14, -4
  45              		.loc 1 103 11 view .LVU5
  46 0002 4125     		movs	r5, #65
  47 0004 435D     		ldrb	r3, [r0, r5]
  98:Drivers/STM32L0xx_HAL_Driver/Src/stm32l0xx_hal_i2c_ex.c ****   /* Check the parameters */
  48              		.loc 1 98 1 view .LVU6
  49 0006 0A00     		movs	r2, r1
  50              		.loc 1 103 11 view .LVU7
  51 0008 DEB2     		uxtb	r6, r3
  52              		.loc 1 103 6 view .LVU8
  53 000a 202B     		cmp	r3, #32
  54 000c 1BD1     		bne	.L4
 104:Drivers/STM32L0xx_HAL_Driver/Src/stm32l0xx_hal_i2c_ex.c ****   {
 105:Drivers/STM32L0xx_HAL_Driver/Src/stm32l0xx_hal_i2c_ex.c ****     /* Process Locked */
 106:Drivers/STM32L0xx_HAL_Driver/Src/stm32l0xx_hal_i2c_ex.c ****     __HAL_LOCK(hi2c);
  55              		.loc 1 106 5 is_stmt 1 view .LVU9
  56              		.loc 1 106 5 view .LVU10
  57 000e 4027     		movs	r7, #64
  58 0010 C35D     		ldrb	r3, [r0, r7]
  59 0012 012B     		cmp	r3, #1
  60 0014 17D0     		beq	.L4
  61              		.loc 1 106 5 discriminator 2 view .LVU11
  62              		.loc 1 106 5 discriminator 2 view .LVU12
 107:Drivers/STM32L0xx_HAL_Driver/Src/stm32l0xx_hal_i2c_ex.c **** 
 108:Drivers/STM32L0xx_HAL_Driver/Src/stm32l0xx_hal_i2c_ex.c ****     hi2c->State = HAL_I2C_STATE_BUSY;
ARM GAS  /tmp/ccI6OzLC.s 			page 4


  63              		.loc 1 108 5 discriminator 2 view .LVU13
 109:Drivers/STM32L0xx_HAL_Driver/Src/stm32l0xx_hal_i2c_ex.c **** 
 110:Drivers/STM32L0xx_HAL_Driver/Src/stm32l0xx_hal_i2c_ex.c ****     /* Disable the selected I2C peripheral */
 111:Drivers/STM32L0xx_HAL_Driver/Src/stm32l0xx_hal_i2c_ex.c ****     __HAL_I2C_DISABLE(hi2c);
  64              		.loc 1 111 5 is_stmt 0 discriminator 2 view .LVU14
  65 0016 0121     		movs	r1, #1
  66              	.LVL1:
 108:Drivers/STM32L0xx_HAL_Driver/Src/stm32l0xx_hal_i2c_ex.c **** 
  67              		.loc 1 108 17 discriminator 2 view .LVU15
  68 0018 2423     		movs	r3, #36
  69              		.loc 1 111 5 discriminator 2 view .LVU16
  70 001a 8C46     		mov	ip, r1
 108:Drivers/STM32L0xx_HAL_Driver/Src/stm32l0xx_hal_i2c_ex.c **** 
  71              		.loc 1 108 17 discriminator 2 view .LVU17
  72 001c 4355     		strb	r3, [r0, r5]
  73              		.loc 1 111 5 is_stmt 1 discriminator 2 view .LVU18
  74 001e 0368     		ldr	r3, [r0]
  75 0020 1C68     		ldr	r4, [r3]
  76 0022 8C43     		bics	r4, r1
  77 0024 1C60     		str	r4, [r3]
 112:Drivers/STM32L0xx_HAL_Driver/Src/stm32l0xx_hal_i2c_ex.c **** 
 113:Drivers/STM32L0xx_HAL_Driver/Src/stm32l0xx_hal_i2c_ex.c ****     /* Reset I2Cx ANOFF bit */
 114:Drivers/STM32L0xx_HAL_Driver/Src/stm32l0xx_hal_i2c_ex.c ****     hi2c->Instance->CR1 &= ~(I2C_CR1_ANFOFF);
  78              		.loc 1 114 5 discriminator 2 view .LVU19
  79              		.loc 1 114 25 is_stmt 0 discriminator 2 view .LVU20
  80 0026 1C68     		ldr	r4, [r3]
  81 0028 0849     		ldr	r1, .L6
  82 002a 0C40     		ands	r4, r1
  83 002c 1C60     		str	r4, [r3]
 115:Drivers/STM32L0xx_HAL_Driver/Src/stm32l0xx_hal_i2c_ex.c **** 
 116:Drivers/STM32L0xx_HAL_Driver/Src/stm32l0xx_hal_i2c_ex.c ****     /* Set analog filter bit*/
 117:Drivers/STM32L0xx_HAL_Driver/Src/stm32l0xx_hal_i2c_ex.c ****     hi2c->Instance->CR1 |= AnalogFilter;
  84              		.loc 1 117 5 is_stmt 1 discriminator 2 view .LVU21
  85              		.loc 1 117 25 is_stmt 0 discriminator 2 view .LVU22
  86 002e 1968     		ldr	r1, [r3]
  87 0030 1143     		orrs	r1, r2
  88 0032 1960     		str	r1, [r3]
 118:Drivers/STM32L0xx_HAL_Driver/Src/stm32l0xx_hal_i2c_ex.c **** 
 119:Drivers/STM32L0xx_HAL_Driver/Src/stm32l0xx_hal_i2c_ex.c ****     __HAL_I2C_ENABLE(hi2c);
  89              		.loc 1 119 5 is_stmt 1 discriminator 2 view .LVU23
  90 0034 6146     		mov	r1, ip
  91 0036 1A68     		ldr	r2, [r3]
  92              	.LVL2:
  93              		.loc 1 119 5 is_stmt 0 discriminator 2 view .LVU24
  94 0038 0A43     		orrs	r2, r1
  95 003a 1A60     		str	r2, [r3]
 120:Drivers/STM32L0xx_HAL_Driver/Src/stm32l0xx_hal_i2c_ex.c **** 
 121:Drivers/STM32L0xx_HAL_Driver/Src/stm32l0xx_hal_i2c_ex.c ****     hi2c->State = HAL_I2C_STATE_READY;
  96              		.loc 1 121 5 is_stmt 1 discriminator 2 view .LVU25
 122:Drivers/STM32L0xx_HAL_Driver/Src/stm32l0xx_hal_i2c_ex.c **** 
 123:Drivers/STM32L0xx_HAL_Driver/Src/stm32l0xx_hal_i2c_ex.c ****     /* Process Unlocked */
 124:Drivers/STM32L0xx_HAL_Driver/Src/stm32l0xx_hal_i2c_ex.c ****     __HAL_UNLOCK(hi2c);
  97              		.loc 1 124 5 is_stmt 0 discriminator 2 view .LVU26
  98 003c 0023     		movs	r3, #0
 121:Drivers/STM32L0xx_HAL_Driver/Src/stm32l0xx_hal_i2c_ex.c **** 
  99              		.loc 1 121 17 discriminator 2 view .LVU27
 100 003e 4655     		strb	r6, [r0, r5]
ARM GAS  /tmp/ccI6OzLC.s 			page 5


 101              		.loc 1 124 5 is_stmt 1 discriminator 2 view .LVU28
 102              		.loc 1 124 5 discriminator 2 view .LVU29
 103 0040 C355     		strb	r3, [r0, r7]
 104              		.loc 1 124 5 discriminator 2 view .LVU30
 125:Drivers/STM32L0xx_HAL_Driver/Src/stm32l0xx_hal_i2c_ex.c **** 
 126:Drivers/STM32L0xx_HAL_Driver/Src/stm32l0xx_hal_i2c_ex.c ****     return HAL_OK;
 105              		.loc 1 126 5 discriminator 2 view .LVU31
 106              		.loc 1 126 12 is_stmt 0 discriminator 2 view .LVU32
 107 0042 0020     		movs	r0, #0
 108              	.LVL3:
 109              	.L2:
 127:Drivers/STM32L0xx_HAL_Driver/Src/stm32l0xx_hal_i2c_ex.c ****   }
 128:Drivers/STM32L0xx_HAL_Driver/Src/stm32l0xx_hal_i2c_ex.c ****   else
 129:Drivers/STM32L0xx_HAL_Driver/Src/stm32l0xx_hal_i2c_ex.c ****   {
 130:Drivers/STM32L0xx_HAL_Driver/Src/stm32l0xx_hal_i2c_ex.c ****     return HAL_BUSY;
 131:Drivers/STM32L0xx_HAL_Driver/Src/stm32l0xx_hal_i2c_ex.c ****   }
 132:Drivers/STM32L0xx_HAL_Driver/Src/stm32l0xx_hal_i2c_ex.c **** }
 110              		.loc 1 132 1 view .LVU33
 111              		@ sp needed
 112 0044 F0BD     		pop	{r4, r5, r6, r7, pc}
 113              	.LVL4:
 114              	.L4:
 130:Drivers/STM32L0xx_HAL_Driver/Src/stm32l0xx_hal_i2c_ex.c ****   }
 115              		.loc 1 130 12 view .LVU34
 116 0046 0220     		movs	r0, #2
 117              	.LVL5:
 130:Drivers/STM32L0xx_HAL_Driver/Src/stm32l0xx_hal_i2c_ex.c ****   }
 118              		.loc 1 130 12 view .LVU35
 119 0048 FCE7     		b	.L2
 120              	.L7:
 121 004a C046     		.align	2
 122              	.L6:
 123 004c FFEFFFFF 		.word	-4097
 124              		.cfi_endproc
 125              	.LFE34:
 127              		.section	.text.HAL_I2CEx_ConfigDigitalFilter,"ax",%progbits
 128              		.align	1
 129              		.p2align 2,,3
 130              		.global	HAL_I2CEx_ConfigDigitalFilter
 131              		.syntax unified
 132              		.code	16
 133              		.thumb_func
 134              		.fpu softvfp
 136              	HAL_I2CEx_ConfigDigitalFilter:
 137              	.LVL6:
 138              	.LFB35:
 133:Drivers/STM32L0xx_HAL_Driver/Src/stm32l0xx_hal_i2c_ex.c **** 
 134:Drivers/STM32L0xx_HAL_Driver/Src/stm32l0xx_hal_i2c_ex.c **** /**
 135:Drivers/STM32L0xx_HAL_Driver/Src/stm32l0xx_hal_i2c_ex.c ****   * @brief  Configure I2C Digital noise filter.
 136:Drivers/STM32L0xx_HAL_Driver/Src/stm32l0xx_hal_i2c_ex.c ****   * @param  hi2c Pointer to a I2C_HandleTypeDef structure that contains
 137:Drivers/STM32L0xx_HAL_Driver/Src/stm32l0xx_hal_i2c_ex.c ****   *                the configuration information for the specified I2Cx peripheral.
 138:Drivers/STM32L0xx_HAL_Driver/Src/stm32l0xx_hal_i2c_ex.c ****   * @param  DigitalFilter Coefficient of digital noise filter between Min_Data=0x00 and Max_Data=0x
 139:Drivers/STM32L0xx_HAL_Driver/Src/stm32l0xx_hal_i2c_ex.c ****   * @retval HAL status
 140:Drivers/STM32L0xx_HAL_Driver/Src/stm32l0xx_hal_i2c_ex.c ****   */
 141:Drivers/STM32L0xx_HAL_Driver/Src/stm32l0xx_hal_i2c_ex.c **** HAL_StatusTypeDef HAL_I2CEx_ConfigDigitalFilter(I2C_HandleTypeDef *hi2c, uint32_t DigitalFilter)
 142:Drivers/STM32L0xx_HAL_Driver/Src/stm32l0xx_hal_i2c_ex.c **** {
 139              		.loc 1 142 1 is_stmt 1 view -0
ARM GAS  /tmp/ccI6OzLC.s 			page 6


 140              		.cfi_startproc
 141              		@ args = 0, pretend = 0, frame = 0
 142              		@ frame_needed = 0, uses_anonymous_args = 0
 143:Drivers/STM32L0xx_HAL_Driver/Src/stm32l0xx_hal_i2c_ex.c ****   uint32_t tmpreg;
 143              		.loc 1 143 3 view .LVU37
 144:Drivers/STM32L0xx_HAL_Driver/Src/stm32l0xx_hal_i2c_ex.c **** 
 145:Drivers/STM32L0xx_HAL_Driver/Src/stm32l0xx_hal_i2c_ex.c ****   /* Check the parameters */
 146:Drivers/STM32L0xx_HAL_Driver/Src/stm32l0xx_hal_i2c_ex.c ****   assert_param(IS_I2C_ALL_INSTANCE(hi2c->Instance));
 144              		.loc 1 146 3 view .LVU38
 147:Drivers/STM32L0xx_HAL_Driver/Src/stm32l0xx_hal_i2c_ex.c ****   assert_param(IS_I2C_DIGITAL_FILTER(DigitalFilter));
 145              		.loc 1 147 3 view .LVU39
 148:Drivers/STM32L0xx_HAL_Driver/Src/stm32l0xx_hal_i2c_ex.c **** 
 149:Drivers/STM32L0xx_HAL_Driver/Src/stm32l0xx_hal_i2c_ex.c ****   if (hi2c->State == HAL_I2C_STATE_READY)
 146              		.loc 1 149 3 view .LVU40
 142:Drivers/STM32L0xx_HAL_Driver/Src/stm32l0xx_hal_i2c_ex.c ****   uint32_t tmpreg;
 147              		.loc 1 142 1 is_stmt 0 view .LVU41
 148 0000 F0B5     		push	{r4, r5, r6, r7, lr}
 149              	.LCFI1:
 150              		.cfi_def_cfa_offset 20
 151              		.cfi_offset 4, -20
 152              		.cfi_offset 5, -16
 153              		.cfi_offset 6, -12
 154              		.cfi_offset 7, -8
 155              		.cfi_offset 14, -4
 156              		.loc 1 149 11 view .LVU42
 157 0002 4125     		movs	r5, #65
 158 0004 435D     		ldrb	r3, [r0, r5]
 159 0006 DEB2     		uxtb	r6, r3
 160              		.loc 1 149 6 view .LVU43
 161 0008 202B     		cmp	r3, #32
 162 000a 1AD1     		bne	.L11
 150:Drivers/STM32L0xx_HAL_Driver/Src/stm32l0xx_hal_i2c_ex.c ****   {
 151:Drivers/STM32L0xx_HAL_Driver/Src/stm32l0xx_hal_i2c_ex.c ****     /* Process Locked */
 152:Drivers/STM32L0xx_HAL_Driver/Src/stm32l0xx_hal_i2c_ex.c ****     __HAL_LOCK(hi2c);
 163              		.loc 1 152 5 is_stmt 1 view .LVU44
 164              		.loc 1 152 5 view .LVU45
 165 000c 4027     		movs	r7, #64
 166 000e C35D     		ldrb	r3, [r0, r7]
 167 0010 012B     		cmp	r3, #1
 168 0012 16D0     		beq	.L11
 169              		.loc 1 152 5 discriminator 2 view .LVU46
 170              		.loc 1 152 5 discriminator 2 view .LVU47
 153:Drivers/STM32L0xx_HAL_Driver/Src/stm32l0xx_hal_i2c_ex.c **** 
 154:Drivers/STM32L0xx_HAL_Driver/Src/stm32l0xx_hal_i2c_ex.c ****     hi2c->State = HAL_I2C_STATE_BUSY;
 171              		.loc 1 154 5 discriminator 2 view .LVU48
 172              		.loc 1 154 17 is_stmt 0 discriminator 2 view .LVU49
 173 0014 2423     		movs	r3, #36
 174 0016 4355     		strb	r3, [r0, r5]
 155:Drivers/STM32L0xx_HAL_Driver/Src/stm32l0xx_hal_i2c_ex.c **** 
 156:Drivers/STM32L0xx_HAL_Driver/Src/stm32l0xx_hal_i2c_ex.c ****     /* Disable the selected I2C peripheral */
 157:Drivers/STM32L0xx_HAL_Driver/Src/stm32l0xx_hal_i2c_ex.c ****     __HAL_I2C_DISABLE(hi2c);
 175              		.loc 1 157 5 is_stmt 1 discriminator 2 view .LVU50
 176 0018 233B     		subs	r3, r3, #35
 177 001a 9C46     		mov	ip, r3
 178 001c 0468     		ldr	r4, [r0]
 158:Drivers/STM32L0xx_HAL_Driver/Src/stm32l0xx_hal_i2c_ex.c **** 
 159:Drivers/STM32L0xx_HAL_Driver/Src/stm32l0xx_hal_i2c_ex.c ****     /* Get the old register value */
ARM GAS  /tmp/ccI6OzLC.s 			page 7


 160:Drivers/STM32L0xx_HAL_Driver/Src/stm32l0xx_hal_i2c_ex.c ****     tmpreg = hi2c->Instance->CR1;
 161:Drivers/STM32L0xx_HAL_Driver/Src/stm32l0xx_hal_i2c_ex.c **** 
 162:Drivers/STM32L0xx_HAL_Driver/Src/stm32l0xx_hal_i2c_ex.c ****     /* Reset I2Cx DNF bits [11:8] */
 163:Drivers/STM32L0xx_HAL_Driver/Src/stm32l0xx_hal_i2c_ex.c ****     tmpreg &= ~(I2C_CR1_DNF);
 164:Drivers/STM32L0xx_HAL_Driver/Src/stm32l0xx_hal_i2c_ex.c **** 
 165:Drivers/STM32L0xx_HAL_Driver/Src/stm32l0xx_hal_i2c_ex.c ****     /* Set I2Cx DNF coefficient */
 166:Drivers/STM32L0xx_HAL_Driver/Src/stm32l0xx_hal_i2c_ex.c ****     tmpreg |= DigitalFilter << 8U;
 179              		.loc 1 166 29 is_stmt 0 discriminator 2 view .LVU51
 180 001e 0902     		lsls	r1, r1, #8
 181              	.LVL7:
 157:Drivers/STM32L0xx_HAL_Driver/Src/stm32l0xx_hal_i2c_ex.c **** 
 182              		.loc 1 157 5 discriminator 2 view .LVU52
 183 0020 2268     		ldr	r2, [r4]
 184 0022 9A43     		bics	r2, r3
 185 0024 2260     		str	r2, [r4]
 160:Drivers/STM32L0xx_HAL_Driver/Src/stm32l0xx_hal_i2c_ex.c **** 
 186              		.loc 1 160 5 is_stmt 1 discriminator 2 view .LVU53
 160:Drivers/STM32L0xx_HAL_Driver/Src/stm32l0xx_hal_i2c_ex.c **** 
 187              		.loc 1 160 12 is_stmt 0 discriminator 2 view .LVU54
 188 0026 2268     		ldr	r2, [r4]
 189              	.LVL8:
 163:Drivers/STM32L0xx_HAL_Driver/Src/stm32l0xx_hal_i2c_ex.c **** 
 190              		.loc 1 163 5 is_stmt 1 discriminator 2 view .LVU55
 163:Drivers/STM32L0xx_HAL_Driver/Src/stm32l0xx_hal_i2c_ex.c **** 
 191              		.loc 1 163 12 is_stmt 0 discriminator 2 view .LVU56
 192 0028 074B     		ldr	r3, .L12
 193 002a 1A40     		ands	r2, r3
 194              	.LVL9:
 195              		.loc 1 166 5 is_stmt 1 discriminator 2 view .LVU57
 196              		.loc 1 166 12 is_stmt 0 discriminator 2 view .LVU58
 197 002c 1143     		orrs	r1, r2
 198              	.LVL10:
 167:Drivers/STM32L0xx_HAL_Driver/Src/stm32l0xx_hal_i2c_ex.c **** 
 168:Drivers/STM32L0xx_HAL_Driver/Src/stm32l0xx_hal_i2c_ex.c ****     /* Store the new register value */
 169:Drivers/STM32L0xx_HAL_Driver/Src/stm32l0xx_hal_i2c_ex.c ****     hi2c->Instance->CR1 = tmpreg;
 199              		.loc 1 169 5 is_stmt 1 discriminator 2 view .LVU59
 170:Drivers/STM32L0xx_HAL_Driver/Src/stm32l0xx_hal_i2c_ex.c **** 
 171:Drivers/STM32L0xx_HAL_Driver/Src/stm32l0xx_hal_i2c_ex.c ****     __HAL_I2C_ENABLE(hi2c);
 200              		.loc 1 171 5 is_stmt 0 discriminator 2 view .LVU60
 201 002e 6246     		mov	r2, ip
 169:Drivers/STM32L0xx_HAL_Driver/Src/stm32l0xx_hal_i2c_ex.c **** 
 202              		.loc 1 169 25 discriminator 2 view .LVU61
 203 0030 2160     		str	r1, [r4]
 204              		.loc 1 171 5 is_stmt 1 discriminator 2 view .LVU62
 205 0032 2368     		ldr	r3, [r4]
 206 0034 1343     		orrs	r3, r2
 207 0036 2360     		str	r3, [r4]
 172:Drivers/STM32L0xx_HAL_Driver/Src/stm32l0xx_hal_i2c_ex.c **** 
 173:Drivers/STM32L0xx_HAL_Driver/Src/stm32l0xx_hal_i2c_ex.c ****     hi2c->State = HAL_I2C_STATE_READY;
 208              		.loc 1 173 5 discriminator 2 view .LVU63
 174:Drivers/STM32L0xx_HAL_Driver/Src/stm32l0xx_hal_i2c_ex.c **** 
 175:Drivers/STM32L0xx_HAL_Driver/Src/stm32l0xx_hal_i2c_ex.c ****     /* Process Unlocked */
 176:Drivers/STM32L0xx_HAL_Driver/Src/stm32l0xx_hal_i2c_ex.c ****     __HAL_UNLOCK(hi2c);
 209              		.loc 1 176 5 is_stmt 0 discriminator 2 view .LVU64
 210 0038 0023     		movs	r3, #0
 173:Drivers/STM32L0xx_HAL_Driver/Src/stm32l0xx_hal_i2c_ex.c **** 
 211              		.loc 1 173 17 discriminator 2 view .LVU65
ARM GAS  /tmp/ccI6OzLC.s 			page 8


 212 003a 4655     		strb	r6, [r0, r5]
 213              		.loc 1 176 5 is_stmt 1 discriminator 2 view .LVU66
 214              		.loc 1 176 5 discriminator 2 view .LVU67
 215 003c C355     		strb	r3, [r0, r7]
 216              		.loc 1 176 5 discriminator 2 view .LVU68
 177:Drivers/STM32L0xx_HAL_Driver/Src/stm32l0xx_hal_i2c_ex.c **** 
 178:Drivers/STM32L0xx_HAL_Driver/Src/stm32l0xx_hal_i2c_ex.c ****     return HAL_OK;
 217              		.loc 1 178 5 discriminator 2 view .LVU69
 218              		.loc 1 178 12 is_stmt 0 discriminator 2 view .LVU70
 219 003e 0020     		movs	r0, #0
 220              	.LVL11:
 221              	.L9:
 179:Drivers/STM32L0xx_HAL_Driver/Src/stm32l0xx_hal_i2c_ex.c ****   }
 180:Drivers/STM32L0xx_HAL_Driver/Src/stm32l0xx_hal_i2c_ex.c ****   else
 181:Drivers/STM32L0xx_HAL_Driver/Src/stm32l0xx_hal_i2c_ex.c ****   {
 182:Drivers/STM32L0xx_HAL_Driver/Src/stm32l0xx_hal_i2c_ex.c ****     return HAL_BUSY;
 183:Drivers/STM32L0xx_HAL_Driver/Src/stm32l0xx_hal_i2c_ex.c ****   }
 184:Drivers/STM32L0xx_HAL_Driver/Src/stm32l0xx_hal_i2c_ex.c **** }
 222              		.loc 1 184 1 view .LVU71
 223              		@ sp needed
 224 0040 F0BD     		pop	{r4, r5, r6, r7, pc}
 225              	.LVL12:
 226              	.L11:
 182:Drivers/STM32L0xx_HAL_Driver/Src/stm32l0xx_hal_i2c_ex.c ****   }
 227              		.loc 1 182 12 view .LVU72
 228 0042 0220     		movs	r0, #2
 229              	.LVL13:
 182:Drivers/STM32L0xx_HAL_Driver/Src/stm32l0xx_hal_i2c_ex.c ****   }
 230              		.loc 1 182 12 view .LVU73
 231 0044 FCE7     		b	.L9
 232              	.L13:
 233 0046 C046     		.align	2
 234              	.L12:
 235 0048 FFF0FFFF 		.word	-3841
 236              		.cfi_endproc
 237              	.LFE35:
 239              		.section	.text.HAL_I2CEx_EnableWakeUp,"ax",%progbits
 240              		.align	1
 241              		.p2align 2,,3
 242              		.global	HAL_I2CEx_EnableWakeUp
 243              		.syntax unified
 244              		.code	16
 245              		.thumb_func
 246              		.fpu softvfp
 248              	HAL_I2CEx_EnableWakeUp:
 249              	.LVL14:
 250              	.LFB36:
 185:Drivers/STM32L0xx_HAL_Driver/Src/stm32l0xx_hal_i2c_ex.c **** 
 186:Drivers/STM32L0xx_HAL_Driver/Src/stm32l0xx_hal_i2c_ex.c **** /**
 187:Drivers/STM32L0xx_HAL_Driver/Src/stm32l0xx_hal_i2c_ex.c ****   * @brief  Enable I2C wakeup from Stop mode(s).
 188:Drivers/STM32L0xx_HAL_Driver/Src/stm32l0xx_hal_i2c_ex.c ****   * @param  hi2c Pointer to a I2C_HandleTypeDef structure that contains
 189:Drivers/STM32L0xx_HAL_Driver/Src/stm32l0xx_hal_i2c_ex.c ****   *                the configuration information for the specified I2Cx peripheral.
 190:Drivers/STM32L0xx_HAL_Driver/Src/stm32l0xx_hal_i2c_ex.c ****   * @retval HAL status
 191:Drivers/STM32L0xx_HAL_Driver/Src/stm32l0xx_hal_i2c_ex.c ****   */
 192:Drivers/STM32L0xx_HAL_Driver/Src/stm32l0xx_hal_i2c_ex.c **** HAL_StatusTypeDef HAL_I2CEx_EnableWakeUp(I2C_HandleTypeDef *hi2c)
 193:Drivers/STM32L0xx_HAL_Driver/Src/stm32l0xx_hal_i2c_ex.c **** {
 251              		.loc 1 193 1 is_stmt 1 view -0
ARM GAS  /tmp/ccI6OzLC.s 			page 9


 252              		.cfi_startproc
 253              		@ args = 0, pretend = 0, frame = 0
 254              		@ frame_needed = 0, uses_anonymous_args = 0
 194:Drivers/STM32L0xx_HAL_Driver/Src/stm32l0xx_hal_i2c_ex.c ****   /* Check the parameters */
 195:Drivers/STM32L0xx_HAL_Driver/Src/stm32l0xx_hal_i2c_ex.c ****   assert_param(IS_I2C_WAKEUP_FROMSTOP_INSTANCE(hi2c->Instance));
 255              		.loc 1 195 3 view .LVU75
 196:Drivers/STM32L0xx_HAL_Driver/Src/stm32l0xx_hal_i2c_ex.c **** 
 197:Drivers/STM32L0xx_HAL_Driver/Src/stm32l0xx_hal_i2c_ex.c ****   if (hi2c->State == HAL_I2C_STATE_READY)
 256              		.loc 1 197 3 view .LVU76
 193:Drivers/STM32L0xx_HAL_Driver/Src/stm32l0xx_hal_i2c_ex.c ****   /* Check the parameters */
 257              		.loc 1 193 1 is_stmt 0 view .LVU77
 258 0000 F0B5     		push	{r4, r5, r6, r7, lr}
 259              	.LCFI2:
 260              		.cfi_def_cfa_offset 20
 261              		.cfi_offset 4, -20
 262              		.cfi_offset 5, -16
 263              		.cfi_offset 6, -12
 264              		.cfi_offset 7, -8
 265              		.cfi_offset 14, -4
 266              		.loc 1 197 11 view .LVU78
 267 0002 4124     		movs	r4, #65
 268 0004 035D     		ldrb	r3, [r0, r4]
 269 0006 DFB2     		uxtb	r7, r3
 270              		.loc 1 197 6 view .LVU79
 271 0008 202B     		cmp	r3, #32
 272 000a 17D1     		bne	.L17
 198:Drivers/STM32L0xx_HAL_Driver/Src/stm32l0xx_hal_i2c_ex.c ****   {
 199:Drivers/STM32L0xx_HAL_Driver/Src/stm32l0xx_hal_i2c_ex.c ****     /* Process Locked */
 200:Drivers/STM32L0xx_HAL_Driver/Src/stm32l0xx_hal_i2c_ex.c ****     __HAL_LOCK(hi2c);
 273              		.loc 1 200 5 is_stmt 1 view .LVU80
 274              		.loc 1 200 5 view .LVU81
 275 000c 4025     		movs	r5, #64
 276 000e 435D     		ldrb	r3, [r0, r5]
 277 0010 012B     		cmp	r3, #1
 278 0012 13D0     		beq	.L17
 279              		.loc 1 200 5 discriminator 2 view .LVU82
 280              		.loc 1 200 5 discriminator 2 view .LVU83
 201:Drivers/STM32L0xx_HAL_Driver/Src/stm32l0xx_hal_i2c_ex.c **** 
 202:Drivers/STM32L0xx_HAL_Driver/Src/stm32l0xx_hal_i2c_ex.c ****     hi2c->State = HAL_I2C_STATE_BUSY;
 281              		.loc 1 202 5 discriminator 2 view .LVU84
 282              		.loc 1 202 17 is_stmt 0 discriminator 2 view .LVU85
 283 0014 2423     		movs	r3, #36
 203:Drivers/STM32L0xx_HAL_Driver/Src/stm32l0xx_hal_i2c_ex.c **** 
 204:Drivers/STM32L0xx_HAL_Driver/Src/stm32l0xx_hal_i2c_ex.c ****     /* Disable the selected I2C peripheral */
 205:Drivers/STM32L0xx_HAL_Driver/Src/stm32l0xx_hal_i2c_ex.c ****     __HAL_I2C_DISABLE(hi2c);
 284              		.loc 1 205 5 discriminator 2 view .LVU86
 285 0016 0126     		movs	r6, #1
 202:Drivers/STM32L0xx_HAL_Driver/Src/stm32l0xx_hal_i2c_ex.c **** 
 286              		.loc 1 202 17 discriminator 2 view .LVU87
 287 0018 0355     		strb	r3, [r0, r4]
 288              		.loc 1 205 5 is_stmt 1 discriminator 2 view .LVU88
 289 001a 0368     		ldr	r3, [r0]
 290 001c 1968     		ldr	r1, [r3]
 291 001e B143     		bics	r1, r6
 292 0020 1960     		str	r1, [r3]
 206:Drivers/STM32L0xx_HAL_Driver/Src/stm32l0xx_hal_i2c_ex.c **** 
 207:Drivers/STM32L0xx_HAL_Driver/Src/stm32l0xx_hal_i2c_ex.c ****     /* Enable wakeup from stop mode */
ARM GAS  /tmp/ccI6OzLC.s 			page 10


 208:Drivers/STM32L0xx_HAL_Driver/Src/stm32l0xx_hal_i2c_ex.c ****     hi2c->Instance->CR1 |= I2C_CR1_WUPEN;
 293              		.loc 1 208 5 discriminator 2 view .LVU89
 294              		.loc 1 208 25 is_stmt 0 discriminator 2 view .LVU90
 295 0022 8021     		movs	r1, #128
 296 0024 1A68     		ldr	r2, [r3]
 297 0026 C902     		lsls	r1, r1, #11
 298 0028 1143     		orrs	r1, r2
 299 002a 1960     		str	r1, [r3]
 209:Drivers/STM32L0xx_HAL_Driver/Src/stm32l0xx_hal_i2c_ex.c **** 
 210:Drivers/STM32L0xx_HAL_Driver/Src/stm32l0xx_hal_i2c_ex.c ****     __HAL_I2C_ENABLE(hi2c);
 300              		.loc 1 210 5 is_stmt 1 discriminator 2 view .LVU91
 301 002c 1A68     		ldr	r2, [r3]
 302 002e 3243     		orrs	r2, r6
 303 0030 1A60     		str	r2, [r3]
 211:Drivers/STM32L0xx_HAL_Driver/Src/stm32l0xx_hal_i2c_ex.c **** 
 212:Drivers/STM32L0xx_HAL_Driver/Src/stm32l0xx_hal_i2c_ex.c ****     hi2c->State = HAL_I2C_STATE_READY;
 304              		.loc 1 212 5 discriminator 2 view .LVU92
 213:Drivers/STM32L0xx_HAL_Driver/Src/stm32l0xx_hal_i2c_ex.c **** 
 214:Drivers/STM32L0xx_HAL_Driver/Src/stm32l0xx_hal_i2c_ex.c ****     /* Process Unlocked */
 215:Drivers/STM32L0xx_HAL_Driver/Src/stm32l0xx_hal_i2c_ex.c ****     __HAL_UNLOCK(hi2c);
 305              		.loc 1 215 5 is_stmt 0 discriminator 2 view .LVU93
 306 0032 0023     		movs	r3, #0
 212:Drivers/STM32L0xx_HAL_Driver/Src/stm32l0xx_hal_i2c_ex.c **** 
 307              		.loc 1 212 17 discriminator 2 view .LVU94
 308 0034 0755     		strb	r7, [r0, r4]
 309              		.loc 1 215 5 is_stmt 1 discriminator 2 view .LVU95
 310              		.loc 1 215 5 discriminator 2 view .LVU96
 311 0036 4355     		strb	r3, [r0, r5]
 312              		.loc 1 215 5 discriminator 2 view .LVU97
 216:Drivers/STM32L0xx_HAL_Driver/Src/stm32l0xx_hal_i2c_ex.c **** 
 217:Drivers/STM32L0xx_HAL_Driver/Src/stm32l0xx_hal_i2c_ex.c ****     return HAL_OK;
 313              		.loc 1 217 5 discriminator 2 view .LVU98
 314              		.loc 1 217 12 is_stmt 0 discriminator 2 view .LVU99
 315 0038 0020     		movs	r0, #0
 316              	.LVL15:
 317              	.L15:
 218:Drivers/STM32L0xx_HAL_Driver/Src/stm32l0xx_hal_i2c_ex.c ****   }
 219:Drivers/STM32L0xx_HAL_Driver/Src/stm32l0xx_hal_i2c_ex.c ****   else
 220:Drivers/STM32L0xx_HAL_Driver/Src/stm32l0xx_hal_i2c_ex.c ****   {
 221:Drivers/STM32L0xx_HAL_Driver/Src/stm32l0xx_hal_i2c_ex.c ****     return HAL_BUSY;
 222:Drivers/STM32L0xx_HAL_Driver/Src/stm32l0xx_hal_i2c_ex.c ****   }
 223:Drivers/STM32L0xx_HAL_Driver/Src/stm32l0xx_hal_i2c_ex.c **** }
 318              		.loc 1 223 1 view .LVU100
 319              		@ sp needed
 320 003a F0BD     		pop	{r4, r5, r6, r7, pc}
 321              	.LVL16:
 322              	.L17:
 221:Drivers/STM32L0xx_HAL_Driver/Src/stm32l0xx_hal_i2c_ex.c ****   }
 323              		.loc 1 221 12 view .LVU101
 324 003c 0220     		movs	r0, #2
 325              	.LVL17:
 221:Drivers/STM32L0xx_HAL_Driver/Src/stm32l0xx_hal_i2c_ex.c ****   }
 326              		.loc 1 221 12 view .LVU102
 327 003e FCE7     		b	.L15
 328              		.cfi_endproc
 329              	.LFE36:
 331              		.section	.text.HAL_I2CEx_DisableWakeUp,"ax",%progbits
ARM GAS  /tmp/ccI6OzLC.s 			page 11


 332              		.align	1
 333              		.p2align 2,,3
 334              		.global	HAL_I2CEx_DisableWakeUp
 335              		.syntax unified
 336              		.code	16
 337              		.thumb_func
 338              		.fpu softvfp
 340              	HAL_I2CEx_DisableWakeUp:
 341              	.LVL18:
 342              	.LFB37:
 224:Drivers/STM32L0xx_HAL_Driver/Src/stm32l0xx_hal_i2c_ex.c **** 
 225:Drivers/STM32L0xx_HAL_Driver/Src/stm32l0xx_hal_i2c_ex.c **** /**
 226:Drivers/STM32L0xx_HAL_Driver/Src/stm32l0xx_hal_i2c_ex.c ****   * @brief  Disable I2C wakeup from Stop mode(s).
 227:Drivers/STM32L0xx_HAL_Driver/Src/stm32l0xx_hal_i2c_ex.c ****   * @param  hi2c Pointer to a I2C_HandleTypeDef structure that contains
 228:Drivers/STM32L0xx_HAL_Driver/Src/stm32l0xx_hal_i2c_ex.c ****   *                the configuration information for the specified I2Cx peripheral.
 229:Drivers/STM32L0xx_HAL_Driver/Src/stm32l0xx_hal_i2c_ex.c ****   * @retval HAL status
 230:Drivers/STM32L0xx_HAL_Driver/Src/stm32l0xx_hal_i2c_ex.c ****   */
 231:Drivers/STM32L0xx_HAL_Driver/Src/stm32l0xx_hal_i2c_ex.c **** HAL_StatusTypeDef HAL_I2CEx_DisableWakeUp(I2C_HandleTypeDef *hi2c)
 232:Drivers/STM32L0xx_HAL_Driver/Src/stm32l0xx_hal_i2c_ex.c **** {
 343              		.loc 1 232 1 is_stmt 1 view -0
 344              		.cfi_startproc
 345              		@ args = 0, pretend = 0, frame = 0
 346              		@ frame_needed = 0, uses_anonymous_args = 0
 233:Drivers/STM32L0xx_HAL_Driver/Src/stm32l0xx_hal_i2c_ex.c ****   /* Check the parameters */
 234:Drivers/STM32L0xx_HAL_Driver/Src/stm32l0xx_hal_i2c_ex.c ****   assert_param(IS_I2C_WAKEUP_FROMSTOP_INSTANCE(hi2c->Instance));
 347              		.loc 1 234 3 view .LVU104
 235:Drivers/STM32L0xx_HAL_Driver/Src/stm32l0xx_hal_i2c_ex.c **** 
 236:Drivers/STM32L0xx_HAL_Driver/Src/stm32l0xx_hal_i2c_ex.c ****   if (hi2c->State == HAL_I2C_STATE_READY)
 348              		.loc 1 236 3 view .LVU105
 232:Drivers/STM32L0xx_HAL_Driver/Src/stm32l0xx_hal_i2c_ex.c ****   /* Check the parameters */
 349              		.loc 1 232 1 is_stmt 0 view .LVU106
 350 0000 F0B5     		push	{r4, r5, r6, r7, lr}
 351              	.LCFI3:
 352              		.cfi_def_cfa_offset 20
 353              		.cfi_offset 4, -20
 354              		.cfi_offset 5, -16
 355              		.cfi_offset 6, -12
 356              		.cfi_offset 7, -8
 357              		.cfi_offset 14, -4
 358              		.loc 1 236 11 view .LVU107
 359 0002 4124     		movs	r4, #65
 360 0004 035D     		ldrb	r3, [r0, r4]
 361 0006 DFB2     		uxtb	r7, r3
 362              		.loc 1 236 6 view .LVU108
 363 0008 202B     		cmp	r3, #32
 364 000a 16D1     		bne	.L21
 237:Drivers/STM32L0xx_HAL_Driver/Src/stm32l0xx_hal_i2c_ex.c ****   {
 238:Drivers/STM32L0xx_HAL_Driver/Src/stm32l0xx_hal_i2c_ex.c ****     /* Process Locked */
 239:Drivers/STM32L0xx_HAL_Driver/Src/stm32l0xx_hal_i2c_ex.c ****     __HAL_LOCK(hi2c);
 365              		.loc 1 239 5 is_stmt 1 view .LVU109
 366              		.loc 1 239 5 view .LVU110
 367 000c 4025     		movs	r5, #64
 368 000e 435D     		ldrb	r3, [r0, r5]
 369 0010 012B     		cmp	r3, #1
 370 0012 12D0     		beq	.L21
 371              		.loc 1 239 5 discriminator 2 view .LVU111
 372              		.loc 1 239 5 discriminator 2 view .LVU112
ARM GAS  /tmp/ccI6OzLC.s 			page 12


 240:Drivers/STM32L0xx_HAL_Driver/Src/stm32l0xx_hal_i2c_ex.c **** 
 241:Drivers/STM32L0xx_HAL_Driver/Src/stm32l0xx_hal_i2c_ex.c ****     hi2c->State = HAL_I2C_STATE_BUSY;
 373              		.loc 1 241 5 discriminator 2 view .LVU113
 374              		.loc 1 241 17 is_stmt 0 discriminator 2 view .LVU114
 375 0014 2423     		movs	r3, #36
 242:Drivers/STM32L0xx_HAL_Driver/Src/stm32l0xx_hal_i2c_ex.c **** 
 243:Drivers/STM32L0xx_HAL_Driver/Src/stm32l0xx_hal_i2c_ex.c ****     /* Disable the selected I2C peripheral */
 244:Drivers/STM32L0xx_HAL_Driver/Src/stm32l0xx_hal_i2c_ex.c ****     __HAL_I2C_DISABLE(hi2c);
 376              		.loc 1 244 5 discriminator 2 view .LVU115
 377 0016 0126     		movs	r6, #1
 241:Drivers/STM32L0xx_HAL_Driver/Src/stm32l0xx_hal_i2c_ex.c **** 
 378              		.loc 1 241 17 discriminator 2 view .LVU116
 379 0018 0355     		strb	r3, [r0, r4]
 380              		.loc 1 244 5 is_stmt 1 discriminator 2 view .LVU117
 381 001a 0368     		ldr	r3, [r0]
 245:Drivers/STM32L0xx_HAL_Driver/Src/stm32l0xx_hal_i2c_ex.c **** 
 246:Drivers/STM32L0xx_HAL_Driver/Src/stm32l0xx_hal_i2c_ex.c ****     /* Enable wakeup from stop mode */
 247:Drivers/STM32L0xx_HAL_Driver/Src/stm32l0xx_hal_i2c_ex.c ****     hi2c->Instance->CR1 &= ~(I2C_CR1_WUPEN);
 382              		.loc 1 247 25 is_stmt 0 discriminator 2 view .LVU118
 383 001c 084A     		ldr	r2, .L22
 244:Drivers/STM32L0xx_HAL_Driver/Src/stm32l0xx_hal_i2c_ex.c **** 
 384              		.loc 1 244 5 discriminator 2 view .LVU119
 385 001e 1968     		ldr	r1, [r3]
 386 0020 B143     		bics	r1, r6
 387 0022 1960     		str	r1, [r3]
 388              		.loc 1 247 5 is_stmt 1 discriminator 2 view .LVU120
 389              		.loc 1 247 25 is_stmt 0 discriminator 2 view .LVU121
 390 0024 1968     		ldr	r1, [r3]
 391 0026 1140     		ands	r1, r2
 392 0028 1960     		str	r1, [r3]
 248:Drivers/STM32L0xx_HAL_Driver/Src/stm32l0xx_hal_i2c_ex.c **** 
 249:Drivers/STM32L0xx_HAL_Driver/Src/stm32l0xx_hal_i2c_ex.c ****     __HAL_I2C_ENABLE(hi2c);
 393              		.loc 1 249 5 is_stmt 1 discriminator 2 view .LVU122
 394 002a 1A68     		ldr	r2, [r3]
 395 002c 3243     		orrs	r2, r6
 396 002e 1A60     		str	r2, [r3]
 250:Drivers/STM32L0xx_HAL_Driver/Src/stm32l0xx_hal_i2c_ex.c **** 
 251:Drivers/STM32L0xx_HAL_Driver/Src/stm32l0xx_hal_i2c_ex.c ****     hi2c->State = HAL_I2C_STATE_READY;
 397              		.loc 1 251 5 discriminator 2 view .LVU123
 252:Drivers/STM32L0xx_HAL_Driver/Src/stm32l0xx_hal_i2c_ex.c **** 
 253:Drivers/STM32L0xx_HAL_Driver/Src/stm32l0xx_hal_i2c_ex.c ****     /* Process Unlocked */
 254:Drivers/STM32L0xx_HAL_Driver/Src/stm32l0xx_hal_i2c_ex.c ****     __HAL_UNLOCK(hi2c);
 398              		.loc 1 254 5 is_stmt 0 discriminator 2 view .LVU124
 399 0030 0023     		movs	r3, #0
 251:Drivers/STM32L0xx_HAL_Driver/Src/stm32l0xx_hal_i2c_ex.c **** 
 400              		.loc 1 251 17 discriminator 2 view .LVU125
 401 0032 0755     		strb	r7, [r0, r4]
 402              		.loc 1 254 5 is_stmt 1 discriminator 2 view .LVU126
 403              		.loc 1 254 5 discriminator 2 view .LVU127
 404 0034 4355     		strb	r3, [r0, r5]
 405              		.loc 1 254 5 discriminator 2 view .LVU128
 255:Drivers/STM32L0xx_HAL_Driver/Src/stm32l0xx_hal_i2c_ex.c **** 
 256:Drivers/STM32L0xx_HAL_Driver/Src/stm32l0xx_hal_i2c_ex.c ****     return HAL_OK;
 406              		.loc 1 256 5 discriminator 2 view .LVU129
 407              		.loc 1 256 12 is_stmt 0 discriminator 2 view .LVU130
 408 0036 0020     		movs	r0, #0
 409              	.LVL19:
ARM GAS  /tmp/ccI6OzLC.s 			page 13


 410              	.L19:
 257:Drivers/STM32L0xx_HAL_Driver/Src/stm32l0xx_hal_i2c_ex.c ****   }
 258:Drivers/STM32L0xx_HAL_Driver/Src/stm32l0xx_hal_i2c_ex.c ****   else
 259:Drivers/STM32L0xx_HAL_Driver/Src/stm32l0xx_hal_i2c_ex.c ****   {
 260:Drivers/STM32L0xx_HAL_Driver/Src/stm32l0xx_hal_i2c_ex.c ****     return HAL_BUSY;
 261:Drivers/STM32L0xx_HAL_Driver/Src/stm32l0xx_hal_i2c_ex.c ****   }
 262:Drivers/STM32L0xx_HAL_Driver/Src/stm32l0xx_hal_i2c_ex.c **** }
 411              		.loc 1 262 1 view .LVU131
 412              		@ sp needed
 413 0038 F0BD     		pop	{r4, r5, r6, r7, pc}
 414              	.LVL20:
 415              	.L21:
 260:Drivers/STM32L0xx_HAL_Driver/Src/stm32l0xx_hal_i2c_ex.c ****   }
 416              		.loc 1 260 12 view .LVU132
 417 003a 0220     		movs	r0, #2
 418              	.LVL21:
 260:Drivers/STM32L0xx_HAL_Driver/Src/stm32l0xx_hal_i2c_ex.c ****   }
 419              		.loc 1 260 12 view .LVU133
 420 003c FCE7     		b	.L19
 421              	.L23:
 422 003e C046     		.align	2
 423              	.L22:
 424 0040 FFFFFBFF 		.word	-262145
 425              		.cfi_endproc
 426              	.LFE37:
 428              		.section	.text.HAL_I2CEx_EnableFastModePlus,"ax",%progbits
 429              		.align	1
 430              		.p2align 2,,3
 431              		.global	HAL_I2CEx_EnableFastModePlus
 432              		.syntax unified
 433              		.code	16
 434              		.thumb_func
 435              		.fpu softvfp
 437              	HAL_I2CEx_EnableFastModePlus:
 438              	.LVL22:
 439              	.LFB38:
 263:Drivers/STM32L0xx_HAL_Driver/Src/stm32l0xx_hal_i2c_ex.c **** 
 264:Drivers/STM32L0xx_HAL_Driver/Src/stm32l0xx_hal_i2c_ex.c **** #if  (defined(SYSCFG_CFGR2_I2C_PB6_FMP) || defined(SYSCFG_CFGR2_I2C_PB7_FMP)) || (defined(SYSCFG_CF
 265:Drivers/STM32L0xx_HAL_Driver/Src/stm32l0xx_hal_i2c_ex.c **** /**
 266:Drivers/STM32L0xx_HAL_Driver/Src/stm32l0xx_hal_i2c_ex.c ****   * @brief Enable the I2C fast mode plus driving capability.
 267:Drivers/STM32L0xx_HAL_Driver/Src/stm32l0xx_hal_i2c_ex.c ****   * @param ConfigFastModePlus Selects the pin.
 268:Drivers/STM32L0xx_HAL_Driver/Src/stm32l0xx_hal_i2c_ex.c ****   *   This parameter can be one of the @ref I2CEx_FastModePlus values
 269:Drivers/STM32L0xx_HAL_Driver/Src/stm32l0xx_hal_i2c_ex.c ****   * @note  For I2C1, fast mode plus driving capability can be enabled on all selected
 270:Drivers/STM32L0xx_HAL_Driver/Src/stm32l0xx_hal_i2c_ex.c ****   *        I2C1 pins using I2C_FASTMODEPLUS_I2C1 parameter or independently
 271:Drivers/STM32L0xx_HAL_Driver/Src/stm32l0xx_hal_i2c_ex.c ****   *        on each one of the following pins PB6, PB7, PB8 and PB9.
 272:Drivers/STM32L0xx_HAL_Driver/Src/stm32l0xx_hal_i2c_ex.c ****   * @note  For remaining I2C1 pins (PA14, PA15...) fast mode plus driving capability
 273:Drivers/STM32L0xx_HAL_Driver/Src/stm32l0xx_hal_i2c_ex.c ****   *        can be enabled only by using I2C_FASTMODEPLUS_I2C1 parameter.
 274:Drivers/STM32L0xx_HAL_Driver/Src/stm32l0xx_hal_i2c_ex.c ****   * @note  For all I2C2 pins fast mode plus driving capability can be enabled
 275:Drivers/STM32L0xx_HAL_Driver/Src/stm32l0xx_hal_i2c_ex.c ****   *        only by using I2C_FASTMODEPLUS_I2C2 parameter.
 276:Drivers/STM32L0xx_HAL_Driver/Src/stm32l0xx_hal_i2c_ex.c ****   * @note  For all I2C3 pins fast mode plus driving capability can be enabled
 277:Drivers/STM32L0xx_HAL_Driver/Src/stm32l0xx_hal_i2c_ex.c ****   *        only by using I2C_FASTMODEPLUS_I2C3 parameter.
 278:Drivers/STM32L0xx_HAL_Driver/Src/stm32l0xx_hal_i2c_ex.c ****   * @retval None
 279:Drivers/STM32L0xx_HAL_Driver/Src/stm32l0xx_hal_i2c_ex.c ****   */
 280:Drivers/STM32L0xx_HAL_Driver/Src/stm32l0xx_hal_i2c_ex.c **** void HAL_I2CEx_EnableFastModePlus(uint32_t ConfigFastModePlus)
 281:Drivers/STM32L0xx_HAL_Driver/Src/stm32l0xx_hal_i2c_ex.c **** {
 440              		.loc 1 281 1 is_stmt 1 view -0
 441              		.cfi_startproc
ARM GAS  /tmp/ccI6OzLC.s 			page 14


 442              		@ args = 0, pretend = 0, frame = 0
 443              		@ frame_needed = 0, uses_anonymous_args = 0
 444              		@ link register save eliminated.
 282:Drivers/STM32L0xx_HAL_Driver/Src/stm32l0xx_hal_i2c_ex.c ****   /* Check the parameter */
 283:Drivers/STM32L0xx_HAL_Driver/Src/stm32l0xx_hal_i2c_ex.c ****   assert_param(IS_I2C_FASTMODEPLUS(ConfigFastModePlus));
 445              		.loc 1 283 3 view .LVU135
 284:Drivers/STM32L0xx_HAL_Driver/Src/stm32l0xx_hal_i2c_ex.c **** 
 285:Drivers/STM32L0xx_HAL_Driver/Src/stm32l0xx_hal_i2c_ex.c ****   /* Enable SYSCFG clock */
 286:Drivers/STM32L0xx_HAL_Driver/Src/stm32l0xx_hal_i2c_ex.c ****   __HAL_RCC_SYSCFG_CLK_ENABLE();
 446              		.loc 1 286 3 view .LVU136
 447 0000 0123     		movs	r3, #1
 448 0002 0449     		ldr	r1, .L25
 287:Drivers/STM32L0xx_HAL_Driver/Src/stm32l0xx_hal_i2c_ex.c **** 
 288:Drivers/STM32L0xx_HAL_Driver/Src/stm32l0xx_hal_i2c_ex.c ****   /* Enable fast mode plus driving capability for selected pin */
 289:Drivers/STM32L0xx_HAL_Driver/Src/stm32l0xx_hal_i2c_ex.c ****   SET_BIT(SYSCFG->CFGR2, (uint32_t)ConfigFastModePlus);
 290:Drivers/STM32L0xx_HAL_Driver/Src/stm32l0xx_hal_i2c_ex.c **** }
 449              		.loc 1 290 1 is_stmt 0 view .LVU137
 450              		@ sp needed
 286:Drivers/STM32L0xx_HAL_Driver/Src/stm32l0xx_hal_i2c_ex.c **** 
 451              		.loc 1 286 3 view .LVU138
 452 0004 4A6B     		ldr	r2, [r1, #52]
 453 0006 1A43     		orrs	r2, r3
 454 0008 4A63     		str	r2, [r1, #52]
 289:Drivers/STM32L0xx_HAL_Driver/Src/stm32l0xx_hal_i2c_ex.c **** }
 455              		.loc 1 289 3 is_stmt 1 view .LVU139
 456 000a 034A     		ldr	r2, .L25+4
 457 000c 5368     		ldr	r3, [r2, #4]
 458 000e 0343     		orrs	r3, r0
 459 0010 5360     		str	r3, [r2, #4]
 460              		.loc 1 290 1 is_stmt 0 view .LVU140
 461 0012 7047     		bx	lr
 462              	.L26:
 463              		.align	2
 464              	.L25:
 465 0014 00100240 		.word	1073876992
 466 0018 00000140 		.word	1073807360
 467              		.cfi_endproc
 468              	.LFE38:
 470              		.section	.text.HAL_I2CEx_DisableFastModePlus,"ax",%progbits
 471              		.align	1
 472              		.p2align 2,,3
 473              		.global	HAL_I2CEx_DisableFastModePlus
 474              		.syntax unified
 475              		.code	16
 476              		.thumb_func
 477              		.fpu softvfp
 479              	HAL_I2CEx_DisableFastModePlus:
 480              	.LVL23:
 481              	.LFB39:
 291:Drivers/STM32L0xx_HAL_Driver/Src/stm32l0xx_hal_i2c_ex.c **** 
 292:Drivers/STM32L0xx_HAL_Driver/Src/stm32l0xx_hal_i2c_ex.c **** /**
 293:Drivers/STM32L0xx_HAL_Driver/Src/stm32l0xx_hal_i2c_ex.c ****   * @brief Disable the I2C fast mode plus driving capability.
 294:Drivers/STM32L0xx_HAL_Driver/Src/stm32l0xx_hal_i2c_ex.c ****   * @param ConfigFastModePlus Selects the pin.
 295:Drivers/STM32L0xx_HAL_Driver/Src/stm32l0xx_hal_i2c_ex.c ****   *   This parameter can be one of the @ref I2CEx_FastModePlus values
 296:Drivers/STM32L0xx_HAL_Driver/Src/stm32l0xx_hal_i2c_ex.c ****   * @note  For I2C1, fast mode plus driving capability can be disabled on all selected
 297:Drivers/STM32L0xx_HAL_Driver/Src/stm32l0xx_hal_i2c_ex.c ****   *        I2C1 pins using I2C_FASTMODEPLUS_I2C1 parameter or independently
 298:Drivers/STM32L0xx_HAL_Driver/Src/stm32l0xx_hal_i2c_ex.c ****   *        on each one of the following pins PB6, PB7, PB8 and PB9.
ARM GAS  /tmp/ccI6OzLC.s 			page 15


 299:Drivers/STM32L0xx_HAL_Driver/Src/stm32l0xx_hal_i2c_ex.c ****   * @note  For remaining I2C1 pins (PA14, PA15...) fast mode plus driving capability
 300:Drivers/STM32L0xx_HAL_Driver/Src/stm32l0xx_hal_i2c_ex.c ****   *        can be disabled only by using I2C_FASTMODEPLUS_I2C1 parameter.
 301:Drivers/STM32L0xx_HAL_Driver/Src/stm32l0xx_hal_i2c_ex.c ****   * @note  For all I2C2 pins fast mode plus driving capability can be disabled
 302:Drivers/STM32L0xx_HAL_Driver/Src/stm32l0xx_hal_i2c_ex.c ****   *        only by using I2C_FASTMODEPLUS_I2C2 parameter.
 303:Drivers/STM32L0xx_HAL_Driver/Src/stm32l0xx_hal_i2c_ex.c ****   * @note  For all I2C3 pins fast mode plus driving capability can be disabled
 304:Drivers/STM32L0xx_HAL_Driver/Src/stm32l0xx_hal_i2c_ex.c ****   *        only by using I2C_FASTMODEPLUS_I2C3 parameter.
 305:Drivers/STM32L0xx_HAL_Driver/Src/stm32l0xx_hal_i2c_ex.c ****   * @retval None
 306:Drivers/STM32L0xx_HAL_Driver/Src/stm32l0xx_hal_i2c_ex.c ****   */
 307:Drivers/STM32L0xx_HAL_Driver/Src/stm32l0xx_hal_i2c_ex.c **** void HAL_I2CEx_DisableFastModePlus(uint32_t ConfigFastModePlus)
 308:Drivers/STM32L0xx_HAL_Driver/Src/stm32l0xx_hal_i2c_ex.c **** {
 482              		.loc 1 308 1 is_stmt 1 view -0
 483              		.cfi_startproc
 484              		@ args = 0, pretend = 0, frame = 0
 485              		@ frame_needed = 0, uses_anonymous_args = 0
 486              		@ link register save eliminated.
 309:Drivers/STM32L0xx_HAL_Driver/Src/stm32l0xx_hal_i2c_ex.c ****   /* Check the parameter */
 310:Drivers/STM32L0xx_HAL_Driver/Src/stm32l0xx_hal_i2c_ex.c ****   assert_param(IS_I2C_FASTMODEPLUS(ConfigFastModePlus));
 487              		.loc 1 310 3 view .LVU142
 311:Drivers/STM32L0xx_HAL_Driver/Src/stm32l0xx_hal_i2c_ex.c **** 
 312:Drivers/STM32L0xx_HAL_Driver/Src/stm32l0xx_hal_i2c_ex.c ****   /* Enable SYSCFG clock */
 313:Drivers/STM32L0xx_HAL_Driver/Src/stm32l0xx_hal_i2c_ex.c ****   __HAL_RCC_SYSCFG_CLK_ENABLE();
 488              		.loc 1 313 3 view .LVU143
 489 0000 0121     		movs	r1, #1
 490 0002 044A     		ldr	r2, .L28
 314:Drivers/STM32L0xx_HAL_Driver/Src/stm32l0xx_hal_i2c_ex.c **** 
 315:Drivers/STM32L0xx_HAL_Driver/Src/stm32l0xx_hal_i2c_ex.c ****   /* Disable fast mode plus driving capability for selected pin */
 316:Drivers/STM32L0xx_HAL_Driver/Src/stm32l0xx_hal_i2c_ex.c ****   CLEAR_BIT(SYSCFG->CFGR2, (uint32_t)ConfigFastModePlus);
 317:Drivers/STM32L0xx_HAL_Driver/Src/stm32l0xx_hal_i2c_ex.c **** }
 491              		.loc 1 317 1 is_stmt 0 view .LVU144
 492              		@ sp needed
 313:Drivers/STM32L0xx_HAL_Driver/Src/stm32l0xx_hal_i2c_ex.c **** 
 493              		.loc 1 313 3 view .LVU145
 494 0004 536B     		ldr	r3, [r2, #52]
 495 0006 0B43     		orrs	r3, r1
 496 0008 5363     		str	r3, [r2, #52]
 316:Drivers/STM32L0xx_HAL_Driver/Src/stm32l0xx_hal_i2c_ex.c **** }
 497              		.loc 1 316 3 is_stmt 1 view .LVU146
 498 000a 034A     		ldr	r2, .L28+4
 499 000c 5368     		ldr	r3, [r2, #4]
 500 000e 8343     		bics	r3, r0
 501 0010 5360     		str	r3, [r2, #4]
 502              		.loc 1 317 1 is_stmt 0 view .LVU147
 503 0012 7047     		bx	lr
 504              	.L29:
 505              		.align	2
 506              	.L28:
 507 0014 00100240 		.word	1073876992
 508 0018 00000140 		.word	1073807360
 509              		.cfi_endproc
 510              	.LFE39:
 512              		.text
 513              	.Letext0:
 514              		.file 2 "/usr/lib/gcc/arm-none-eabi/9.2.1/include/stdint.h"
 515              		.file 3 "Drivers/CMSIS/Device/ST/STM32L0xx/Include/system_stm32l0xx.h"
 516              		.file 4 "Drivers/CMSIS/Device/ST/STM32L0xx/Include/stm32l031xx.h"
 517              		.file 5 "Drivers/STM32L0xx_HAL_Driver/Inc/stm32l0xx_hal_def.h"
 518              		.file 6 "Drivers/STM32L0xx_HAL_Driver/Inc/stm32l0xx_hal_dma.h"
ARM GAS  /tmp/ccI6OzLC.s 			page 16


 519              		.file 7 "Drivers/STM32L0xx_HAL_Driver/Inc/stm32l0xx_hal_i2c.h"
 520              		.file 8 "Drivers/STM32L0xx_HAL_Driver/Inc/stm32l0xx_hal.h"
ARM GAS  /tmp/ccI6OzLC.s 			page 17


DEFINED SYMBOLS
                            *ABS*:0000000000000000 stm32l0xx_hal_i2c_ex.c
     /tmp/ccI6OzLC.s:16     .text.HAL_I2CEx_ConfigAnalogFilter:0000000000000000 $t
     /tmp/ccI6OzLC.s:25     .text.HAL_I2CEx_ConfigAnalogFilter:0000000000000000 HAL_I2CEx_ConfigAnalogFilter
     /tmp/ccI6OzLC.s:123    .text.HAL_I2CEx_ConfigAnalogFilter:000000000000004c $d
     /tmp/ccI6OzLC.s:128    .text.HAL_I2CEx_ConfigDigitalFilter:0000000000000000 $t
     /tmp/ccI6OzLC.s:136    .text.HAL_I2CEx_ConfigDigitalFilter:0000000000000000 HAL_I2CEx_ConfigDigitalFilter
     /tmp/ccI6OzLC.s:235    .text.HAL_I2CEx_ConfigDigitalFilter:0000000000000048 $d
     /tmp/ccI6OzLC.s:240    .text.HAL_I2CEx_EnableWakeUp:0000000000000000 $t
     /tmp/ccI6OzLC.s:248    .text.HAL_I2CEx_EnableWakeUp:0000000000000000 HAL_I2CEx_EnableWakeUp
     /tmp/ccI6OzLC.s:332    .text.HAL_I2CEx_DisableWakeUp:0000000000000000 $t
     /tmp/ccI6OzLC.s:340    .text.HAL_I2CEx_DisableWakeUp:0000000000000000 HAL_I2CEx_DisableWakeUp
     /tmp/ccI6OzLC.s:424    .text.HAL_I2CEx_DisableWakeUp:0000000000000040 $d
     /tmp/ccI6OzLC.s:429    .text.HAL_I2CEx_EnableFastModePlus:0000000000000000 $t
     /tmp/ccI6OzLC.s:437    .text.HAL_I2CEx_EnableFastModePlus:0000000000000000 HAL_I2CEx_EnableFastModePlus
     /tmp/ccI6OzLC.s:465    .text.HAL_I2CEx_EnableFastModePlus:0000000000000014 $d
     /tmp/ccI6OzLC.s:471    .text.HAL_I2CEx_DisableFastModePlus:0000000000000000 $t
     /tmp/ccI6OzLC.s:479    .text.HAL_I2CEx_DisableFastModePlus:0000000000000000 HAL_I2CEx_DisableFastModePlus
     /tmp/ccI6OzLC.s:507    .text.HAL_I2CEx_DisableFastModePlus:0000000000000014 $d

NO UNDEFINED SYMBOLS
