ARM GAS  /tmp/ccWdkjZw.s 			page 1


   1              		.cpu cortex-m0plus
   2              		.eabi_attribute 20, 1
   3              		.eabi_attribute 21, 1
   4              		.eabi_attribute 23, 3
   5              		.eabi_attribute 24, 1
   6              		.eabi_attribute 25, 1
   7              		.eabi_attribute 26, 1
   8              		.eabi_attribute 30, 1
   9              		.eabi_attribute 34, 0
  10              		.eabi_attribute 18, 4
  11              		.file	"stm32l0xx_hal_tim_ex.c"
  12              		.text
  13              	.Ltext0:
  14              		.cfi_sections	.debug_frame
  15              	.Letext0:
  16              		.file 1 "/usr/local/arm-none-eabi/include/machine/_default_types.h"
  17              		.file 2 "/usr/local/arm-none-eabi/include/sys/_stdint.h"
  18              		.file 3 "/home/maxx/STM32Cube/Repository/STM32Cube_FW_L0_V1.11.2/Drivers/CMSIS/Device/ST/STM32L0xx
  19              		.file 4 "/home/maxx/STM32Cube/Repository/STM32Cube_FW_L0_V1.11.2/Drivers/STM32L0xx_HAL_Driver/Inc/
ARM GAS  /tmp/ccWdkjZw.s 			page 2


DEFINED SYMBOLS
                            *ABS*:0000000000000000 stm32l0xx_hal_tim_ex.c

NO UNDEFINED SYMBOLS
