ARM GAS  /tmp/ccBFiaZz.s 			page 1


   1              		.cpu cortex-m0plus
   2              		.eabi_attribute 20, 1
   3              		.eabi_attribute 21, 1
   4              		.eabi_attribute 23, 3
   5              		.eabi_attribute 24, 1
   6              		.eabi_attribute 25, 1
   7              		.eabi_attribute 26, 1
   8              		.eabi_attribute 30, 1
   9              		.eabi_attribute 34, 0
  10              		.eabi_attribute 18, 4
  11              		.file	"gpio.c"
  12              		.text
  13              	.Ltext0:
  14              		.cfi_sections	.debug_frame
  15              		.section	.text.MX_GPIO_Init,"ax",%progbits
  16              		.align	1
  17              		.global	MX_GPIO_Init
  18              		.syntax unified
  19              		.code	16
  20              		.thumb_func
  21              		.fpu softvfp
  23              	MX_GPIO_Init:
  24              	.LFB34:
  25              		.file 1 "Core/Src/gpio.c"
   1:Core/Src/gpio.c **** /**
   2:Core/Src/gpio.c ****   ******************************************************************************
   3:Core/Src/gpio.c ****   * File Name          : gpio.c
   4:Core/Src/gpio.c ****   * Description        : This file provides code for the configuration
   5:Core/Src/gpio.c ****   *                      of all used GPIO pins.
   6:Core/Src/gpio.c ****   ******************************************************************************
   7:Core/Src/gpio.c ****   * @attention
   8:Core/Src/gpio.c ****   *
   9:Core/Src/gpio.c ****   * <h2><center>&copy; Copyright (c) 2020 STMicroelectronics.
  10:Core/Src/gpio.c ****   * All rights reserved.</center></h2>
  11:Core/Src/gpio.c ****   *
  12:Core/Src/gpio.c ****   * This software component is licensed by ST under BSD 3-Clause license,
  13:Core/Src/gpio.c ****   * the "License"; You may not use this file except in compliance with the
  14:Core/Src/gpio.c ****   * License. You may obtain a copy of the License at:
  15:Core/Src/gpio.c ****   *                        opensource.org/licenses/BSD-3-Clause
  16:Core/Src/gpio.c ****   *
  17:Core/Src/gpio.c ****   ******************************************************************************
  18:Core/Src/gpio.c ****   */
  19:Core/Src/gpio.c **** 
  20:Core/Src/gpio.c **** /* Includes ------------------------------------------------------------------*/
  21:Core/Src/gpio.c **** #include "gpio.h"
  22:Core/Src/gpio.c **** /* USER CODE BEGIN 0 */
  23:Core/Src/gpio.c **** 
  24:Core/Src/gpio.c **** /* USER CODE END 0 */
  25:Core/Src/gpio.c **** 
  26:Core/Src/gpio.c **** /*----------------------------------------------------------------------------*/
  27:Core/Src/gpio.c **** /* Configure GPIO                                                             */
  28:Core/Src/gpio.c **** /*----------------------------------------------------------------------------*/
  29:Core/Src/gpio.c **** /* USER CODE BEGIN 1 */
  30:Core/Src/gpio.c **** 
  31:Core/Src/gpio.c **** /* USER CODE END 1 */
  32:Core/Src/gpio.c **** 
  33:Core/Src/gpio.c **** /** Configure pins as 
ARM GAS  /tmp/ccBFiaZz.s 			page 2


  34:Core/Src/gpio.c ****         * Analog 
  35:Core/Src/gpio.c ****         * Input 
  36:Core/Src/gpio.c ****         * Output
  37:Core/Src/gpio.c ****         * EVENT_OUT
  38:Core/Src/gpio.c ****         * EXTI
  39:Core/Src/gpio.c **** */
  40:Core/Src/gpio.c **** void MX_GPIO_Init(void)
  41:Core/Src/gpio.c **** {
  26              		.loc 1 41 0
  27              		.cfi_startproc
  28              		@ args = 0, pretend = 0, frame = 32
  29              		@ frame_needed = 0, uses_anonymous_args = 0
  30 0000 F0B5     		push	{r4, r5, r6, r7, lr}
  31              	.LCFI0:
  32              		.cfi_def_cfa_offset 20
  33              		.cfi_offset 4, -20
  34              		.cfi_offset 5, -16
  35              		.cfi_offset 6, -12
  36              		.cfi_offset 7, -8
  37              		.cfi_offset 14, -4
  38 0002 89B0     		sub	sp, sp, #36
  39              	.LCFI1:
  40              		.cfi_def_cfa_offset 56
  42:Core/Src/gpio.c **** 
  43:Core/Src/gpio.c ****   GPIO_InitTypeDef GPIO_InitStruct = {0};
  41              		.loc 1 43 0
  42 0004 1422     		movs	r2, #20
  43 0006 0021     		movs	r1, #0
  44 0008 03A8     		add	r0, sp, #12
  45 000a FFF7FEFF 		bl	memset
  46              	.LVL0:
  47              	.LBB2:
  44:Core/Src/gpio.c **** 
  45:Core/Src/gpio.c ****   /* GPIO Ports Clock Enable */
  46:Core/Src/gpio.c ****   __HAL_RCC_GPIOC_CLK_ENABLE();
  48              		.loc 1 46 0
  49 000e 294B     		ldr	r3, .L2
  50 0010 D96A     		ldr	r1, [r3, #44]
  51 0012 0422     		movs	r2, #4
  52 0014 1143     		orrs	r1, r2
  53 0016 D962     		str	r1, [r3, #44]
  54 0018 D96A     		ldr	r1, [r3, #44]
  55 001a 0A40     		ands	r2, r1
  56 001c 0092     		str	r2, [sp]
  57 001e 009A     		ldr	r2, [sp]
  58              	.LBE2:
  59              	.LBB3:
  47:Core/Src/gpio.c ****   __HAL_RCC_GPIOA_CLK_ENABLE();
  60              		.loc 1 47 0
  61 0020 DA6A     		ldr	r2, [r3, #44]
  62 0022 0124     		movs	r4, #1
  63 0024 2243     		orrs	r2, r4
  64 0026 DA62     		str	r2, [r3, #44]
  65 0028 DA6A     		ldr	r2, [r3, #44]
  66 002a 2240     		ands	r2, r4
  67 002c 0192     		str	r2, [sp, #4]
  68 002e 019A     		ldr	r2, [sp, #4]
ARM GAS  /tmp/ccBFiaZz.s 			page 3


  69              	.LBE3:
  70              	.LBB4:
  48:Core/Src/gpio.c ****   __HAL_RCC_GPIOB_CLK_ENABLE();
  71              		.loc 1 48 0
  72 0030 DA6A     		ldr	r2, [r3, #44]
  73 0032 0225     		movs	r5, #2
  74 0034 2A43     		orrs	r2, r5
  75 0036 DA62     		str	r2, [r3, #44]
  76 0038 DB6A     		ldr	r3, [r3, #44]
  77 003a 2B40     		ands	r3, r5
  78 003c 0293     		str	r3, [sp, #8]
  79 003e 029B     		ldr	r3, [sp, #8]
  80              	.LBE4:
  49:Core/Src/gpio.c **** 
  50:Core/Src/gpio.c ****   /*Configure GPIO pin Output Level */
  51:Core/Src/gpio.c ****   HAL_GPIO_WritePin(GPIOA, PWR_Pin|CE_Pin|TXE_Pin, GPIO_PIN_RESET);
  81              		.loc 1 51 0
  82 0040 A026     		movs	r6, #160
  83 0042 F605     		lsls	r6, r6, #23
  84 0044 0022     		movs	r2, #0
  85 0046 0721     		movs	r1, #7
  86 0048 3000     		movs	r0, r6
  87 004a FFF7FEFF 		bl	HAL_GPIO_WritePin
  88              	.LVL1:
  52:Core/Src/gpio.c ****   HAL_GPIO_WritePin(GPIOA, CS_BME_Pin | CS_NRF_Pin, GPIO_PIN_SET);
  89              		.loc 1 52 0
  90 004e 0122     		movs	r2, #1
  91 0050 1821     		movs	r1, #24
  92 0052 3000     		movs	r0, r6
  93 0054 FFF7FEFF 		bl	HAL_GPIO_WritePin
  94              	.LVL2:
  53:Core/Src/gpio.c **** 
  54:Core/Src/gpio.c ****   /*Configure GPIO pin Output Level */
  55:Core/Src/gpio.c ****   HAL_GPIO_WritePin(LD3_GPIO_Port, LD3_Pin, GPIO_PIN_RESET);
  95              		.loc 1 55 0
  96 0058 0022     		movs	r2, #0
  97 005a 0821     		movs	r1, #8
  98 005c 1648     		ldr	r0, .L2+4
  99 005e FFF7FEFF 		bl	HAL_GPIO_WritePin
 100              	.LVL3:
  56:Core/Src/gpio.c **** 
  57:Core/Src/gpio.c ****   /*Configure GPIO pins : PAPin PAPin PAPin PAPin 
  58:Core/Src/gpio.c ****                            PAPin */
  59:Core/Src/gpio.c ****   GPIO_InitStruct.Pin = CS_BME_Pin | CS_NRF_Pin;
 101              		.loc 1 59 0
 102 0062 1823     		movs	r3, #24
 103 0064 0393     		str	r3, [sp, #12]
  60:Core/Src/gpio.c ****   GPIO_InitStruct.Mode = GPIO_MODE_OUTPUT_PP;
 104              		.loc 1 60 0
 105 0066 0494     		str	r4, [sp, #16]
  61:Core/Src/gpio.c ****   GPIO_InitStruct.Pull = GPIO_PULLUP;
 106              		.loc 1 61 0
 107 0068 0594     		str	r4, [sp, #20]
  62:Core/Src/gpio.c ****   GPIO_InitStruct.Speed = GPIO_SPEED_FREQ_LOW;
 108              		.loc 1 62 0
 109 006a 0027     		movs	r7, #0
 110 006c 0697     		str	r7, [sp, #24]
ARM GAS  /tmp/ccBFiaZz.s 			page 4


  63:Core/Src/gpio.c ****   HAL_GPIO_Init(GPIOA, &GPIO_InitStruct);
 111              		.loc 1 63 0
 112 006e 03A9     		add	r1, sp, #12
 113 0070 3000     		movs	r0, r6
 114 0072 FFF7FEFF 		bl	HAL_GPIO_Init
 115              	.LVL4:
  64:Core/Src/gpio.c **** 
  65:Core/Src/gpio.c ****   GPIO_InitStruct.Pin = PWR_Pin|CE_Pin|TXE_Pin;
 116              		.loc 1 65 0
 117 0076 0723     		movs	r3, #7
 118 0078 0393     		str	r3, [sp, #12]
  66:Core/Src/gpio.c ****   GPIO_InitStruct.Mode = GPIO_MODE_OUTPUT_PP;
 119              		.loc 1 66 0
 120 007a 0494     		str	r4, [sp, #16]
  67:Core/Src/gpio.c ****   GPIO_InitStruct.Pull = GPIO_PULLDOWN;
 121              		.loc 1 67 0
 122 007c 0595     		str	r5, [sp, #20]
  68:Core/Src/gpio.c ****   GPIO_InitStruct.Speed = GPIO_SPEED_FREQ_LOW;
 123              		.loc 1 68 0
 124 007e 0697     		str	r7, [sp, #24]
  69:Core/Src/gpio.c ****   HAL_GPIO_Init(GPIOA, &GPIO_InitStruct);
 125              		.loc 1 69 0
 126 0080 03A9     		add	r1, sp, #12
 127 0082 3000     		movs	r0, r6
 128 0084 FFF7FEFF 		bl	HAL_GPIO_Init
 129              	.LVL5:
  70:Core/Src/gpio.c **** 
  71:Core/Src/gpio.c **** 
  72:Core/Src/gpio.c ****   /*Configure GPIO pin : PtPin */
  73:Core/Src/gpio.c ****   GPIO_InitStruct.Pin = DR_Pin;
 130              		.loc 1 73 0
 131 0088 8023     		movs	r3, #128
 132 008a 5B00     		lsls	r3, r3, #1
 133 008c 0393     		str	r3, [sp, #12]
  74:Core/Src/gpio.c ****   GPIO_InitStruct.Mode = GPIO_MODE_IT_RISING;
 134              		.loc 1 74 0
 135 008e 0B4B     		ldr	r3, .L2+8
 136 0090 0493     		str	r3, [sp, #16]
  75:Core/Src/gpio.c ****   GPIO_InitStruct.Pull = GPIO_PULLDOWN;
 137              		.loc 1 75 0
 138 0092 0595     		str	r5, [sp, #20]
  76:Core/Src/gpio.c ****   HAL_GPIO_Init(DR_GPIO_Port, &GPIO_InitStruct);
 139              		.loc 1 76 0
 140 0094 03A9     		add	r1, sp, #12
 141 0096 3000     		movs	r0, r6
 142 0098 FFF7FEFF 		bl	HAL_GPIO_Init
 143              	.LVL6:
  77:Core/Src/gpio.c **** 
  78:Core/Src/gpio.c ****   /*Configure GPIO pin : PtPin */
  79:Core/Src/gpio.c ****   GPIO_InitStruct.Pin = LD3_Pin;
 144              		.loc 1 79 0
 145 009c 0823     		movs	r3, #8
 146 009e 0393     		str	r3, [sp, #12]
  80:Core/Src/gpio.c ****   GPIO_InitStruct.Mode = GPIO_MODE_OUTPUT_PP;
 147              		.loc 1 80 0
 148 00a0 0494     		str	r4, [sp, #16]
  81:Core/Src/gpio.c ****   GPIO_InitStruct.Pull = GPIO_PULLDOWN;
ARM GAS  /tmp/ccBFiaZz.s 			page 5


 149              		.loc 1 81 0
 150 00a2 0595     		str	r5, [sp, #20]
  82:Core/Src/gpio.c ****   GPIO_InitStruct.Speed = GPIO_SPEED_FREQ_LOW;
 151              		.loc 1 82 0
 152 00a4 0697     		str	r7, [sp, #24]
  83:Core/Src/gpio.c ****   HAL_GPIO_Init(LD3_GPIO_Port, &GPIO_InitStruct);
 153              		.loc 1 83 0
 154 00a6 03A9     		add	r1, sp, #12
 155 00a8 0348     		ldr	r0, .L2+4
 156 00aa FFF7FEFF 		bl	HAL_GPIO_Init
 157              	.LVL7:
  84:Core/Src/gpio.c **** 
  85:Core/Src/gpio.c **** }
 158              		.loc 1 85 0
 159 00ae 09B0     		add	sp, sp, #36
 160              		@ sp needed
 161 00b0 F0BD     		pop	{r4, r5, r6, r7, pc}
 162              	.L3:
 163 00b2 C046     		.align	2
 164              	.L2:
 165 00b4 00100240 		.word	1073876992
 166 00b8 00040050 		.word	1342178304
 167 00bc 00001110 		.word	269549568
 168              		.cfi_endproc
 169              	.LFE34:
 171              		.text
 172              	.Letext0:
 173              		.file 2 "/home/maxx/develop/gcc-arm-none-eabi-7-2018-q2-update/arm-none-eabi/include/machine/_defa
 174              		.file 3 "/home/maxx/develop/gcc-arm-none-eabi-7-2018-q2-update/arm-none-eabi/include/sys/_stdint.h
 175              		.file 4 "/home/maxx/STM32Cube/Repository/STM32Cube_FW_L0_V1.11.2/Drivers/CMSIS/Device/ST/STM32L0xx
 176              		.file 5 "/home/maxx/STM32Cube/Repository/STM32Cube_FW_L0_V1.11.2/Drivers/CMSIS/Device/ST/STM32L0xx
 177              		.file 6 "/home/maxx/STM32Cube/Repository/STM32Cube_FW_L0_V1.11.2/Drivers/STM32L0xx_HAL_Driver/Inc/
 178              		.file 7 "/home/maxx/STM32Cube/Repository/STM32Cube_FW_L0_V1.11.2/Drivers/STM32L0xx_HAL_Driver/Inc/
 179              		.file 8 "<built-in>"
ARM GAS  /tmp/ccBFiaZz.s 			page 6


DEFINED SYMBOLS
                            *ABS*:0000000000000000 gpio.c
     /tmp/ccBFiaZz.s:16     .text.MX_GPIO_Init:0000000000000000 $t
     /tmp/ccBFiaZz.s:23     .text.MX_GPIO_Init:0000000000000000 MX_GPIO_Init
     /tmp/ccBFiaZz.s:165    .text.MX_GPIO_Init:00000000000000b4 $d

UNDEFINED SYMBOLS
memset
HAL_GPIO_WritePin
HAL_GPIO_Init
