ARM GAS  /tmp/cctk6Tfl.s 			page 1


   1              		.cpu cortex-m0plus
   2              		.eabi_attribute 20, 1
   3              		.eabi_attribute 21, 1
   4              		.eabi_attribute 23, 3
   5              		.eabi_attribute 24, 1
   6              		.eabi_attribute 25, 1
   7              		.eabi_attribute 26, 1
   8              		.eabi_attribute 30, 1
   9              		.eabi_attribute 34, 0
  10              		.eabi_attribute 18, 4
  11              		.file	"stm32l0xx_hal_i2c_ex.c"
  12              		.text
  13              	.Ltext0:
  14              		.cfi_sections	.debug_frame
  15              		.section	.text.HAL_I2CEx_ConfigAnalogFilter,"ax",%progbits
  16              		.align	1
  17              		.global	HAL_I2CEx_ConfigAnalogFilter
  18              		.syntax unified
  19              		.code	16
  20              		.thumb_func
  21              		.fpu softvfp
  23              	HAL_I2CEx_ConfigAnalogFilter:
  24              	.LFB34:
  25              		.file 1 "/home/maxx/STM32Cube/Repository/STM32Cube_FW_L0_V1.11.2/Drivers/STM32L0xx_HAL_Driver/Src/
   1:/home/maxx/STM32Cube/Repository/STM32Cube_FW_L0_V1.11.2/Drivers/STM32L0xx_HAL_Driver/Src/stm32l0xx_hal_i2c_ex.c **** /**
   2:/home/maxx/STM32Cube/Repository/STM32Cube_FW_L0_V1.11.2/Drivers/STM32L0xx_HAL_Driver/Src/stm32l0xx_hal_i2c_ex.c ****   ******************************************************************************
   3:/home/maxx/STM32Cube/Repository/STM32Cube_FW_L0_V1.11.2/Drivers/STM32L0xx_HAL_Driver/Src/stm32l0xx_hal_i2c_ex.c ****   * @file    stm32l0xx_hal_i2c_ex.c
   4:/home/maxx/STM32Cube/Repository/STM32Cube_FW_L0_V1.11.2/Drivers/STM32L0xx_HAL_Driver/Src/stm32l0xx_hal_i2c_ex.c ****   * @author  MCD Application Team
   5:/home/maxx/STM32Cube/Repository/STM32Cube_FW_L0_V1.11.2/Drivers/STM32L0xx_HAL_Driver/Src/stm32l0xx_hal_i2c_ex.c ****   * @brief   I2C Extended HAL module driver.
   6:/home/maxx/STM32Cube/Repository/STM32Cube_FW_L0_V1.11.2/Drivers/STM32L0xx_HAL_Driver/Src/stm32l0xx_hal_i2c_ex.c ****   *          This file provides firmware functions to manage the following
   7:/home/maxx/STM32Cube/Repository/STM32Cube_FW_L0_V1.11.2/Drivers/STM32L0xx_HAL_Driver/Src/stm32l0xx_hal_i2c_ex.c ****   *          functionalities of I2C Extended peripheral:
   8:/home/maxx/STM32Cube/Repository/STM32Cube_FW_L0_V1.11.2/Drivers/STM32L0xx_HAL_Driver/Src/stm32l0xx_hal_i2c_ex.c ****   *           + Extended features functions
   9:/home/maxx/STM32Cube/Repository/STM32Cube_FW_L0_V1.11.2/Drivers/STM32L0xx_HAL_Driver/Src/stm32l0xx_hal_i2c_ex.c ****   *
  10:/home/maxx/STM32Cube/Repository/STM32Cube_FW_L0_V1.11.2/Drivers/STM32L0xx_HAL_Driver/Src/stm32l0xx_hal_i2c_ex.c ****   @verbatim
  11:/home/maxx/STM32Cube/Repository/STM32Cube_FW_L0_V1.11.2/Drivers/STM32L0xx_HAL_Driver/Src/stm32l0xx_hal_i2c_ex.c ****   ==============================================================================
  12:/home/maxx/STM32Cube/Repository/STM32Cube_FW_L0_V1.11.2/Drivers/STM32L0xx_HAL_Driver/Src/stm32l0xx_hal_i2c_ex.c ****                ##### I2C peripheral Extended features  #####
  13:/home/maxx/STM32Cube/Repository/STM32Cube_FW_L0_V1.11.2/Drivers/STM32L0xx_HAL_Driver/Src/stm32l0xx_hal_i2c_ex.c ****   ==============================================================================
  14:/home/maxx/STM32Cube/Repository/STM32Cube_FW_L0_V1.11.2/Drivers/STM32L0xx_HAL_Driver/Src/stm32l0xx_hal_i2c_ex.c **** 
  15:/home/maxx/STM32Cube/Repository/STM32Cube_FW_L0_V1.11.2/Drivers/STM32L0xx_HAL_Driver/Src/stm32l0xx_hal_i2c_ex.c ****   [..] Comparing to other previous devices, the I2C interface for STM32L0xx
  16:/home/maxx/STM32Cube/Repository/STM32Cube_FW_L0_V1.11.2/Drivers/STM32L0xx_HAL_Driver/Src/stm32l0xx_hal_i2c_ex.c ****        devices contains the following additional features
  17:/home/maxx/STM32Cube/Repository/STM32Cube_FW_L0_V1.11.2/Drivers/STM32L0xx_HAL_Driver/Src/stm32l0xx_hal_i2c_ex.c **** 
  18:/home/maxx/STM32Cube/Repository/STM32Cube_FW_L0_V1.11.2/Drivers/STM32L0xx_HAL_Driver/Src/stm32l0xx_hal_i2c_ex.c ****        (+) Possibility to disable or enable Analog Noise Filter
  19:/home/maxx/STM32Cube/Repository/STM32Cube_FW_L0_V1.11.2/Drivers/STM32L0xx_HAL_Driver/Src/stm32l0xx_hal_i2c_ex.c ****        (+) Use of a configured Digital Noise Filter
  20:/home/maxx/STM32Cube/Repository/STM32Cube_FW_L0_V1.11.2/Drivers/STM32L0xx_HAL_Driver/Src/stm32l0xx_hal_i2c_ex.c ****        (+) Disable or enable wakeup from Stop mode(s)
  21:/home/maxx/STM32Cube/Repository/STM32Cube_FW_L0_V1.11.2/Drivers/STM32L0xx_HAL_Driver/Src/stm32l0xx_hal_i2c_ex.c ****        (+) Disable or enable Fast Mode Plus
  22:/home/maxx/STM32Cube/Repository/STM32Cube_FW_L0_V1.11.2/Drivers/STM32L0xx_HAL_Driver/Src/stm32l0xx_hal_i2c_ex.c **** 
  23:/home/maxx/STM32Cube/Repository/STM32Cube_FW_L0_V1.11.2/Drivers/STM32L0xx_HAL_Driver/Src/stm32l0xx_hal_i2c_ex.c ****                      ##### How to use this driver #####
  24:/home/maxx/STM32Cube/Repository/STM32Cube_FW_L0_V1.11.2/Drivers/STM32L0xx_HAL_Driver/Src/stm32l0xx_hal_i2c_ex.c ****   ==============================================================================
  25:/home/maxx/STM32Cube/Repository/STM32Cube_FW_L0_V1.11.2/Drivers/STM32L0xx_HAL_Driver/Src/stm32l0xx_hal_i2c_ex.c ****   [..] This driver provides functions to configure Noise Filter and Wake Up Feature
  26:/home/maxx/STM32Cube/Repository/STM32Cube_FW_L0_V1.11.2/Drivers/STM32L0xx_HAL_Driver/Src/stm32l0xx_hal_i2c_ex.c ****     (#) Configure I2C Analog noise filter using the function HAL_I2CEx_ConfigAnalogFilter()
  27:/home/maxx/STM32Cube/Repository/STM32Cube_FW_L0_V1.11.2/Drivers/STM32L0xx_HAL_Driver/Src/stm32l0xx_hal_i2c_ex.c ****     (#) Configure I2C Digital noise filter using the function HAL_I2CEx_ConfigDigitalFilter()
  28:/home/maxx/STM32Cube/Repository/STM32Cube_FW_L0_V1.11.2/Drivers/STM32L0xx_HAL_Driver/Src/stm32l0xx_hal_i2c_ex.c ****     (#) Configure the enable or disable of I2C Wake Up Mode using the functions :
  29:/home/maxx/STM32Cube/Repository/STM32Cube_FW_L0_V1.11.2/Drivers/STM32L0xx_HAL_Driver/Src/stm32l0xx_hal_i2c_ex.c ****           (++) HAL_I2CEx_EnableWakeUp()
  30:/home/maxx/STM32Cube/Repository/STM32Cube_FW_L0_V1.11.2/Drivers/STM32L0xx_HAL_Driver/Src/stm32l0xx_hal_i2c_ex.c ****           (++) HAL_I2CEx_DisableWakeUp()
  31:/home/maxx/STM32Cube/Repository/STM32Cube_FW_L0_V1.11.2/Drivers/STM32L0xx_HAL_Driver/Src/stm32l0xx_hal_i2c_ex.c ****     (#) Configure the enable or disable of fast mode plus driving capability using the functions :
  32:/home/maxx/STM32Cube/Repository/STM32Cube_FW_L0_V1.11.2/Drivers/STM32L0xx_HAL_Driver/Src/stm32l0xx_hal_i2c_ex.c ****           (++) HAL_I2CEx_EnableFastModePlus()
  33:/home/maxx/STM32Cube/Repository/STM32Cube_FW_L0_V1.11.2/Drivers/STM32L0xx_HAL_Driver/Src/stm32l0xx_hal_i2c_ex.c ****           (++) HAL_I2CEx_DisableFastModePlus()
ARM GAS  /tmp/cctk6Tfl.s 			page 2


  34:/home/maxx/STM32Cube/Repository/STM32Cube_FW_L0_V1.11.2/Drivers/STM32L0xx_HAL_Driver/Src/stm32l0xx_hal_i2c_ex.c ****   @endverbatim
  35:/home/maxx/STM32Cube/Repository/STM32Cube_FW_L0_V1.11.2/Drivers/STM32L0xx_HAL_Driver/Src/stm32l0xx_hal_i2c_ex.c ****   ******************************************************************************
  36:/home/maxx/STM32Cube/Repository/STM32Cube_FW_L0_V1.11.2/Drivers/STM32L0xx_HAL_Driver/Src/stm32l0xx_hal_i2c_ex.c ****   * @attention
  37:/home/maxx/STM32Cube/Repository/STM32Cube_FW_L0_V1.11.2/Drivers/STM32L0xx_HAL_Driver/Src/stm32l0xx_hal_i2c_ex.c ****   *
  38:/home/maxx/STM32Cube/Repository/STM32Cube_FW_L0_V1.11.2/Drivers/STM32L0xx_HAL_Driver/Src/stm32l0xx_hal_i2c_ex.c ****   * <h2><center>&copy; Copyright (c) 2016 STMicroelectronics.
  39:/home/maxx/STM32Cube/Repository/STM32Cube_FW_L0_V1.11.2/Drivers/STM32L0xx_HAL_Driver/Src/stm32l0xx_hal_i2c_ex.c ****   * All rights reserved.</center></h2>
  40:/home/maxx/STM32Cube/Repository/STM32Cube_FW_L0_V1.11.2/Drivers/STM32L0xx_HAL_Driver/Src/stm32l0xx_hal_i2c_ex.c ****   *
  41:/home/maxx/STM32Cube/Repository/STM32Cube_FW_L0_V1.11.2/Drivers/STM32L0xx_HAL_Driver/Src/stm32l0xx_hal_i2c_ex.c ****   * This software component is licensed by ST under BSD 3-Clause license,
  42:/home/maxx/STM32Cube/Repository/STM32Cube_FW_L0_V1.11.2/Drivers/STM32L0xx_HAL_Driver/Src/stm32l0xx_hal_i2c_ex.c ****   * the "License"; You may not use this file except in compliance with the
  43:/home/maxx/STM32Cube/Repository/STM32Cube_FW_L0_V1.11.2/Drivers/STM32L0xx_HAL_Driver/Src/stm32l0xx_hal_i2c_ex.c ****   * License. You may obtain a copy of the License at:
  44:/home/maxx/STM32Cube/Repository/STM32Cube_FW_L0_V1.11.2/Drivers/STM32L0xx_HAL_Driver/Src/stm32l0xx_hal_i2c_ex.c ****   *                        opensource.org/licenses/BSD-3-Clause
  45:/home/maxx/STM32Cube/Repository/STM32Cube_FW_L0_V1.11.2/Drivers/STM32L0xx_HAL_Driver/Src/stm32l0xx_hal_i2c_ex.c ****   *
  46:/home/maxx/STM32Cube/Repository/STM32Cube_FW_L0_V1.11.2/Drivers/STM32L0xx_HAL_Driver/Src/stm32l0xx_hal_i2c_ex.c ****   ******************************************************************************
  47:/home/maxx/STM32Cube/Repository/STM32Cube_FW_L0_V1.11.2/Drivers/STM32L0xx_HAL_Driver/Src/stm32l0xx_hal_i2c_ex.c ****   */
  48:/home/maxx/STM32Cube/Repository/STM32Cube_FW_L0_V1.11.2/Drivers/STM32L0xx_HAL_Driver/Src/stm32l0xx_hal_i2c_ex.c **** 
  49:/home/maxx/STM32Cube/Repository/STM32Cube_FW_L0_V1.11.2/Drivers/STM32L0xx_HAL_Driver/Src/stm32l0xx_hal_i2c_ex.c **** /* Includes ------------------------------------------------------------------*/
  50:/home/maxx/STM32Cube/Repository/STM32Cube_FW_L0_V1.11.2/Drivers/STM32L0xx_HAL_Driver/Src/stm32l0xx_hal_i2c_ex.c **** #include "stm32l0xx_hal.h"
  51:/home/maxx/STM32Cube/Repository/STM32Cube_FW_L0_V1.11.2/Drivers/STM32L0xx_HAL_Driver/Src/stm32l0xx_hal_i2c_ex.c **** 
  52:/home/maxx/STM32Cube/Repository/STM32Cube_FW_L0_V1.11.2/Drivers/STM32L0xx_HAL_Driver/Src/stm32l0xx_hal_i2c_ex.c **** /** @addtogroup STM32L0xx_HAL_Driver
  53:/home/maxx/STM32Cube/Repository/STM32Cube_FW_L0_V1.11.2/Drivers/STM32L0xx_HAL_Driver/Src/stm32l0xx_hal_i2c_ex.c ****   * @{
  54:/home/maxx/STM32Cube/Repository/STM32Cube_FW_L0_V1.11.2/Drivers/STM32L0xx_HAL_Driver/Src/stm32l0xx_hal_i2c_ex.c ****   */
  55:/home/maxx/STM32Cube/Repository/STM32Cube_FW_L0_V1.11.2/Drivers/STM32L0xx_HAL_Driver/Src/stm32l0xx_hal_i2c_ex.c **** 
  56:/home/maxx/STM32Cube/Repository/STM32Cube_FW_L0_V1.11.2/Drivers/STM32L0xx_HAL_Driver/Src/stm32l0xx_hal_i2c_ex.c **** /** @defgroup I2CEx I2CEx
  57:/home/maxx/STM32Cube/Repository/STM32Cube_FW_L0_V1.11.2/Drivers/STM32L0xx_HAL_Driver/Src/stm32l0xx_hal_i2c_ex.c ****   * @brief I2C Extended HAL module driver
  58:/home/maxx/STM32Cube/Repository/STM32Cube_FW_L0_V1.11.2/Drivers/STM32L0xx_HAL_Driver/Src/stm32l0xx_hal_i2c_ex.c ****   * @{
  59:/home/maxx/STM32Cube/Repository/STM32Cube_FW_L0_V1.11.2/Drivers/STM32L0xx_HAL_Driver/Src/stm32l0xx_hal_i2c_ex.c ****   */
  60:/home/maxx/STM32Cube/Repository/STM32Cube_FW_L0_V1.11.2/Drivers/STM32L0xx_HAL_Driver/Src/stm32l0xx_hal_i2c_ex.c **** 
  61:/home/maxx/STM32Cube/Repository/STM32Cube_FW_L0_V1.11.2/Drivers/STM32L0xx_HAL_Driver/Src/stm32l0xx_hal_i2c_ex.c **** #ifdef HAL_I2C_MODULE_ENABLED
  62:/home/maxx/STM32Cube/Repository/STM32Cube_FW_L0_V1.11.2/Drivers/STM32L0xx_HAL_Driver/Src/stm32l0xx_hal_i2c_ex.c **** 
  63:/home/maxx/STM32Cube/Repository/STM32Cube_FW_L0_V1.11.2/Drivers/STM32L0xx_HAL_Driver/Src/stm32l0xx_hal_i2c_ex.c **** /* Private typedef -----------------------------------------------------------*/
  64:/home/maxx/STM32Cube/Repository/STM32Cube_FW_L0_V1.11.2/Drivers/STM32L0xx_HAL_Driver/Src/stm32l0xx_hal_i2c_ex.c **** /* Private define ------------------------------------------------------------*/
  65:/home/maxx/STM32Cube/Repository/STM32Cube_FW_L0_V1.11.2/Drivers/STM32L0xx_HAL_Driver/Src/stm32l0xx_hal_i2c_ex.c **** /* Private macro -------------------------------------------------------------*/
  66:/home/maxx/STM32Cube/Repository/STM32Cube_FW_L0_V1.11.2/Drivers/STM32L0xx_HAL_Driver/Src/stm32l0xx_hal_i2c_ex.c **** /* Private variables ---------------------------------------------------------*/
  67:/home/maxx/STM32Cube/Repository/STM32Cube_FW_L0_V1.11.2/Drivers/STM32L0xx_HAL_Driver/Src/stm32l0xx_hal_i2c_ex.c **** /* Private function prototypes -----------------------------------------------*/
  68:/home/maxx/STM32Cube/Repository/STM32Cube_FW_L0_V1.11.2/Drivers/STM32L0xx_HAL_Driver/Src/stm32l0xx_hal_i2c_ex.c **** /* Private functions ---------------------------------------------------------*/
  69:/home/maxx/STM32Cube/Repository/STM32Cube_FW_L0_V1.11.2/Drivers/STM32L0xx_HAL_Driver/Src/stm32l0xx_hal_i2c_ex.c **** 
  70:/home/maxx/STM32Cube/Repository/STM32Cube_FW_L0_V1.11.2/Drivers/STM32L0xx_HAL_Driver/Src/stm32l0xx_hal_i2c_ex.c **** /** @defgroup I2CEx_Exported_Functions I2C Extended Exported Functions
  71:/home/maxx/STM32Cube/Repository/STM32Cube_FW_L0_V1.11.2/Drivers/STM32L0xx_HAL_Driver/Src/stm32l0xx_hal_i2c_ex.c ****   * @{
  72:/home/maxx/STM32Cube/Repository/STM32Cube_FW_L0_V1.11.2/Drivers/STM32L0xx_HAL_Driver/Src/stm32l0xx_hal_i2c_ex.c ****   */
  73:/home/maxx/STM32Cube/Repository/STM32Cube_FW_L0_V1.11.2/Drivers/STM32L0xx_HAL_Driver/Src/stm32l0xx_hal_i2c_ex.c **** 
  74:/home/maxx/STM32Cube/Repository/STM32Cube_FW_L0_V1.11.2/Drivers/STM32L0xx_HAL_Driver/Src/stm32l0xx_hal_i2c_ex.c **** /** @defgroup I2CEx_Exported_Functions_Group1 Extended features functions
  75:/home/maxx/STM32Cube/Repository/STM32Cube_FW_L0_V1.11.2/Drivers/STM32L0xx_HAL_Driver/Src/stm32l0xx_hal_i2c_ex.c ****   * @brief    Extended features functions
  76:/home/maxx/STM32Cube/Repository/STM32Cube_FW_L0_V1.11.2/Drivers/STM32L0xx_HAL_Driver/Src/stm32l0xx_hal_i2c_ex.c ****  *
  77:/home/maxx/STM32Cube/Repository/STM32Cube_FW_L0_V1.11.2/Drivers/STM32L0xx_HAL_Driver/Src/stm32l0xx_hal_i2c_ex.c **** @verbatim
  78:/home/maxx/STM32Cube/Repository/STM32Cube_FW_L0_V1.11.2/Drivers/STM32L0xx_HAL_Driver/Src/stm32l0xx_hal_i2c_ex.c ****  ===============================================================================
  79:/home/maxx/STM32Cube/Repository/STM32Cube_FW_L0_V1.11.2/Drivers/STM32L0xx_HAL_Driver/Src/stm32l0xx_hal_i2c_ex.c ****                       ##### Extended features functions #####
  80:/home/maxx/STM32Cube/Repository/STM32Cube_FW_L0_V1.11.2/Drivers/STM32L0xx_HAL_Driver/Src/stm32l0xx_hal_i2c_ex.c ****  ===============================================================================
  81:/home/maxx/STM32Cube/Repository/STM32Cube_FW_L0_V1.11.2/Drivers/STM32L0xx_HAL_Driver/Src/stm32l0xx_hal_i2c_ex.c ****     [..] This section provides functions allowing to:
  82:/home/maxx/STM32Cube/Repository/STM32Cube_FW_L0_V1.11.2/Drivers/STM32L0xx_HAL_Driver/Src/stm32l0xx_hal_i2c_ex.c ****       (+) Configure Noise Filters
  83:/home/maxx/STM32Cube/Repository/STM32Cube_FW_L0_V1.11.2/Drivers/STM32L0xx_HAL_Driver/Src/stm32l0xx_hal_i2c_ex.c ****       (+) Configure Wake Up Feature
  84:/home/maxx/STM32Cube/Repository/STM32Cube_FW_L0_V1.11.2/Drivers/STM32L0xx_HAL_Driver/Src/stm32l0xx_hal_i2c_ex.c ****       (+) Configure Fast Mode Plus
  85:/home/maxx/STM32Cube/Repository/STM32Cube_FW_L0_V1.11.2/Drivers/STM32L0xx_HAL_Driver/Src/stm32l0xx_hal_i2c_ex.c **** 
  86:/home/maxx/STM32Cube/Repository/STM32Cube_FW_L0_V1.11.2/Drivers/STM32L0xx_HAL_Driver/Src/stm32l0xx_hal_i2c_ex.c **** @endverbatim
  87:/home/maxx/STM32Cube/Repository/STM32Cube_FW_L0_V1.11.2/Drivers/STM32L0xx_HAL_Driver/Src/stm32l0xx_hal_i2c_ex.c ****   * @{
  88:/home/maxx/STM32Cube/Repository/STM32Cube_FW_L0_V1.11.2/Drivers/STM32L0xx_HAL_Driver/Src/stm32l0xx_hal_i2c_ex.c ****   */
  89:/home/maxx/STM32Cube/Repository/STM32Cube_FW_L0_V1.11.2/Drivers/STM32L0xx_HAL_Driver/Src/stm32l0xx_hal_i2c_ex.c **** 
  90:/home/maxx/STM32Cube/Repository/STM32Cube_FW_L0_V1.11.2/Drivers/STM32L0xx_HAL_Driver/Src/stm32l0xx_hal_i2c_ex.c **** /**
ARM GAS  /tmp/cctk6Tfl.s 			page 3


  91:/home/maxx/STM32Cube/Repository/STM32Cube_FW_L0_V1.11.2/Drivers/STM32L0xx_HAL_Driver/Src/stm32l0xx_hal_i2c_ex.c ****   * @brief  Configure I2C Analog noise filter.
  92:/home/maxx/STM32Cube/Repository/STM32Cube_FW_L0_V1.11.2/Drivers/STM32L0xx_HAL_Driver/Src/stm32l0xx_hal_i2c_ex.c ****   * @param  hi2c Pointer to a I2C_HandleTypeDef structure that contains
  93:/home/maxx/STM32Cube/Repository/STM32Cube_FW_L0_V1.11.2/Drivers/STM32L0xx_HAL_Driver/Src/stm32l0xx_hal_i2c_ex.c ****   *                the configuration information for the specified I2Cx peripheral.
  94:/home/maxx/STM32Cube/Repository/STM32Cube_FW_L0_V1.11.2/Drivers/STM32L0xx_HAL_Driver/Src/stm32l0xx_hal_i2c_ex.c ****   * @param  AnalogFilter New state of the Analog filter.
  95:/home/maxx/STM32Cube/Repository/STM32Cube_FW_L0_V1.11.2/Drivers/STM32L0xx_HAL_Driver/Src/stm32l0xx_hal_i2c_ex.c ****   * @retval HAL status
  96:/home/maxx/STM32Cube/Repository/STM32Cube_FW_L0_V1.11.2/Drivers/STM32L0xx_HAL_Driver/Src/stm32l0xx_hal_i2c_ex.c ****   */
  97:/home/maxx/STM32Cube/Repository/STM32Cube_FW_L0_V1.11.2/Drivers/STM32L0xx_HAL_Driver/Src/stm32l0xx_hal_i2c_ex.c **** HAL_StatusTypeDef HAL_I2CEx_ConfigAnalogFilter(I2C_HandleTypeDef *hi2c, uint32_t AnalogFilter)
  98:/home/maxx/STM32Cube/Repository/STM32Cube_FW_L0_V1.11.2/Drivers/STM32L0xx_HAL_Driver/Src/stm32l0xx_hal_i2c_ex.c **** {
  26              		.loc 1 98 0
  27              		.cfi_startproc
  28              		@ args = 0, pretend = 0, frame = 0
  29              		@ frame_needed = 0, uses_anonymous_args = 0
  30              	.LVL0:
  31 0000 F0B5     		push	{r4, r5, r6, r7, lr}
  32              	.LCFI0:
  33              		.cfi_def_cfa_offset 20
  34              		.cfi_offset 4, -20
  35              		.cfi_offset 5, -16
  36              		.cfi_offset 6, -12
  37              		.cfi_offset 7, -8
  38              		.cfi_offset 14, -4
  99:/home/maxx/STM32Cube/Repository/STM32Cube_FW_L0_V1.11.2/Drivers/STM32L0xx_HAL_Driver/Src/stm32l0xx_hal_i2c_ex.c ****   /* Check the parameters */
 100:/home/maxx/STM32Cube/Repository/STM32Cube_FW_L0_V1.11.2/Drivers/STM32L0xx_HAL_Driver/Src/stm32l0xx_hal_i2c_ex.c ****   assert_param(IS_I2C_ALL_INSTANCE(hi2c->Instance));
 101:/home/maxx/STM32Cube/Repository/STM32Cube_FW_L0_V1.11.2/Drivers/STM32L0xx_HAL_Driver/Src/stm32l0xx_hal_i2c_ex.c ****   assert_param(IS_I2C_ANALOG_FILTER(AnalogFilter));
 102:/home/maxx/STM32Cube/Repository/STM32Cube_FW_L0_V1.11.2/Drivers/STM32L0xx_HAL_Driver/Src/stm32l0xx_hal_i2c_ex.c **** 
 103:/home/maxx/STM32Cube/Repository/STM32Cube_FW_L0_V1.11.2/Drivers/STM32L0xx_HAL_Driver/Src/stm32l0xx_hal_i2c_ex.c ****   if (hi2c->State == HAL_I2C_STATE_READY)
  39              		.loc 1 103 0
  40 0002 4123     		movs	r3, #65
  41 0004 C35C     		ldrb	r3, [r0, r3]
  42 0006 202B     		cmp	r3, #32
  43 0008 20D1     		bne	.L3
 104:/home/maxx/STM32Cube/Repository/STM32Cube_FW_L0_V1.11.2/Drivers/STM32L0xx_HAL_Driver/Src/stm32l0xx_hal_i2c_ex.c ****   {
 105:/home/maxx/STM32Cube/Repository/STM32Cube_FW_L0_V1.11.2/Drivers/STM32L0xx_HAL_Driver/Src/stm32l0xx_hal_i2c_ex.c ****     /* Process Locked */
 106:/home/maxx/STM32Cube/Repository/STM32Cube_FW_L0_V1.11.2/Drivers/STM32L0xx_HAL_Driver/Src/stm32l0xx_hal_i2c_ex.c ****     __HAL_LOCK(hi2c);
  44              		.loc 1 106 0
  45 000a 2033     		adds	r3, r3, #32
  46 000c C35C     		ldrb	r3, [r0, r3]
  47 000e 012B     		cmp	r3, #1
  48 0010 1ED0     		beq	.L4
  49              		.loc 1 106 0 is_stmt 0 discriminator 2
  50 0012 4024     		movs	r4, #64
  51 0014 0122     		movs	r2, #1
  52 0016 0255     		strb	r2, [r0, r4]
 107:/home/maxx/STM32Cube/Repository/STM32Cube_FW_L0_V1.11.2/Drivers/STM32L0xx_HAL_Driver/Src/stm32l0xx_hal_i2c_ex.c **** 
 108:/home/maxx/STM32Cube/Repository/STM32Cube_FW_L0_V1.11.2/Drivers/STM32L0xx_HAL_Driver/Src/stm32l0xx_hal_i2c_ex.c ****     hi2c->State = HAL_I2C_STATE_BUSY;
  53              		.loc 1 108 0 is_stmt 1 discriminator 2
  54 0018 4125     		movs	r5, #65
  55 001a 2423     		movs	r3, #36
  56 001c 4355     		strb	r3, [r0, r5]
 109:/home/maxx/STM32Cube/Repository/STM32Cube_FW_L0_V1.11.2/Drivers/STM32L0xx_HAL_Driver/Src/stm32l0xx_hal_i2c_ex.c **** 
 110:/home/maxx/STM32Cube/Repository/STM32Cube_FW_L0_V1.11.2/Drivers/STM32L0xx_HAL_Driver/Src/stm32l0xx_hal_i2c_ex.c ****     /* Disable the selected I2C peripheral */
 111:/home/maxx/STM32Cube/Repository/STM32Cube_FW_L0_V1.11.2/Drivers/STM32L0xx_HAL_Driver/Src/stm32l0xx_hal_i2c_ex.c ****     __HAL_I2C_DISABLE(hi2c);
  57              		.loc 1 111 0 discriminator 2
  58 001e 0668     		ldr	r6, [r0]
  59 0020 3368     		ldr	r3, [r6]
  60 0022 9343     		bics	r3, r2
  61 0024 3360     		str	r3, [r6]
ARM GAS  /tmp/cctk6Tfl.s 			page 4


 112:/home/maxx/STM32Cube/Repository/STM32Cube_FW_L0_V1.11.2/Drivers/STM32L0xx_HAL_Driver/Src/stm32l0xx_hal_i2c_ex.c **** 
 113:/home/maxx/STM32Cube/Repository/STM32Cube_FW_L0_V1.11.2/Drivers/STM32L0xx_HAL_Driver/Src/stm32l0xx_hal_i2c_ex.c ****     /* Reset I2Cx ANOFF bit */
 114:/home/maxx/STM32Cube/Repository/STM32Cube_FW_L0_V1.11.2/Drivers/STM32L0xx_HAL_Driver/Src/stm32l0xx_hal_i2c_ex.c ****     hi2c->Instance->CR1 &= ~(I2C_CR1_ANFOFF);
  62              		.loc 1 114 0 discriminator 2
  63 0026 0668     		ldr	r6, [r0]
  64 0028 3368     		ldr	r3, [r6]
  65 002a 0A4F     		ldr	r7, .L5
  66 002c 3B40     		ands	r3, r7
  67 002e 3360     		str	r3, [r6]
 115:/home/maxx/STM32Cube/Repository/STM32Cube_FW_L0_V1.11.2/Drivers/STM32L0xx_HAL_Driver/Src/stm32l0xx_hal_i2c_ex.c **** 
 116:/home/maxx/STM32Cube/Repository/STM32Cube_FW_L0_V1.11.2/Drivers/STM32L0xx_HAL_Driver/Src/stm32l0xx_hal_i2c_ex.c ****     /* Set analog filter bit*/
 117:/home/maxx/STM32Cube/Repository/STM32Cube_FW_L0_V1.11.2/Drivers/STM32L0xx_HAL_Driver/Src/stm32l0xx_hal_i2c_ex.c ****     hi2c->Instance->CR1 |= AnalogFilter;
  68              		.loc 1 117 0 discriminator 2
  69 0030 0668     		ldr	r6, [r0]
  70 0032 3368     		ldr	r3, [r6]
  71 0034 1943     		orrs	r1, r3
  72              	.LVL1:
  73 0036 3160     		str	r1, [r6]
 118:/home/maxx/STM32Cube/Repository/STM32Cube_FW_L0_V1.11.2/Drivers/STM32L0xx_HAL_Driver/Src/stm32l0xx_hal_i2c_ex.c **** 
 119:/home/maxx/STM32Cube/Repository/STM32Cube_FW_L0_V1.11.2/Drivers/STM32L0xx_HAL_Driver/Src/stm32l0xx_hal_i2c_ex.c ****     __HAL_I2C_ENABLE(hi2c);
  74              		.loc 1 119 0 discriminator 2
  75 0038 0168     		ldr	r1, [r0]
  76 003a 0B68     		ldr	r3, [r1]
  77 003c 1343     		orrs	r3, r2
  78 003e 0B60     		str	r3, [r1]
 120:/home/maxx/STM32Cube/Repository/STM32Cube_FW_L0_V1.11.2/Drivers/STM32L0xx_HAL_Driver/Src/stm32l0xx_hal_i2c_ex.c **** 
 121:/home/maxx/STM32Cube/Repository/STM32Cube_FW_L0_V1.11.2/Drivers/STM32L0xx_HAL_Driver/Src/stm32l0xx_hal_i2c_ex.c ****     hi2c->State = HAL_I2C_STATE_READY;
  79              		.loc 1 121 0 discriminator 2
  80 0040 2023     		movs	r3, #32
  81 0042 4355     		strb	r3, [r0, r5]
 122:/home/maxx/STM32Cube/Repository/STM32Cube_FW_L0_V1.11.2/Drivers/STM32L0xx_HAL_Driver/Src/stm32l0xx_hal_i2c_ex.c **** 
 123:/home/maxx/STM32Cube/Repository/STM32Cube_FW_L0_V1.11.2/Drivers/STM32L0xx_HAL_Driver/Src/stm32l0xx_hal_i2c_ex.c ****     /* Process Unlocked */
 124:/home/maxx/STM32Cube/Repository/STM32Cube_FW_L0_V1.11.2/Drivers/STM32L0xx_HAL_Driver/Src/stm32l0xx_hal_i2c_ex.c ****     __HAL_UNLOCK(hi2c);
  82              		.loc 1 124 0 discriminator 2
  83 0044 0023     		movs	r3, #0
  84 0046 0355     		strb	r3, [r0, r4]
 125:/home/maxx/STM32Cube/Repository/STM32Cube_FW_L0_V1.11.2/Drivers/STM32L0xx_HAL_Driver/Src/stm32l0xx_hal_i2c_ex.c **** 
 126:/home/maxx/STM32Cube/Repository/STM32Cube_FW_L0_V1.11.2/Drivers/STM32L0xx_HAL_Driver/Src/stm32l0xx_hal_i2c_ex.c ****     return HAL_OK;
  85              		.loc 1 126 0 discriminator 2
  86 0048 0020     		movs	r0, #0
  87              	.LVL2:
  88 004a 00E0     		b	.L2
  89              	.LVL3:
  90              	.L3:
 127:/home/maxx/STM32Cube/Repository/STM32Cube_FW_L0_V1.11.2/Drivers/STM32L0xx_HAL_Driver/Src/stm32l0xx_hal_i2c_ex.c ****   }
 128:/home/maxx/STM32Cube/Repository/STM32Cube_FW_L0_V1.11.2/Drivers/STM32L0xx_HAL_Driver/Src/stm32l0xx_hal_i2c_ex.c ****   else
 129:/home/maxx/STM32Cube/Repository/STM32Cube_FW_L0_V1.11.2/Drivers/STM32L0xx_HAL_Driver/Src/stm32l0xx_hal_i2c_ex.c ****   {
 130:/home/maxx/STM32Cube/Repository/STM32Cube_FW_L0_V1.11.2/Drivers/STM32L0xx_HAL_Driver/Src/stm32l0xx_hal_i2c_ex.c ****     return HAL_BUSY;
  91              		.loc 1 130 0
  92 004c 0220     		movs	r0, #2
  93              	.LVL4:
  94              	.L2:
 131:/home/maxx/STM32Cube/Repository/STM32Cube_FW_L0_V1.11.2/Drivers/STM32L0xx_HAL_Driver/Src/stm32l0xx_hal_i2c_ex.c ****   }
 132:/home/maxx/STM32Cube/Repository/STM32Cube_FW_L0_V1.11.2/Drivers/STM32L0xx_HAL_Driver/Src/stm32l0xx_hal_i2c_ex.c **** }
  95              		.loc 1 132 0
  96              		@ sp needed
  97 004e F0BD     		pop	{r4, r5, r6, r7, pc}
ARM GAS  /tmp/cctk6Tfl.s 			page 5


  98              	.LVL5:
  99              	.L4:
 106:/home/maxx/STM32Cube/Repository/STM32Cube_FW_L0_V1.11.2/Drivers/STM32L0xx_HAL_Driver/Src/stm32l0xx_hal_i2c_ex.c **** 
 100              		.loc 1 106 0
 101 0050 0220     		movs	r0, #2
 102              	.LVL6:
 103 0052 FCE7     		b	.L2
 104              	.L6:
 105              		.align	2
 106              	.L5:
 107 0054 FFEFFFFF 		.word	-4097
 108              		.cfi_endproc
 109              	.LFE34:
 111              		.section	.text.HAL_I2CEx_ConfigDigitalFilter,"ax",%progbits
 112              		.align	1
 113              		.global	HAL_I2CEx_ConfigDigitalFilter
 114              		.syntax unified
 115              		.code	16
 116              		.thumb_func
 117              		.fpu softvfp
 119              	HAL_I2CEx_ConfigDigitalFilter:
 120              	.LFB35:
 133:/home/maxx/STM32Cube/Repository/STM32Cube_FW_L0_V1.11.2/Drivers/STM32L0xx_HAL_Driver/Src/stm32l0xx_hal_i2c_ex.c **** 
 134:/home/maxx/STM32Cube/Repository/STM32Cube_FW_L0_V1.11.2/Drivers/STM32L0xx_HAL_Driver/Src/stm32l0xx_hal_i2c_ex.c **** /**
 135:/home/maxx/STM32Cube/Repository/STM32Cube_FW_L0_V1.11.2/Drivers/STM32L0xx_HAL_Driver/Src/stm32l0xx_hal_i2c_ex.c ****   * @brief  Configure I2C Digital noise filter.
 136:/home/maxx/STM32Cube/Repository/STM32Cube_FW_L0_V1.11.2/Drivers/STM32L0xx_HAL_Driver/Src/stm32l0xx_hal_i2c_ex.c ****   * @param  hi2c Pointer to a I2C_HandleTypeDef structure that contains
 137:/home/maxx/STM32Cube/Repository/STM32Cube_FW_L0_V1.11.2/Drivers/STM32L0xx_HAL_Driver/Src/stm32l0xx_hal_i2c_ex.c ****   *                the configuration information for the specified I2Cx peripheral.
 138:/home/maxx/STM32Cube/Repository/STM32Cube_FW_L0_V1.11.2/Drivers/STM32L0xx_HAL_Driver/Src/stm32l0xx_hal_i2c_ex.c ****   * @param  DigitalFilter Coefficient of digital noise filter between Min_Data=0x00 and Max_Data=0x
 139:/home/maxx/STM32Cube/Repository/STM32Cube_FW_L0_V1.11.2/Drivers/STM32L0xx_HAL_Driver/Src/stm32l0xx_hal_i2c_ex.c ****   * @retval HAL status
 140:/home/maxx/STM32Cube/Repository/STM32Cube_FW_L0_V1.11.2/Drivers/STM32L0xx_HAL_Driver/Src/stm32l0xx_hal_i2c_ex.c ****   */
 141:/home/maxx/STM32Cube/Repository/STM32Cube_FW_L0_V1.11.2/Drivers/STM32L0xx_HAL_Driver/Src/stm32l0xx_hal_i2c_ex.c **** HAL_StatusTypeDef HAL_I2CEx_ConfigDigitalFilter(I2C_HandleTypeDef *hi2c, uint32_t DigitalFilter)
 142:/home/maxx/STM32Cube/Repository/STM32Cube_FW_L0_V1.11.2/Drivers/STM32L0xx_HAL_Driver/Src/stm32l0xx_hal_i2c_ex.c **** {
 121              		.loc 1 142 0
 122              		.cfi_startproc
 123              		@ args = 0, pretend = 0, frame = 0
 124              		@ frame_needed = 0, uses_anonymous_args = 0
 125              	.LVL7:
 126 0000 F0B5     		push	{r4, r5, r6, r7, lr}
 127              	.LCFI1:
 128              		.cfi_def_cfa_offset 20
 129              		.cfi_offset 4, -20
 130              		.cfi_offset 5, -16
 131              		.cfi_offset 6, -12
 132              		.cfi_offset 7, -8
 133              		.cfi_offset 14, -4
 143:/home/maxx/STM32Cube/Repository/STM32Cube_FW_L0_V1.11.2/Drivers/STM32L0xx_HAL_Driver/Src/stm32l0xx_hal_i2c_ex.c ****   uint32_t tmpreg;
 144:/home/maxx/STM32Cube/Repository/STM32Cube_FW_L0_V1.11.2/Drivers/STM32L0xx_HAL_Driver/Src/stm32l0xx_hal_i2c_ex.c **** 
 145:/home/maxx/STM32Cube/Repository/STM32Cube_FW_L0_V1.11.2/Drivers/STM32L0xx_HAL_Driver/Src/stm32l0xx_hal_i2c_ex.c ****   /* Check the parameters */
 146:/home/maxx/STM32Cube/Repository/STM32Cube_FW_L0_V1.11.2/Drivers/STM32L0xx_HAL_Driver/Src/stm32l0xx_hal_i2c_ex.c ****   assert_param(IS_I2C_ALL_INSTANCE(hi2c->Instance));
 147:/home/maxx/STM32Cube/Repository/STM32Cube_FW_L0_V1.11.2/Drivers/STM32L0xx_HAL_Driver/Src/stm32l0xx_hal_i2c_ex.c ****   assert_param(IS_I2C_DIGITAL_FILTER(DigitalFilter));
 148:/home/maxx/STM32Cube/Repository/STM32Cube_FW_L0_V1.11.2/Drivers/STM32L0xx_HAL_Driver/Src/stm32l0xx_hal_i2c_ex.c **** 
 149:/home/maxx/STM32Cube/Repository/STM32Cube_FW_L0_V1.11.2/Drivers/STM32L0xx_HAL_Driver/Src/stm32l0xx_hal_i2c_ex.c ****   if (hi2c->State == HAL_I2C_STATE_READY)
 134              		.loc 1 149 0
 135 0002 4123     		movs	r3, #65
 136 0004 C35C     		ldrb	r3, [r0, r3]
 137 0006 202B     		cmp	r3, #32
 138 0008 1ED1     		bne	.L9
ARM GAS  /tmp/cctk6Tfl.s 			page 6


 150:/home/maxx/STM32Cube/Repository/STM32Cube_FW_L0_V1.11.2/Drivers/STM32L0xx_HAL_Driver/Src/stm32l0xx_hal_i2c_ex.c ****   {
 151:/home/maxx/STM32Cube/Repository/STM32Cube_FW_L0_V1.11.2/Drivers/STM32L0xx_HAL_Driver/Src/stm32l0xx_hal_i2c_ex.c ****     /* Process Locked */
 152:/home/maxx/STM32Cube/Repository/STM32Cube_FW_L0_V1.11.2/Drivers/STM32L0xx_HAL_Driver/Src/stm32l0xx_hal_i2c_ex.c ****     __HAL_LOCK(hi2c);
 139              		.loc 1 152 0
 140 000a 2033     		adds	r3, r3, #32
 141 000c C35C     		ldrb	r3, [r0, r3]
 142 000e 012B     		cmp	r3, #1
 143 0010 1CD0     		beq	.L10
 144              		.loc 1 152 0 is_stmt 0 discriminator 2
 145 0012 4024     		movs	r4, #64
 146 0014 0122     		movs	r2, #1
 147 0016 0255     		strb	r2, [r0, r4]
 153:/home/maxx/STM32Cube/Repository/STM32Cube_FW_L0_V1.11.2/Drivers/STM32L0xx_HAL_Driver/Src/stm32l0xx_hal_i2c_ex.c **** 
 154:/home/maxx/STM32Cube/Repository/STM32Cube_FW_L0_V1.11.2/Drivers/STM32L0xx_HAL_Driver/Src/stm32l0xx_hal_i2c_ex.c ****     hi2c->State = HAL_I2C_STATE_BUSY;
 148              		.loc 1 154 0 is_stmt 1 discriminator 2
 149 0018 4125     		movs	r5, #65
 150 001a 2423     		movs	r3, #36
 151 001c 4355     		strb	r3, [r0, r5]
 155:/home/maxx/STM32Cube/Repository/STM32Cube_FW_L0_V1.11.2/Drivers/STM32L0xx_HAL_Driver/Src/stm32l0xx_hal_i2c_ex.c **** 
 156:/home/maxx/STM32Cube/Repository/STM32Cube_FW_L0_V1.11.2/Drivers/STM32L0xx_HAL_Driver/Src/stm32l0xx_hal_i2c_ex.c ****     /* Disable the selected I2C peripheral */
 157:/home/maxx/STM32Cube/Repository/STM32Cube_FW_L0_V1.11.2/Drivers/STM32L0xx_HAL_Driver/Src/stm32l0xx_hal_i2c_ex.c ****     __HAL_I2C_DISABLE(hi2c);
 152              		.loc 1 157 0 discriminator 2
 153 001e 0668     		ldr	r6, [r0]
 154 0020 3368     		ldr	r3, [r6]
 155 0022 9343     		bics	r3, r2
 156 0024 3360     		str	r3, [r6]
 158:/home/maxx/STM32Cube/Repository/STM32Cube_FW_L0_V1.11.2/Drivers/STM32L0xx_HAL_Driver/Src/stm32l0xx_hal_i2c_ex.c **** 
 159:/home/maxx/STM32Cube/Repository/STM32Cube_FW_L0_V1.11.2/Drivers/STM32L0xx_HAL_Driver/Src/stm32l0xx_hal_i2c_ex.c ****     /* Get the old register value */
 160:/home/maxx/STM32Cube/Repository/STM32Cube_FW_L0_V1.11.2/Drivers/STM32L0xx_HAL_Driver/Src/stm32l0xx_hal_i2c_ex.c ****     tmpreg = hi2c->Instance->CR1;
 157              		.loc 1 160 0 discriminator 2
 158 0026 0668     		ldr	r6, [r0]
 159 0028 3368     		ldr	r3, [r6]
 160              	.LVL8:
 161:/home/maxx/STM32Cube/Repository/STM32Cube_FW_L0_V1.11.2/Drivers/STM32L0xx_HAL_Driver/Src/stm32l0xx_hal_i2c_ex.c **** 
 162:/home/maxx/STM32Cube/Repository/STM32Cube_FW_L0_V1.11.2/Drivers/STM32L0xx_HAL_Driver/Src/stm32l0xx_hal_i2c_ex.c ****     /* Reset I2Cx DNF bits [11:8] */
 163:/home/maxx/STM32Cube/Repository/STM32Cube_FW_L0_V1.11.2/Drivers/STM32L0xx_HAL_Driver/Src/stm32l0xx_hal_i2c_ex.c ****     tmpreg &= ~(I2C_CR1_DNF);
 161              		.loc 1 163 0 discriminator 2
 162 002a 094F     		ldr	r7, .L11
 163 002c 3B40     		ands	r3, r7
 164              	.LVL9:
 164:/home/maxx/STM32Cube/Repository/STM32Cube_FW_L0_V1.11.2/Drivers/STM32L0xx_HAL_Driver/Src/stm32l0xx_hal_i2c_ex.c **** 
 165:/home/maxx/STM32Cube/Repository/STM32Cube_FW_L0_V1.11.2/Drivers/STM32L0xx_HAL_Driver/Src/stm32l0xx_hal_i2c_ex.c ****     /* Set I2Cx DNF coefficient */
 166:/home/maxx/STM32Cube/Repository/STM32Cube_FW_L0_V1.11.2/Drivers/STM32L0xx_HAL_Driver/Src/stm32l0xx_hal_i2c_ex.c ****     tmpreg |= DigitalFilter << 8U;
 165              		.loc 1 166 0 discriminator 2
 166 002e 0902     		lsls	r1, r1, #8
 167              	.LVL10:
 168 0030 1943     		orrs	r1, r3
 169              	.LVL11:
 167:/home/maxx/STM32Cube/Repository/STM32Cube_FW_L0_V1.11.2/Drivers/STM32L0xx_HAL_Driver/Src/stm32l0xx_hal_i2c_ex.c **** 
 168:/home/maxx/STM32Cube/Repository/STM32Cube_FW_L0_V1.11.2/Drivers/STM32L0xx_HAL_Driver/Src/stm32l0xx_hal_i2c_ex.c ****     /* Store the new register value */
 169:/home/maxx/STM32Cube/Repository/STM32Cube_FW_L0_V1.11.2/Drivers/STM32L0xx_HAL_Driver/Src/stm32l0xx_hal_i2c_ex.c ****     hi2c->Instance->CR1 = tmpreg;
 170              		.loc 1 169 0 discriminator 2
 171 0032 3160     		str	r1, [r6]
 170:/home/maxx/STM32Cube/Repository/STM32Cube_FW_L0_V1.11.2/Drivers/STM32L0xx_HAL_Driver/Src/stm32l0xx_hal_i2c_ex.c **** 
 171:/home/maxx/STM32Cube/Repository/STM32Cube_FW_L0_V1.11.2/Drivers/STM32L0xx_HAL_Driver/Src/stm32l0xx_hal_i2c_ex.c ****     __HAL_I2C_ENABLE(hi2c);
 172              		.loc 1 171 0 discriminator 2
 173 0034 0168     		ldr	r1, [r0]
ARM GAS  /tmp/cctk6Tfl.s 			page 7


 174              	.LVL12:
 175 0036 0B68     		ldr	r3, [r1]
 176 0038 1343     		orrs	r3, r2
 177 003a 0B60     		str	r3, [r1]
 178              	.LVL13:
 172:/home/maxx/STM32Cube/Repository/STM32Cube_FW_L0_V1.11.2/Drivers/STM32L0xx_HAL_Driver/Src/stm32l0xx_hal_i2c_ex.c **** 
 173:/home/maxx/STM32Cube/Repository/STM32Cube_FW_L0_V1.11.2/Drivers/STM32L0xx_HAL_Driver/Src/stm32l0xx_hal_i2c_ex.c ****     hi2c->State = HAL_I2C_STATE_READY;
 179              		.loc 1 173 0 discriminator 2
 180 003c 2023     		movs	r3, #32
 181 003e 4355     		strb	r3, [r0, r5]
 174:/home/maxx/STM32Cube/Repository/STM32Cube_FW_L0_V1.11.2/Drivers/STM32L0xx_HAL_Driver/Src/stm32l0xx_hal_i2c_ex.c **** 
 175:/home/maxx/STM32Cube/Repository/STM32Cube_FW_L0_V1.11.2/Drivers/STM32L0xx_HAL_Driver/Src/stm32l0xx_hal_i2c_ex.c ****     /* Process Unlocked */
 176:/home/maxx/STM32Cube/Repository/STM32Cube_FW_L0_V1.11.2/Drivers/STM32L0xx_HAL_Driver/Src/stm32l0xx_hal_i2c_ex.c ****     __HAL_UNLOCK(hi2c);
 182              		.loc 1 176 0 discriminator 2
 183 0040 0023     		movs	r3, #0
 184 0042 0355     		strb	r3, [r0, r4]
 177:/home/maxx/STM32Cube/Repository/STM32Cube_FW_L0_V1.11.2/Drivers/STM32L0xx_HAL_Driver/Src/stm32l0xx_hal_i2c_ex.c **** 
 178:/home/maxx/STM32Cube/Repository/STM32Cube_FW_L0_V1.11.2/Drivers/STM32L0xx_HAL_Driver/Src/stm32l0xx_hal_i2c_ex.c ****     return HAL_OK;
 185              		.loc 1 178 0 discriminator 2
 186 0044 0020     		movs	r0, #0
 187              	.LVL14:
 188 0046 00E0     		b	.L8
 189              	.LVL15:
 190              	.L9:
 179:/home/maxx/STM32Cube/Repository/STM32Cube_FW_L0_V1.11.2/Drivers/STM32L0xx_HAL_Driver/Src/stm32l0xx_hal_i2c_ex.c ****   }
 180:/home/maxx/STM32Cube/Repository/STM32Cube_FW_L0_V1.11.2/Drivers/STM32L0xx_HAL_Driver/Src/stm32l0xx_hal_i2c_ex.c ****   else
 181:/home/maxx/STM32Cube/Repository/STM32Cube_FW_L0_V1.11.2/Drivers/STM32L0xx_HAL_Driver/Src/stm32l0xx_hal_i2c_ex.c ****   {
 182:/home/maxx/STM32Cube/Repository/STM32Cube_FW_L0_V1.11.2/Drivers/STM32L0xx_HAL_Driver/Src/stm32l0xx_hal_i2c_ex.c ****     return HAL_BUSY;
 191              		.loc 1 182 0
 192 0048 0220     		movs	r0, #2
 193              	.LVL16:
 194              	.L8:
 183:/home/maxx/STM32Cube/Repository/STM32Cube_FW_L0_V1.11.2/Drivers/STM32L0xx_HAL_Driver/Src/stm32l0xx_hal_i2c_ex.c ****   }
 184:/home/maxx/STM32Cube/Repository/STM32Cube_FW_L0_V1.11.2/Drivers/STM32L0xx_HAL_Driver/Src/stm32l0xx_hal_i2c_ex.c **** }
 195              		.loc 1 184 0
 196              		@ sp needed
 197 004a F0BD     		pop	{r4, r5, r6, r7, pc}
 198              	.LVL17:
 199              	.L10:
 152:/home/maxx/STM32Cube/Repository/STM32Cube_FW_L0_V1.11.2/Drivers/STM32L0xx_HAL_Driver/Src/stm32l0xx_hal_i2c_ex.c **** 
 200              		.loc 1 152 0
 201 004c 0220     		movs	r0, #2
 202              	.LVL18:
 203 004e FCE7     		b	.L8
 204              	.L12:
 205              		.align	2
 206              	.L11:
 207 0050 FFF0FFFF 		.word	-3841
 208              		.cfi_endproc
 209              	.LFE35:
 211              		.section	.text.HAL_I2CEx_EnableWakeUp,"ax",%progbits
 212              		.align	1
 213              		.global	HAL_I2CEx_EnableWakeUp
 214              		.syntax unified
 215              		.code	16
 216              		.thumb_func
 217              		.fpu softvfp
ARM GAS  /tmp/cctk6Tfl.s 			page 8


 219              	HAL_I2CEx_EnableWakeUp:
 220              	.LFB36:
 185:/home/maxx/STM32Cube/Repository/STM32Cube_FW_L0_V1.11.2/Drivers/STM32L0xx_HAL_Driver/Src/stm32l0xx_hal_i2c_ex.c **** 
 186:/home/maxx/STM32Cube/Repository/STM32Cube_FW_L0_V1.11.2/Drivers/STM32L0xx_HAL_Driver/Src/stm32l0xx_hal_i2c_ex.c **** /**
 187:/home/maxx/STM32Cube/Repository/STM32Cube_FW_L0_V1.11.2/Drivers/STM32L0xx_HAL_Driver/Src/stm32l0xx_hal_i2c_ex.c ****   * @brief  Enable I2C wakeup from Stop mode(s).
 188:/home/maxx/STM32Cube/Repository/STM32Cube_FW_L0_V1.11.2/Drivers/STM32L0xx_HAL_Driver/Src/stm32l0xx_hal_i2c_ex.c ****   * @param  hi2c Pointer to a I2C_HandleTypeDef structure that contains
 189:/home/maxx/STM32Cube/Repository/STM32Cube_FW_L0_V1.11.2/Drivers/STM32L0xx_HAL_Driver/Src/stm32l0xx_hal_i2c_ex.c ****   *                the configuration information for the specified I2Cx peripheral.
 190:/home/maxx/STM32Cube/Repository/STM32Cube_FW_L0_V1.11.2/Drivers/STM32L0xx_HAL_Driver/Src/stm32l0xx_hal_i2c_ex.c ****   * @retval HAL status
 191:/home/maxx/STM32Cube/Repository/STM32Cube_FW_L0_V1.11.2/Drivers/STM32L0xx_HAL_Driver/Src/stm32l0xx_hal_i2c_ex.c ****   */
 192:/home/maxx/STM32Cube/Repository/STM32Cube_FW_L0_V1.11.2/Drivers/STM32L0xx_HAL_Driver/Src/stm32l0xx_hal_i2c_ex.c **** HAL_StatusTypeDef HAL_I2CEx_EnableWakeUp(I2C_HandleTypeDef *hi2c)
 193:/home/maxx/STM32Cube/Repository/STM32Cube_FW_L0_V1.11.2/Drivers/STM32L0xx_HAL_Driver/Src/stm32l0xx_hal_i2c_ex.c **** {
 221              		.loc 1 193 0
 222              		.cfi_startproc
 223              		@ args = 0, pretend = 0, frame = 0
 224              		@ frame_needed = 0, uses_anonymous_args = 0
 225              	.LVL19:
 226 0000 70B5     		push	{r4, r5, r6, lr}
 227              	.LCFI2:
 228              		.cfi_def_cfa_offset 16
 229              		.cfi_offset 4, -16
 230              		.cfi_offset 5, -12
 231              		.cfi_offset 6, -8
 232              		.cfi_offset 14, -4
 194:/home/maxx/STM32Cube/Repository/STM32Cube_FW_L0_V1.11.2/Drivers/STM32L0xx_HAL_Driver/Src/stm32l0xx_hal_i2c_ex.c ****   /* Check the parameters */
 195:/home/maxx/STM32Cube/Repository/STM32Cube_FW_L0_V1.11.2/Drivers/STM32L0xx_HAL_Driver/Src/stm32l0xx_hal_i2c_ex.c ****   assert_param(IS_I2C_WAKEUP_FROMSTOP_INSTANCE(hi2c->Instance));
 196:/home/maxx/STM32Cube/Repository/STM32Cube_FW_L0_V1.11.2/Drivers/STM32L0xx_HAL_Driver/Src/stm32l0xx_hal_i2c_ex.c **** 
 197:/home/maxx/STM32Cube/Repository/STM32Cube_FW_L0_V1.11.2/Drivers/STM32L0xx_HAL_Driver/Src/stm32l0xx_hal_i2c_ex.c ****   if (hi2c->State == HAL_I2C_STATE_READY)
 233              		.loc 1 197 0
 234 0002 4123     		movs	r3, #65
 235 0004 C35C     		ldrb	r3, [r0, r3]
 236 0006 202B     		cmp	r3, #32
 237 0008 1DD1     		bne	.L15
 198:/home/maxx/STM32Cube/Repository/STM32Cube_FW_L0_V1.11.2/Drivers/STM32L0xx_HAL_Driver/Src/stm32l0xx_hal_i2c_ex.c ****   {
 199:/home/maxx/STM32Cube/Repository/STM32Cube_FW_L0_V1.11.2/Drivers/STM32L0xx_HAL_Driver/Src/stm32l0xx_hal_i2c_ex.c ****     /* Process Locked */
 200:/home/maxx/STM32Cube/Repository/STM32Cube_FW_L0_V1.11.2/Drivers/STM32L0xx_HAL_Driver/Src/stm32l0xx_hal_i2c_ex.c ****     __HAL_LOCK(hi2c);
 238              		.loc 1 200 0
 239 000a 2033     		adds	r3, r3, #32
 240 000c C35C     		ldrb	r3, [r0, r3]
 241 000e 012B     		cmp	r3, #1
 242 0010 1BD0     		beq	.L16
 243              		.loc 1 200 0 is_stmt 0 discriminator 2
 244 0012 4021     		movs	r1, #64
 245 0014 0122     		movs	r2, #1
 246 0016 4254     		strb	r2, [r0, r1]
 201:/home/maxx/STM32Cube/Repository/STM32Cube_FW_L0_V1.11.2/Drivers/STM32L0xx_HAL_Driver/Src/stm32l0xx_hal_i2c_ex.c **** 
 202:/home/maxx/STM32Cube/Repository/STM32Cube_FW_L0_V1.11.2/Drivers/STM32L0xx_HAL_Driver/Src/stm32l0xx_hal_i2c_ex.c ****     hi2c->State = HAL_I2C_STATE_BUSY;
 247              		.loc 1 202 0 is_stmt 1 discriminator 2
 248 0018 4124     		movs	r4, #65
 249 001a 2423     		movs	r3, #36
 250 001c 0355     		strb	r3, [r0, r4]
 203:/home/maxx/STM32Cube/Repository/STM32Cube_FW_L0_V1.11.2/Drivers/STM32L0xx_HAL_Driver/Src/stm32l0xx_hal_i2c_ex.c **** 
 204:/home/maxx/STM32Cube/Repository/STM32Cube_FW_L0_V1.11.2/Drivers/STM32L0xx_HAL_Driver/Src/stm32l0xx_hal_i2c_ex.c ****     /* Disable the selected I2C peripheral */
 205:/home/maxx/STM32Cube/Repository/STM32Cube_FW_L0_V1.11.2/Drivers/STM32L0xx_HAL_Driver/Src/stm32l0xx_hal_i2c_ex.c ****     __HAL_I2C_DISABLE(hi2c);
 251              		.loc 1 205 0 discriminator 2
 252 001e 0568     		ldr	r5, [r0]
 253 0020 2B68     		ldr	r3, [r5]
 254 0022 9343     		bics	r3, r2
ARM GAS  /tmp/cctk6Tfl.s 			page 9


 255 0024 2B60     		str	r3, [r5]
 206:/home/maxx/STM32Cube/Repository/STM32Cube_FW_L0_V1.11.2/Drivers/STM32L0xx_HAL_Driver/Src/stm32l0xx_hal_i2c_ex.c **** 
 207:/home/maxx/STM32Cube/Repository/STM32Cube_FW_L0_V1.11.2/Drivers/STM32L0xx_HAL_Driver/Src/stm32l0xx_hal_i2c_ex.c ****     /* Enable wakeup from stop mode */
 208:/home/maxx/STM32Cube/Repository/STM32Cube_FW_L0_V1.11.2/Drivers/STM32L0xx_HAL_Driver/Src/stm32l0xx_hal_i2c_ex.c ****     hi2c->Instance->CR1 |= I2C_CR1_WUPEN;
 256              		.loc 1 208 0 discriminator 2
 257 0026 0568     		ldr	r5, [r0]
 258 0028 2E68     		ldr	r6, [r5]
 259 002a 8023     		movs	r3, #128
 260 002c DB02     		lsls	r3, r3, #11
 261 002e 3343     		orrs	r3, r6
 262 0030 2B60     		str	r3, [r5]
 209:/home/maxx/STM32Cube/Repository/STM32Cube_FW_L0_V1.11.2/Drivers/STM32L0xx_HAL_Driver/Src/stm32l0xx_hal_i2c_ex.c **** 
 210:/home/maxx/STM32Cube/Repository/STM32Cube_FW_L0_V1.11.2/Drivers/STM32L0xx_HAL_Driver/Src/stm32l0xx_hal_i2c_ex.c ****     __HAL_I2C_ENABLE(hi2c);
 263              		.loc 1 210 0 discriminator 2
 264 0032 0568     		ldr	r5, [r0]
 265 0034 2B68     		ldr	r3, [r5]
 266 0036 1343     		orrs	r3, r2
 267 0038 2B60     		str	r3, [r5]
 211:/home/maxx/STM32Cube/Repository/STM32Cube_FW_L0_V1.11.2/Drivers/STM32L0xx_HAL_Driver/Src/stm32l0xx_hal_i2c_ex.c **** 
 212:/home/maxx/STM32Cube/Repository/STM32Cube_FW_L0_V1.11.2/Drivers/STM32L0xx_HAL_Driver/Src/stm32l0xx_hal_i2c_ex.c ****     hi2c->State = HAL_I2C_STATE_READY;
 268              		.loc 1 212 0 discriminator 2
 269 003a 2023     		movs	r3, #32
 270 003c 0355     		strb	r3, [r0, r4]
 213:/home/maxx/STM32Cube/Repository/STM32Cube_FW_L0_V1.11.2/Drivers/STM32L0xx_HAL_Driver/Src/stm32l0xx_hal_i2c_ex.c **** 
 214:/home/maxx/STM32Cube/Repository/STM32Cube_FW_L0_V1.11.2/Drivers/STM32L0xx_HAL_Driver/Src/stm32l0xx_hal_i2c_ex.c ****     /* Process Unlocked */
 215:/home/maxx/STM32Cube/Repository/STM32Cube_FW_L0_V1.11.2/Drivers/STM32L0xx_HAL_Driver/Src/stm32l0xx_hal_i2c_ex.c ****     __HAL_UNLOCK(hi2c);
 271              		.loc 1 215 0 discriminator 2
 272 003e 0023     		movs	r3, #0
 273 0040 4354     		strb	r3, [r0, r1]
 216:/home/maxx/STM32Cube/Repository/STM32Cube_FW_L0_V1.11.2/Drivers/STM32L0xx_HAL_Driver/Src/stm32l0xx_hal_i2c_ex.c **** 
 217:/home/maxx/STM32Cube/Repository/STM32Cube_FW_L0_V1.11.2/Drivers/STM32L0xx_HAL_Driver/Src/stm32l0xx_hal_i2c_ex.c ****     return HAL_OK;
 274              		.loc 1 217 0 discriminator 2
 275 0042 0020     		movs	r0, #0
 276              	.LVL20:
 277 0044 00E0     		b	.L14
 278              	.LVL21:
 279              	.L15:
 218:/home/maxx/STM32Cube/Repository/STM32Cube_FW_L0_V1.11.2/Drivers/STM32L0xx_HAL_Driver/Src/stm32l0xx_hal_i2c_ex.c ****   }
 219:/home/maxx/STM32Cube/Repository/STM32Cube_FW_L0_V1.11.2/Drivers/STM32L0xx_HAL_Driver/Src/stm32l0xx_hal_i2c_ex.c ****   else
 220:/home/maxx/STM32Cube/Repository/STM32Cube_FW_L0_V1.11.2/Drivers/STM32L0xx_HAL_Driver/Src/stm32l0xx_hal_i2c_ex.c ****   {
 221:/home/maxx/STM32Cube/Repository/STM32Cube_FW_L0_V1.11.2/Drivers/STM32L0xx_HAL_Driver/Src/stm32l0xx_hal_i2c_ex.c ****     return HAL_BUSY;
 280              		.loc 1 221 0
 281 0046 0220     		movs	r0, #2
 282              	.LVL22:
 283              	.L14:
 222:/home/maxx/STM32Cube/Repository/STM32Cube_FW_L0_V1.11.2/Drivers/STM32L0xx_HAL_Driver/Src/stm32l0xx_hal_i2c_ex.c ****   }
 223:/home/maxx/STM32Cube/Repository/STM32Cube_FW_L0_V1.11.2/Drivers/STM32L0xx_HAL_Driver/Src/stm32l0xx_hal_i2c_ex.c **** }
 284              		.loc 1 223 0
 285              		@ sp needed
 286 0048 70BD     		pop	{r4, r5, r6, pc}
 287              	.LVL23:
 288              	.L16:
 200:/home/maxx/STM32Cube/Repository/STM32Cube_FW_L0_V1.11.2/Drivers/STM32L0xx_HAL_Driver/Src/stm32l0xx_hal_i2c_ex.c **** 
 289              		.loc 1 200 0
 290 004a 0220     		movs	r0, #2
 291              	.LVL24:
 292 004c FCE7     		b	.L14
ARM GAS  /tmp/cctk6Tfl.s 			page 10


 293              		.cfi_endproc
 294              	.LFE36:
 296              		.section	.text.HAL_I2CEx_DisableWakeUp,"ax",%progbits
 297              		.align	1
 298              		.global	HAL_I2CEx_DisableWakeUp
 299              		.syntax unified
 300              		.code	16
 301              		.thumb_func
 302              		.fpu softvfp
 304              	HAL_I2CEx_DisableWakeUp:
 305              	.LFB37:
 224:/home/maxx/STM32Cube/Repository/STM32Cube_FW_L0_V1.11.2/Drivers/STM32L0xx_HAL_Driver/Src/stm32l0xx_hal_i2c_ex.c **** 
 225:/home/maxx/STM32Cube/Repository/STM32Cube_FW_L0_V1.11.2/Drivers/STM32L0xx_HAL_Driver/Src/stm32l0xx_hal_i2c_ex.c **** /**
 226:/home/maxx/STM32Cube/Repository/STM32Cube_FW_L0_V1.11.2/Drivers/STM32L0xx_HAL_Driver/Src/stm32l0xx_hal_i2c_ex.c ****   * @brief  Disable I2C wakeup from Stop mode(s).
 227:/home/maxx/STM32Cube/Repository/STM32Cube_FW_L0_V1.11.2/Drivers/STM32L0xx_HAL_Driver/Src/stm32l0xx_hal_i2c_ex.c ****   * @param  hi2c Pointer to a I2C_HandleTypeDef structure that contains
 228:/home/maxx/STM32Cube/Repository/STM32Cube_FW_L0_V1.11.2/Drivers/STM32L0xx_HAL_Driver/Src/stm32l0xx_hal_i2c_ex.c ****   *                the configuration information for the specified I2Cx peripheral.
 229:/home/maxx/STM32Cube/Repository/STM32Cube_FW_L0_V1.11.2/Drivers/STM32L0xx_HAL_Driver/Src/stm32l0xx_hal_i2c_ex.c ****   * @retval HAL status
 230:/home/maxx/STM32Cube/Repository/STM32Cube_FW_L0_V1.11.2/Drivers/STM32L0xx_HAL_Driver/Src/stm32l0xx_hal_i2c_ex.c ****   */
 231:/home/maxx/STM32Cube/Repository/STM32Cube_FW_L0_V1.11.2/Drivers/STM32L0xx_HAL_Driver/Src/stm32l0xx_hal_i2c_ex.c **** HAL_StatusTypeDef HAL_I2CEx_DisableWakeUp(I2C_HandleTypeDef *hi2c)
 232:/home/maxx/STM32Cube/Repository/STM32Cube_FW_L0_V1.11.2/Drivers/STM32L0xx_HAL_Driver/Src/stm32l0xx_hal_i2c_ex.c **** {
 306              		.loc 1 232 0
 307              		.cfi_startproc
 308              		@ args = 0, pretend = 0, frame = 0
 309              		@ frame_needed = 0, uses_anonymous_args = 0
 310              	.LVL25:
 311 0000 70B5     		push	{r4, r5, r6, lr}
 312              	.LCFI3:
 313              		.cfi_def_cfa_offset 16
 314              		.cfi_offset 4, -16
 315              		.cfi_offset 5, -12
 316              		.cfi_offset 6, -8
 317              		.cfi_offset 14, -4
 233:/home/maxx/STM32Cube/Repository/STM32Cube_FW_L0_V1.11.2/Drivers/STM32L0xx_HAL_Driver/Src/stm32l0xx_hal_i2c_ex.c ****   /* Check the parameters */
 234:/home/maxx/STM32Cube/Repository/STM32Cube_FW_L0_V1.11.2/Drivers/STM32L0xx_HAL_Driver/Src/stm32l0xx_hal_i2c_ex.c ****   assert_param(IS_I2C_WAKEUP_FROMSTOP_INSTANCE(hi2c->Instance));
 235:/home/maxx/STM32Cube/Repository/STM32Cube_FW_L0_V1.11.2/Drivers/STM32L0xx_HAL_Driver/Src/stm32l0xx_hal_i2c_ex.c **** 
 236:/home/maxx/STM32Cube/Repository/STM32Cube_FW_L0_V1.11.2/Drivers/STM32L0xx_HAL_Driver/Src/stm32l0xx_hal_i2c_ex.c ****   if (hi2c->State == HAL_I2C_STATE_READY)
 318              		.loc 1 236 0
 319 0002 4123     		movs	r3, #65
 320 0004 C35C     		ldrb	r3, [r0, r3]
 321 0006 202B     		cmp	r3, #32
 322 0008 1CD1     		bne	.L19
 237:/home/maxx/STM32Cube/Repository/STM32Cube_FW_L0_V1.11.2/Drivers/STM32L0xx_HAL_Driver/Src/stm32l0xx_hal_i2c_ex.c ****   {
 238:/home/maxx/STM32Cube/Repository/STM32Cube_FW_L0_V1.11.2/Drivers/STM32L0xx_HAL_Driver/Src/stm32l0xx_hal_i2c_ex.c ****     /* Process Locked */
 239:/home/maxx/STM32Cube/Repository/STM32Cube_FW_L0_V1.11.2/Drivers/STM32L0xx_HAL_Driver/Src/stm32l0xx_hal_i2c_ex.c ****     __HAL_LOCK(hi2c);
 323              		.loc 1 239 0
 324 000a 2033     		adds	r3, r3, #32
 325 000c C35C     		ldrb	r3, [r0, r3]
 326 000e 012B     		cmp	r3, #1
 327 0010 1AD0     		beq	.L20
 328              		.loc 1 239 0 is_stmt 0 discriminator 2
 329 0012 4021     		movs	r1, #64
 330 0014 0122     		movs	r2, #1
 331 0016 4254     		strb	r2, [r0, r1]
 240:/home/maxx/STM32Cube/Repository/STM32Cube_FW_L0_V1.11.2/Drivers/STM32L0xx_HAL_Driver/Src/stm32l0xx_hal_i2c_ex.c **** 
 241:/home/maxx/STM32Cube/Repository/STM32Cube_FW_L0_V1.11.2/Drivers/STM32L0xx_HAL_Driver/Src/stm32l0xx_hal_i2c_ex.c ****     hi2c->State = HAL_I2C_STATE_BUSY;
 332              		.loc 1 241 0 is_stmt 1 discriminator 2
 333 0018 4124     		movs	r4, #65
ARM GAS  /tmp/cctk6Tfl.s 			page 11


 334 001a 2423     		movs	r3, #36
 335 001c 0355     		strb	r3, [r0, r4]
 242:/home/maxx/STM32Cube/Repository/STM32Cube_FW_L0_V1.11.2/Drivers/STM32L0xx_HAL_Driver/Src/stm32l0xx_hal_i2c_ex.c **** 
 243:/home/maxx/STM32Cube/Repository/STM32Cube_FW_L0_V1.11.2/Drivers/STM32L0xx_HAL_Driver/Src/stm32l0xx_hal_i2c_ex.c ****     /* Disable the selected I2C peripheral */
 244:/home/maxx/STM32Cube/Repository/STM32Cube_FW_L0_V1.11.2/Drivers/STM32L0xx_HAL_Driver/Src/stm32l0xx_hal_i2c_ex.c ****     __HAL_I2C_DISABLE(hi2c);
 336              		.loc 1 244 0 discriminator 2
 337 001e 0568     		ldr	r5, [r0]
 338 0020 2B68     		ldr	r3, [r5]
 339 0022 9343     		bics	r3, r2
 340 0024 2B60     		str	r3, [r5]
 245:/home/maxx/STM32Cube/Repository/STM32Cube_FW_L0_V1.11.2/Drivers/STM32L0xx_HAL_Driver/Src/stm32l0xx_hal_i2c_ex.c **** 
 246:/home/maxx/STM32Cube/Repository/STM32Cube_FW_L0_V1.11.2/Drivers/STM32L0xx_HAL_Driver/Src/stm32l0xx_hal_i2c_ex.c ****     /* Enable wakeup from stop mode */
 247:/home/maxx/STM32Cube/Repository/STM32Cube_FW_L0_V1.11.2/Drivers/STM32L0xx_HAL_Driver/Src/stm32l0xx_hal_i2c_ex.c ****     hi2c->Instance->CR1 &= ~(I2C_CR1_WUPEN);
 341              		.loc 1 247 0 discriminator 2
 342 0026 0568     		ldr	r5, [r0]
 343 0028 2B68     		ldr	r3, [r5]
 344 002a 084E     		ldr	r6, .L21
 345 002c 3340     		ands	r3, r6
 346 002e 2B60     		str	r3, [r5]
 248:/home/maxx/STM32Cube/Repository/STM32Cube_FW_L0_V1.11.2/Drivers/STM32L0xx_HAL_Driver/Src/stm32l0xx_hal_i2c_ex.c **** 
 249:/home/maxx/STM32Cube/Repository/STM32Cube_FW_L0_V1.11.2/Drivers/STM32L0xx_HAL_Driver/Src/stm32l0xx_hal_i2c_ex.c ****     __HAL_I2C_ENABLE(hi2c);
 347              		.loc 1 249 0 discriminator 2
 348 0030 0568     		ldr	r5, [r0]
 349 0032 2B68     		ldr	r3, [r5]
 350 0034 1343     		orrs	r3, r2
 351 0036 2B60     		str	r3, [r5]
 250:/home/maxx/STM32Cube/Repository/STM32Cube_FW_L0_V1.11.2/Drivers/STM32L0xx_HAL_Driver/Src/stm32l0xx_hal_i2c_ex.c **** 
 251:/home/maxx/STM32Cube/Repository/STM32Cube_FW_L0_V1.11.2/Drivers/STM32L0xx_HAL_Driver/Src/stm32l0xx_hal_i2c_ex.c ****     hi2c->State = HAL_I2C_STATE_READY;
 352              		.loc 1 251 0 discriminator 2
 353 0038 2023     		movs	r3, #32
 354 003a 0355     		strb	r3, [r0, r4]
 252:/home/maxx/STM32Cube/Repository/STM32Cube_FW_L0_V1.11.2/Drivers/STM32L0xx_HAL_Driver/Src/stm32l0xx_hal_i2c_ex.c **** 
 253:/home/maxx/STM32Cube/Repository/STM32Cube_FW_L0_V1.11.2/Drivers/STM32L0xx_HAL_Driver/Src/stm32l0xx_hal_i2c_ex.c ****     /* Process Unlocked */
 254:/home/maxx/STM32Cube/Repository/STM32Cube_FW_L0_V1.11.2/Drivers/STM32L0xx_HAL_Driver/Src/stm32l0xx_hal_i2c_ex.c ****     __HAL_UNLOCK(hi2c);
 355              		.loc 1 254 0 discriminator 2
 356 003c 0023     		movs	r3, #0
 357 003e 4354     		strb	r3, [r0, r1]
 255:/home/maxx/STM32Cube/Repository/STM32Cube_FW_L0_V1.11.2/Drivers/STM32L0xx_HAL_Driver/Src/stm32l0xx_hal_i2c_ex.c **** 
 256:/home/maxx/STM32Cube/Repository/STM32Cube_FW_L0_V1.11.2/Drivers/STM32L0xx_HAL_Driver/Src/stm32l0xx_hal_i2c_ex.c ****     return HAL_OK;
 358              		.loc 1 256 0 discriminator 2
 359 0040 0020     		movs	r0, #0
 360              	.LVL26:
 361 0042 00E0     		b	.L18
 362              	.LVL27:
 363              	.L19:
 257:/home/maxx/STM32Cube/Repository/STM32Cube_FW_L0_V1.11.2/Drivers/STM32L0xx_HAL_Driver/Src/stm32l0xx_hal_i2c_ex.c ****   }
 258:/home/maxx/STM32Cube/Repository/STM32Cube_FW_L0_V1.11.2/Drivers/STM32L0xx_HAL_Driver/Src/stm32l0xx_hal_i2c_ex.c ****   else
 259:/home/maxx/STM32Cube/Repository/STM32Cube_FW_L0_V1.11.2/Drivers/STM32L0xx_HAL_Driver/Src/stm32l0xx_hal_i2c_ex.c ****   {
 260:/home/maxx/STM32Cube/Repository/STM32Cube_FW_L0_V1.11.2/Drivers/STM32L0xx_HAL_Driver/Src/stm32l0xx_hal_i2c_ex.c ****     return HAL_BUSY;
 364              		.loc 1 260 0
 365 0044 0220     		movs	r0, #2
 366              	.LVL28:
 367              	.L18:
 261:/home/maxx/STM32Cube/Repository/STM32Cube_FW_L0_V1.11.2/Drivers/STM32L0xx_HAL_Driver/Src/stm32l0xx_hal_i2c_ex.c ****   }
 262:/home/maxx/STM32Cube/Repository/STM32Cube_FW_L0_V1.11.2/Drivers/STM32L0xx_HAL_Driver/Src/stm32l0xx_hal_i2c_ex.c **** }
 368              		.loc 1 262 0
 369              		@ sp needed
ARM GAS  /tmp/cctk6Tfl.s 			page 12


 370 0046 70BD     		pop	{r4, r5, r6, pc}
 371              	.LVL29:
 372              	.L20:
 239:/home/maxx/STM32Cube/Repository/STM32Cube_FW_L0_V1.11.2/Drivers/STM32L0xx_HAL_Driver/Src/stm32l0xx_hal_i2c_ex.c **** 
 373              		.loc 1 239 0
 374 0048 0220     		movs	r0, #2
 375              	.LVL30:
 376 004a FCE7     		b	.L18
 377              	.L22:
 378              		.align	2
 379              	.L21:
 380 004c FFFFFBFF 		.word	-262145
 381              		.cfi_endproc
 382              	.LFE37:
 384              		.section	.text.HAL_I2CEx_EnableFastModePlus,"ax",%progbits
 385              		.align	1
 386              		.global	HAL_I2CEx_EnableFastModePlus
 387              		.syntax unified
 388              		.code	16
 389              		.thumb_func
 390              		.fpu softvfp
 392              	HAL_I2CEx_EnableFastModePlus:
 393              	.LFB38:
 263:/home/maxx/STM32Cube/Repository/STM32Cube_FW_L0_V1.11.2/Drivers/STM32L0xx_HAL_Driver/Src/stm32l0xx_hal_i2c_ex.c **** 
 264:/home/maxx/STM32Cube/Repository/STM32Cube_FW_L0_V1.11.2/Drivers/STM32L0xx_HAL_Driver/Src/stm32l0xx_hal_i2c_ex.c **** #if  (defined(SYSCFG_CFGR2_I2C_PB6_FMP) || defined(SYSCFG_CFGR2_I2C_PB7_FMP)) || (defined(SYSCFG_CF
 265:/home/maxx/STM32Cube/Repository/STM32Cube_FW_L0_V1.11.2/Drivers/STM32L0xx_HAL_Driver/Src/stm32l0xx_hal_i2c_ex.c **** /**
 266:/home/maxx/STM32Cube/Repository/STM32Cube_FW_L0_V1.11.2/Drivers/STM32L0xx_HAL_Driver/Src/stm32l0xx_hal_i2c_ex.c ****   * @brief Enable the I2C fast mode plus driving capability.
 267:/home/maxx/STM32Cube/Repository/STM32Cube_FW_L0_V1.11.2/Drivers/STM32L0xx_HAL_Driver/Src/stm32l0xx_hal_i2c_ex.c ****   * @param ConfigFastModePlus Selects the pin.
 268:/home/maxx/STM32Cube/Repository/STM32Cube_FW_L0_V1.11.2/Drivers/STM32L0xx_HAL_Driver/Src/stm32l0xx_hal_i2c_ex.c ****   *   This parameter can be one of the @ref I2CEx_FastModePlus values
 269:/home/maxx/STM32Cube/Repository/STM32Cube_FW_L0_V1.11.2/Drivers/STM32L0xx_HAL_Driver/Src/stm32l0xx_hal_i2c_ex.c ****   * @note  For I2C1, fast mode plus driving capability can be enabled on all selected
 270:/home/maxx/STM32Cube/Repository/STM32Cube_FW_L0_V1.11.2/Drivers/STM32L0xx_HAL_Driver/Src/stm32l0xx_hal_i2c_ex.c ****   *        I2C1 pins using I2C_FASTMODEPLUS_I2C1 parameter or independently
 271:/home/maxx/STM32Cube/Repository/STM32Cube_FW_L0_V1.11.2/Drivers/STM32L0xx_HAL_Driver/Src/stm32l0xx_hal_i2c_ex.c ****   *        on each one of the following pins PB6, PB7, PB8 and PB9.
 272:/home/maxx/STM32Cube/Repository/STM32Cube_FW_L0_V1.11.2/Drivers/STM32L0xx_HAL_Driver/Src/stm32l0xx_hal_i2c_ex.c ****   * @note  For remaining I2C1 pins (PA14, PA15...) fast mode plus driving capability
 273:/home/maxx/STM32Cube/Repository/STM32Cube_FW_L0_V1.11.2/Drivers/STM32L0xx_HAL_Driver/Src/stm32l0xx_hal_i2c_ex.c ****   *        can be enabled only by using I2C_FASTMODEPLUS_I2C1 parameter.
 274:/home/maxx/STM32Cube/Repository/STM32Cube_FW_L0_V1.11.2/Drivers/STM32L0xx_HAL_Driver/Src/stm32l0xx_hal_i2c_ex.c ****   * @note  For all I2C2 pins fast mode plus driving capability can be enabled
 275:/home/maxx/STM32Cube/Repository/STM32Cube_FW_L0_V1.11.2/Drivers/STM32L0xx_HAL_Driver/Src/stm32l0xx_hal_i2c_ex.c ****   *        only by using I2C_FASTMODEPLUS_I2C2 parameter.
 276:/home/maxx/STM32Cube/Repository/STM32Cube_FW_L0_V1.11.2/Drivers/STM32L0xx_HAL_Driver/Src/stm32l0xx_hal_i2c_ex.c ****   * @note  For all I2C3 pins fast mode plus driving capability can be enabled
 277:/home/maxx/STM32Cube/Repository/STM32Cube_FW_L0_V1.11.2/Drivers/STM32L0xx_HAL_Driver/Src/stm32l0xx_hal_i2c_ex.c ****   *        only by using I2C_FASTMODEPLUS_I2C3 parameter.
 278:/home/maxx/STM32Cube/Repository/STM32Cube_FW_L0_V1.11.2/Drivers/STM32L0xx_HAL_Driver/Src/stm32l0xx_hal_i2c_ex.c ****   * @retval None
 279:/home/maxx/STM32Cube/Repository/STM32Cube_FW_L0_V1.11.2/Drivers/STM32L0xx_HAL_Driver/Src/stm32l0xx_hal_i2c_ex.c ****   */
 280:/home/maxx/STM32Cube/Repository/STM32Cube_FW_L0_V1.11.2/Drivers/STM32L0xx_HAL_Driver/Src/stm32l0xx_hal_i2c_ex.c **** void HAL_I2CEx_EnableFastModePlus(uint32_t ConfigFastModePlus)
 281:/home/maxx/STM32Cube/Repository/STM32Cube_FW_L0_V1.11.2/Drivers/STM32L0xx_HAL_Driver/Src/stm32l0xx_hal_i2c_ex.c **** {
 394              		.loc 1 281 0
 395              		.cfi_startproc
 396              		@ args = 0, pretend = 0, frame = 0
 397              		@ frame_needed = 0, uses_anonymous_args = 0
 398              		@ link register save eliminated.
 399              	.LVL31:
 282:/home/maxx/STM32Cube/Repository/STM32Cube_FW_L0_V1.11.2/Drivers/STM32L0xx_HAL_Driver/Src/stm32l0xx_hal_i2c_ex.c ****   /* Check the parameter */
 283:/home/maxx/STM32Cube/Repository/STM32Cube_FW_L0_V1.11.2/Drivers/STM32L0xx_HAL_Driver/Src/stm32l0xx_hal_i2c_ex.c ****   assert_param(IS_I2C_FASTMODEPLUS(ConfigFastModePlus));
 284:/home/maxx/STM32Cube/Repository/STM32Cube_FW_L0_V1.11.2/Drivers/STM32L0xx_HAL_Driver/Src/stm32l0xx_hal_i2c_ex.c **** 
 285:/home/maxx/STM32Cube/Repository/STM32Cube_FW_L0_V1.11.2/Drivers/STM32L0xx_HAL_Driver/Src/stm32l0xx_hal_i2c_ex.c ****   /* Enable SYSCFG clock */
 286:/home/maxx/STM32Cube/Repository/STM32Cube_FW_L0_V1.11.2/Drivers/STM32L0xx_HAL_Driver/Src/stm32l0xx_hal_i2c_ex.c ****   __HAL_RCC_SYSCFG_CLK_ENABLE();
 400              		.loc 1 286 0
 401 0000 044A     		ldr	r2, .L24
 402 0002 536B     		ldr	r3, [r2, #52]
 403 0004 0121     		movs	r1, #1
ARM GAS  /tmp/cctk6Tfl.s 			page 13


 404 0006 0B43     		orrs	r3, r1
 405 0008 5363     		str	r3, [r2, #52]
 287:/home/maxx/STM32Cube/Repository/STM32Cube_FW_L0_V1.11.2/Drivers/STM32L0xx_HAL_Driver/Src/stm32l0xx_hal_i2c_ex.c **** 
 288:/home/maxx/STM32Cube/Repository/STM32Cube_FW_L0_V1.11.2/Drivers/STM32L0xx_HAL_Driver/Src/stm32l0xx_hal_i2c_ex.c ****   /* Enable fast mode plus driving capability for selected pin */
 289:/home/maxx/STM32Cube/Repository/STM32Cube_FW_L0_V1.11.2/Drivers/STM32L0xx_HAL_Driver/Src/stm32l0xx_hal_i2c_ex.c ****   SET_BIT(SYSCFG->CFGR2, (uint32_t)ConfigFastModePlus);
 406              		.loc 1 289 0
 407 000a 034A     		ldr	r2, .L24+4
 408 000c 5368     		ldr	r3, [r2, #4]
 409 000e 1843     		orrs	r0, r3
 410              	.LVL32:
 411 0010 5060     		str	r0, [r2, #4]
 290:/home/maxx/STM32Cube/Repository/STM32Cube_FW_L0_V1.11.2/Drivers/STM32L0xx_HAL_Driver/Src/stm32l0xx_hal_i2c_ex.c **** }
 412              		.loc 1 290 0
 413              		@ sp needed
 414 0012 7047     		bx	lr
 415              	.L25:
 416              		.align	2
 417              	.L24:
 418 0014 00100240 		.word	1073876992
 419 0018 00000140 		.word	1073807360
 420              		.cfi_endproc
 421              	.LFE38:
 423              		.section	.text.HAL_I2CEx_DisableFastModePlus,"ax",%progbits
 424              		.align	1
 425              		.global	HAL_I2CEx_DisableFastModePlus
 426              		.syntax unified
 427              		.code	16
 428              		.thumb_func
 429              		.fpu softvfp
 431              	HAL_I2CEx_DisableFastModePlus:
 432              	.LFB39:
 291:/home/maxx/STM32Cube/Repository/STM32Cube_FW_L0_V1.11.2/Drivers/STM32L0xx_HAL_Driver/Src/stm32l0xx_hal_i2c_ex.c **** 
 292:/home/maxx/STM32Cube/Repository/STM32Cube_FW_L0_V1.11.2/Drivers/STM32L0xx_HAL_Driver/Src/stm32l0xx_hal_i2c_ex.c **** /**
 293:/home/maxx/STM32Cube/Repository/STM32Cube_FW_L0_V1.11.2/Drivers/STM32L0xx_HAL_Driver/Src/stm32l0xx_hal_i2c_ex.c ****   * @brief Disable the I2C fast mode plus driving capability.
 294:/home/maxx/STM32Cube/Repository/STM32Cube_FW_L0_V1.11.2/Drivers/STM32L0xx_HAL_Driver/Src/stm32l0xx_hal_i2c_ex.c ****   * @param ConfigFastModePlus Selects the pin.
 295:/home/maxx/STM32Cube/Repository/STM32Cube_FW_L0_V1.11.2/Drivers/STM32L0xx_HAL_Driver/Src/stm32l0xx_hal_i2c_ex.c ****   *   This parameter can be one of the @ref I2CEx_FastModePlus values
 296:/home/maxx/STM32Cube/Repository/STM32Cube_FW_L0_V1.11.2/Drivers/STM32L0xx_HAL_Driver/Src/stm32l0xx_hal_i2c_ex.c ****   * @note  For I2C1, fast mode plus driving capability can be disabled on all selected
 297:/home/maxx/STM32Cube/Repository/STM32Cube_FW_L0_V1.11.2/Drivers/STM32L0xx_HAL_Driver/Src/stm32l0xx_hal_i2c_ex.c ****   *        I2C1 pins using I2C_FASTMODEPLUS_I2C1 parameter or independently
 298:/home/maxx/STM32Cube/Repository/STM32Cube_FW_L0_V1.11.2/Drivers/STM32L0xx_HAL_Driver/Src/stm32l0xx_hal_i2c_ex.c ****   *        on each one of the following pins PB6, PB7, PB8 and PB9.
 299:/home/maxx/STM32Cube/Repository/STM32Cube_FW_L0_V1.11.2/Drivers/STM32L0xx_HAL_Driver/Src/stm32l0xx_hal_i2c_ex.c ****   * @note  For remaining I2C1 pins (PA14, PA15...) fast mode plus driving capability
 300:/home/maxx/STM32Cube/Repository/STM32Cube_FW_L0_V1.11.2/Drivers/STM32L0xx_HAL_Driver/Src/stm32l0xx_hal_i2c_ex.c ****   *        can be disabled only by using I2C_FASTMODEPLUS_I2C1 parameter.
 301:/home/maxx/STM32Cube/Repository/STM32Cube_FW_L0_V1.11.2/Drivers/STM32L0xx_HAL_Driver/Src/stm32l0xx_hal_i2c_ex.c ****   * @note  For all I2C2 pins fast mode plus driving capability can be disabled
 302:/home/maxx/STM32Cube/Repository/STM32Cube_FW_L0_V1.11.2/Drivers/STM32L0xx_HAL_Driver/Src/stm32l0xx_hal_i2c_ex.c ****   *        only by using I2C_FASTMODEPLUS_I2C2 parameter.
 303:/home/maxx/STM32Cube/Repository/STM32Cube_FW_L0_V1.11.2/Drivers/STM32L0xx_HAL_Driver/Src/stm32l0xx_hal_i2c_ex.c ****   * @note  For all I2C3 pins fast mode plus driving capability can be disabled
 304:/home/maxx/STM32Cube/Repository/STM32Cube_FW_L0_V1.11.2/Drivers/STM32L0xx_HAL_Driver/Src/stm32l0xx_hal_i2c_ex.c ****   *        only by using I2C_FASTMODEPLUS_I2C3 parameter.
 305:/home/maxx/STM32Cube/Repository/STM32Cube_FW_L0_V1.11.2/Drivers/STM32L0xx_HAL_Driver/Src/stm32l0xx_hal_i2c_ex.c ****   * @retval None
 306:/home/maxx/STM32Cube/Repository/STM32Cube_FW_L0_V1.11.2/Drivers/STM32L0xx_HAL_Driver/Src/stm32l0xx_hal_i2c_ex.c ****   */
 307:/home/maxx/STM32Cube/Repository/STM32Cube_FW_L0_V1.11.2/Drivers/STM32L0xx_HAL_Driver/Src/stm32l0xx_hal_i2c_ex.c **** void HAL_I2CEx_DisableFastModePlus(uint32_t ConfigFastModePlus)
 308:/home/maxx/STM32Cube/Repository/STM32Cube_FW_L0_V1.11.2/Drivers/STM32L0xx_HAL_Driver/Src/stm32l0xx_hal_i2c_ex.c **** {
 433              		.loc 1 308 0
 434              		.cfi_startproc
 435              		@ args = 0, pretend = 0, frame = 0
 436              		@ frame_needed = 0, uses_anonymous_args = 0
 437              		@ link register save eliminated.
 438              	.LVL33:
 309:/home/maxx/STM32Cube/Repository/STM32Cube_FW_L0_V1.11.2/Drivers/STM32L0xx_HAL_Driver/Src/stm32l0xx_hal_i2c_ex.c ****   /* Check the parameter */
 310:/home/maxx/STM32Cube/Repository/STM32Cube_FW_L0_V1.11.2/Drivers/STM32L0xx_HAL_Driver/Src/stm32l0xx_hal_i2c_ex.c ****   assert_param(IS_I2C_FASTMODEPLUS(ConfigFastModePlus));
ARM GAS  /tmp/cctk6Tfl.s 			page 14


 311:/home/maxx/STM32Cube/Repository/STM32Cube_FW_L0_V1.11.2/Drivers/STM32L0xx_HAL_Driver/Src/stm32l0xx_hal_i2c_ex.c **** 
 312:/home/maxx/STM32Cube/Repository/STM32Cube_FW_L0_V1.11.2/Drivers/STM32L0xx_HAL_Driver/Src/stm32l0xx_hal_i2c_ex.c ****   /* Enable SYSCFG clock */
 313:/home/maxx/STM32Cube/Repository/STM32Cube_FW_L0_V1.11.2/Drivers/STM32L0xx_HAL_Driver/Src/stm32l0xx_hal_i2c_ex.c ****   __HAL_RCC_SYSCFG_CLK_ENABLE();
 439              		.loc 1 313 0
 440 0000 044A     		ldr	r2, .L27
 441 0002 536B     		ldr	r3, [r2, #52]
 442 0004 0121     		movs	r1, #1
 443 0006 0B43     		orrs	r3, r1
 444 0008 5363     		str	r3, [r2, #52]
 314:/home/maxx/STM32Cube/Repository/STM32Cube_FW_L0_V1.11.2/Drivers/STM32L0xx_HAL_Driver/Src/stm32l0xx_hal_i2c_ex.c **** 
 315:/home/maxx/STM32Cube/Repository/STM32Cube_FW_L0_V1.11.2/Drivers/STM32L0xx_HAL_Driver/Src/stm32l0xx_hal_i2c_ex.c ****   /* Disable fast mode plus driving capability for selected pin */
 316:/home/maxx/STM32Cube/Repository/STM32Cube_FW_L0_V1.11.2/Drivers/STM32L0xx_HAL_Driver/Src/stm32l0xx_hal_i2c_ex.c ****   CLEAR_BIT(SYSCFG->CFGR2, (uint32_t)ConfigFastModePlus);
 445              		.loc 1 316 0
 446 000a 034A     		ldr	r2, .L27+4
 447 000c 5368     		ldr	r3, [r2, #4]
 448 000e 8343     		bics	r3, r0
 449 0010 5360     		str	r3, [r2, #4]
 317:/home/maxx/STM32Cube/Repository/STM32Cube_FW_L0_V1.11.2/Drivers/STM32L0xx_HAL_Driver/Src/stm32l0xx_hal_i2c_ex.c **** }
 450              		.loc 1 317 0
 451              		@ sp needed
 452 0012 7047     		bx	lr
 453              	.L28:
 454              		.align	2
 455              	.L27:
 456 0014 00100240 		.word	1073876992
 457 0018 00000140 		.word	1073807360
 458              		.cfi_endproc
 459              	.LFE39:
 461              		.text
 462              	.Letext0:
 463              		.file 2 "/home/maxx/develop/gcc-arm-none-eabi-7-2018-q2-update/arm-none-eabi/include/machine/_defa
 464              		.file 3 "/home/maxx/develop/gcc-arm-none-eabi-7-2018-q2-update/arm-none-eabi/include/sys/_stdint.h
 465              		.file 4 "/home/maxx/STM32Cube/Repository/STM32Cube_FW_L0_V1.11.2/Drivers/CMSIS/Device/ST/STM32L0xx
 466              		.file 5 "/home/maxx/STM32Cube/Repository/STM32Cube_FW_L0_V1.11.2/Drivers/CMSIS/Device/ST/STM32L0xx
 467              		.file 6 "/home/maxx/STM32Cube/Repository/STM32Cube_FW_L0_V1.11.2/Drivers/STM32L0xx_HAL_Driver/Inc/
 468              		.file 7 "/home/maxx/STM32Cube/Repository/STM32Cube_FW_L0_V1.11.2/Drivers/STM32L0xx_HAL_Driver/Inc/
 469              		.file 8 "/home/maxx/STM32Cube/Repository/STM32Cube_FW_L0_V1.11.2/Drivers/STM32L0xx_HAL_Driver/Inc/
 470              		.file 9 "/home/maxx/STM32Cube/Repository/STM32Cube_FW_L0_V1.11.2/Drivers/STM32L0xx_HAL_Driver/Inc/
ARM GAS  /tmp/cctk6Tfl.s 			page 15


DEFINED SYMBOLS
                            *ABS*:0000000000000000 stm32l0xx_hal_i2c_ex.c
     /tmp/cctk6Tfl.s:16     .text.HAL_I2CEx_ConfigAnalogFilter:0000000000000000 $t
     /tmp/cctk6Tfl.s:23     .text.HAL_I2CEx_ConfigAnalogFilter:0000000000000000 HAL_I2CEx_ConfigAnalogFilter
     /tmp/cctk6Tfl.s:107    .text.HAL_I2CEx_ConfigAnalogFilter:0000000000000054 $d
     /tmp/cctk6Tfl.s:112    .text.HAL_I2CEx_ConfigDigitalFilter:0000000000000000 $t
     /tmp/cctk6Tfl.s:119    .text.HAL_I2CEx_ConfigDigitalFilter:0000000000000000 HAL_I2CEx_ConfigDigitalFilter
     /tmp/cctk6Tfl.s:207    .text.HAL_I2CEx_ConfigDigitalFilter:0000000000000050 $d
     /tmp/cctk6Tfl.s:212    .text.HAL_I2CEx_EnableWakeUp:0000000000000000 $t
     /tmp/cctk6Tfl.s:219    .text.HAL_I2CEx_EnableWakeUp:0000000000000000 HAL_I2CEx_EnableWakeUp
     /tmp/cctk6Tfl.s:297    .text.HAL_I2CEx_DisableWakeUp:0000000000000000 $t
     /tmp/cctk6Tfl.s:304    .text.HAL_I2CEx_DisableWakeUp:0000000000000000 HAL_I2CEx_DisableWakeUp
     /tmp/cctk6Tfl.s:380    .text.HAL_I2CEx_DisableWakeUp:000000000000004c $d
     /tmp/cctk6Tfl.s:385    .text.HAL_I2CEx_EnableFastModePlus:0000000000000000 $t
     /tmp/cctk6Tfl.s:392    .text.HAL_I2CEx_EnableFastModePlus:0000000000000000 HAL_I2CEx_EnableFastModePlus
     /tmp/cctk6Tfl.s:418    .text.HAL_I2CEx_EnableFastModePlus:0000000000000014 $d
     /tmp/cctk6Tfl.s:424    .text.HAL_I2CEx_DisableFastModePlus:0000000000000000 $t
     /tmp/cctk6Tfl.s:431    .text.HAL_I2CEx_DisableFastModePlus:0000000000000000 HAL_I2CEx_DisableFastModePlus
     /tmp/cctk6Tfl.s:456    .text.HAL_I2CEx_DisableFastModePlus:0000000000000014 $d

NO UNDEFINED SYMBOLS
