ARM GAS  /tmp/ccFCZDN5.s 			page 1


   1              		.cpu cortex-m0plus
   2              		.eabi_attribute 20, 1
   3              		.eabi_attribute 21, 1
   4              		.eabi_attribute 23, 3
   5              		.eabi_attribute 24, 1
   6              		.eabi_attribute 25, 1
   7              		.eabi_attribute 26, 1
   8              		.eabi_attribute 30, 1
   9              		.eabi_attribute 34, 0
  10              		.eabi_attribute 18, 4
  11              		.file	"stm32l0xx_hal_msp.c"
  12              		.text
  13              	.Ltext0:
  14              		.cfi_sections	.debug_frame
  15              		.section	.text.HAL_MspInit,"ax",%progbits
  16              		.align	1
  17              		.global	HAL_MspInit
  18              		.syntax unified
  19              		.code	16
  20              		.thumb_func
  21              		.fpu softvfp
  23              	HAL_MspInit:
  24              	.LFB34:
  25              		.file 1 "Core/Src/stm32l0xx_hal_msp.c"
   1:Core/Src/stm32l0xx_hal_msp.c **** /* USER CODE BEGIN Header */
   2:Core/Src/stm32l0xx_hal_msp.c **** /**
   3:Core/Src/stm32l0xx_hal_msp.c ****   ******************************************************************************
   4:Core/Src/stm32l0xx_hal_msp.c ****   * File Name          : stm32l0xx_hal_msp.c
   5:Core/Src/stm32l0xx_hal_msp.c ****   * Description        : This file provides code for the MSP Initialization 
   6:Core/Src/stm32l0xx_hal_msp.c ****   *                      and de-Initialization codes.
   7:Core/Src/stm32l0xx_hal_msp.c ****   ******************************************************************************
   8:Core/Src/stm32l0xx_hal_msp.c ****   * @attention
   9:Core/Src/stm32l0xx_hal_msp.c ****   *
  10:Core/Src/stm32l0xx_hal_msp.c ****   * <h2><center>&copy; Copyright (c) 2020 STMicroelectronics.
  11:Core/Src/stm32l0xx_hal_msp.c ****   * All rights reserved.</center></h2>
  12:Core/Src/stm32l0xx_hal_msp.c ****   *
  13:Core/Src/stm32l0xx_hal_msp.c ****   * This software component is licensed by ST under BSD 3-Clause license,
  14:Core/Src/stm32l0xx_hal_msp.c ****   * the "License"; You may not use this file except in compliance with the
  15:Core/Src/stm32l0xx_hal_msp.c ****   * License. You may obtain a copy of the License at:
  16:Core/Src/stm32l0xx_hal_msp.c ****   *                        opensource.org/licenses/BSD-3-Clause
  17:Core/Src/stm32l0xx_hal_msp.c ****   *
  18:Core/Src/stm32l0xx_hal_msp.c ****   ******************************************************************************
  19:Core/Src/stm32l0xx_hal_msp.c ****   */
  20:Core/Src/stm32l0xx_hal_msp.c **** /* USER CODE END Header */
  21:Core/Src/stm32l0xx_hal_msp.c **** 
  22:Core/Src/stm32l0xx_hal_msp.c **** /* Includes ------------------------------------------------------------------*/
  23:Core/Src/stm32l0xx_hal_msp.c **** #include "main.h"
  24:Core/Src/stm32l0xx_hal_msp.c **** /* USER CODE BEGIN Includes */
  25:Core/Src/stm32l0xx_hal_msp.c **** 
  26:Core/Src/stm32l0xx_hal_msp.c **** /* USER CODE END Includes */
  27:Core/Src/stm32l0xx_hal_msp.c **** 
  28:Core/Src/stm32l0xx_hal_msp.c **** /* Private typedef -----------------------------------------------------------*/
  29:Core/Src/stm32l0xx_hal_msp.c **** /* USER CODE BEGIN TD */
  30:Core/Src/stm32l0xx_hal_msp.c **** 
  31:Core/Src/stm32l0xx_hal_msp.c **** /* USER CODE END TD */
  32:Core/Src/stm32l0xx_hal_msp.c **** 
  33:Core/Src/stm32l0xx_hal_msp.c **** /* Private define ------------------------------------------------------------*/
ARM GAS  /tmp/ccFCZDN5.s 			page 2


  34:Core/Src/stm32l0xx_hal_msp.c **** /* USER CODE BEGIN Define */
  35:Core/Src/stm32l0xx_hal_msp.c ****  
  36:Core/Src/stm32l0xx_hal_msp.c **** /* USER CODE END Define */
  37:Core/Src/stm32l0xx_hal_msp.c **** 
  38:Core/Src/stm32l0xx_hal_msp.c **** /* Private macro -------------------------------------------------------------*/
  39:Core/Src/stm32l0xx_hal_msp.c **** /* USER CODE BEGIN Macro */
  40:Core/Src/stm32l0xx_hal_msp.c **** 
  41:Core/Src/stm32l0xx_hal_msp.c **** /* USER CODE END Macro */
  42:Core/Src/stm32l0xx_hal_msp.c **** 
  43:Core/Src/stm32l0xx_hal_msp.c **** /* Private variables ---------------------------------------------------------*/
  44:Core/Src/stm32l0xx_hal_msp.c **** /* USER CODE BEGIN PV */
  45:Core/Src/stm32l0xx_hal_msp.c **** 
  46:Core/Src/stm32l0xx_hal_msp.c **** /* USER CODE END PV */
  47:Core/Src/stm32l0xx_hal_msp.c **** 
  48:Core/Src/stm32l0xx_hal_msp.c **** /* Private function prototypes -----------------------------------------------*/
  49:Core/Src/stm32l0xx_hal_msp.c **** /* USER CODE BEGIN PFP */
  50:Core/Src/stm32l0xx_hal_msp.c **** 
  51:Core/Src/stm32l0xx_hal_msp.c **** /* USER CODE END PFP */
  52:Core/Src/stm32l0xx_hal_msp.c **** 
  53:Core/Src/stm32l0xx_hal_msp.c **** /* External functions --------------------------------------------------------*/
  54:Core/Src/stm32l0xx_hal_msp.c **** /* USER CODE BEGIN ExternalFunctions */
  55:Core/Src/stm32l0xx_hal_msp.c **** 
  56:Core/Src/stm32l0xx_hal_msp.c **** /* USER CODE END ExternalFunctions */
  57:Core/Src/stm32l0xx_hal_msp.c **** 
  58:Core/Src/stm32l0xx_hal_msp.c **** /* USER CODE BEGIN 0 */
  59:Core/Src/stm32l0xx_hal_msp.c **** 
  60:Core/Src/stm32l0xx_hal_msp.c **** /* USER CODE END 0 */
  61:Core/Src/stm32l0xx_hal_msp.c **** /**
  62:Core/Src/stm32l0xx_hal_msp.c ****   * Initializes the Global MSP.
  63:Core/Src/stm32l0xx_hal_msp.c ****   */
  64:Core/Src/stm32l0xx_hal_msp.c **** void HAL_MspInit(void)
  65:Core/Src/stm32l0xx_hal_msp.c **** {
  26              		.loc 1 65 0
  27              		.cfi_startproc
  28              		@ args = 0, pretend = 0, frame = 0
  29              		@ frame_needed = 0, uses_anonymous_args = 0
  30              		@ link register save eliminated.
  66:Core/Src/stm32l0xx_hal_msp.c ****   /* USER CODE BEGIN MspInit 0 */
  67:Core/Src/stm32l0xx_hal_msp.c **** 
  68:Core/Src/stm32l0xx_hal_msp.c ****   /* USER CODE END MspInit 0 */
  69:Core/Src/stm32l0xx_hal_msp.c **** 
  70:Core/Src/stm32l0xx_hal_msp.c ****   __HAL_RCC_SYSCFG_CLK_ENABLE();
  31              		.loc 1 70 0
  32 0000 054B     		ldr	r3, .L2
  33 0002 5A6B     		ldr	r2, [r3, #52]
  34 0004 0121     		movs	r1, #1
  35 0006 0A43     		orrs	r2, r1
  36 0008 5A63     		str	r2, [r3, #52]
  71:Core/Src/stm32l0xx_hal_msp.c ****   __HAL_RCC_PWR_CLK_ENABLE();
  37              		.loc 1 71 0
  38 000a 996B     		ldr	r1, [r3, #56]
  39 000c 8022     		movs	r2, #128
  40 000e 5205     		lsls	r2, r2, #21
  41 0010 0A43     		orrs	r2, r1
  42 0012 9A63     		str	r2, [r3, #56]
  72:Core/Src/stm32l0xx_hal_msp.c **** 
  73:Core/Src/stm32l0xx_hal_msp.c ****   /* System interrupt init*/
ARM GAS  /tmp/ccFCZDN5.s 			page 3


  74:Core/Src/stm32l0xx_hal_msp.c **** 
  75:Core/Src/stm32l0xx_hal_msp.c ****   /* USER CODE BEGIN MspInit 1 */
  76:Core/Src/stm32l0xx_hal_msp.c **** 
  77:Core/Src/stm32l0xx_hal_msp.c ****   /* USER CODE END MspInit 1 */
  78:Core/Src/stm32l0xx_hal_msp.c **** }
  43              		.loc 1 78 0
  44              		@ sp needed
  45 0014 7047     		bx	lr
  46              	.L3:
  47 0016 C046     		.align	2
  48              	.L2:
  49 0018 00100240 		.word	1073876992
  50              		.cfi_endproc
  51              	.LFE34:
  53              		.text
  54              	.Letext0:
  55              		.file 2 "/home/maxx/develop/gcc-arm-none-eabi-7-2018-q2-update/arm-none-eabi/include/machine/_defa
  56              		.file 3 "/home/maxx/develop/gcc-arm-none-eabi-7-2018-q2-update/arm-none-eabi/include/sys/_stdint.h
  57              		.file 4 "/home/maxx/STM32Cube/Repository/STM32Cube_FW_L0_V1.11.2/Drivers/CMSIS/Device/ST/STM32L0xx
  58              		.file 5 "/home/maxx/STM32Cube/Repository/STM32Cube_FW_L0_V1.11.2/Drivers/CMSIS/Device/ST/STM32L0xx
  59              		.file 6 "/home/maxx/STM32Cube/Repository/STM32Cube_FW_L0_V1.11.2/Drivers/STM32L0xx_HAL_Driver/Inc/
ARM GAS  /tmp/ccFCZDN5.s 			page 4


DEFINED SYMBOLS
                            *ABS*:0000000000000000 stm32l0xx_hal_msp.c
     /tmp/ccFCZDN5.s:16     .text.HAL_MspInit:0000000000000000 $t
     /tmp/ccFCZDN5.s:23     .text.HAL_MspInit:0000000000000000 HAL_MspInit
     /tmp/ccFCZDN5.s:49     .text.HAL_MspInit:0000000000000018 $d

NO UNDEFINED SYMBOLS
