ARM GAS  /tmp/cc88Xbbh.s 			page 1


   1              		.cpu cortex-m4
   2              		.eabi_attribute 27, 1
   3              		.eabi_attribute 28, 1
   4              		.eabi_attribute 20, 1
   5              		.eabi_attribute 21, 1
   6              		.eabi_attribute 23, 3
   7              		.eabi_attribute 24, 1
   8              		.eabi_attribute 25, 1
   9              		.eabi_attribute 26, 1
  10              		.eabi_attribute 30, 1
  11              		.eabi_attribute 34, 1
  12              		.eabi_attribute 18, 4
  13              		.file	"gpio.c"
  14              		.text
  15              	.Ltext0:
  16              		.cfi_sections	.debug_frame
  17              		.section	.text.MX_GPIO_Init,"ax",%progbits
  18              		.align	1
  19              		.global	MX_GPIO_Init
  20              		.syntax unified
  21              		.thumb
  22              		.thumb_func
  23              		.fpu fpv4-sp-d16
  25              	MX_GPIO_Init:
  26              	.LFB130:
  27              		.file 1 "Src/gpio.c"
   1:Src/gpio.c    **** /**
   2:Src/gpio.c    ****   ******************************************************************************
   3:Src/gpio.c    ****   * File Name          : gpio.c
   4:Src/gpio.c    ****   * Description        : This file provides code for the configuration
   5:Src/gpio.c    ****   *                      of all used GPIO pins.
   6:Src/gpio.c    ****   ******************************************************************************
   7:Src/gpio.c    ****   * @attention
   8:Src/gpio.c    ****   *
   9:Src/gpio.c    ****   * <h2><center>&copy; Copyright (c) 2020 STMicroelectronics.
  10:Src/gpio.c    ****   * All rights reserved.</center></h2>
  11:Src/gpio.c    ****   *
  12:Src/gpio.c    ****   * This software component is licensed by ST under BSD 3-Clause license,
  13:Src/gpio.c    ****   * the "License"; You may not use this file except in compliance with the
  14:Src/gpio.c    ****   * License. You may obtain a copy of the License at:
  15:Src/gpio.c    ****   *                        opensource.org/licenses/BSD-3-Clause
  16:Src/gpio.c    ****   *
  17:Src/gpio.c    ****   ******************************************************************************
  18:Src/gpio.c    ****   */
  19:Src/gpio.c    **** 
  20:Src/gpio.c    **** /* Includes ------------------------------------------------------------------*/
  21:Src/gpio.c    **** #include "gpio.h"
  22:Src/gpio.c    **** /* USER CODE BEGIN 0 */
  23:Src/gpio.c    **** 
  24:Src/gpio.c    **** /* USER CODE END 0 */
  25:Src/gpio.c    **** 
  26:Src/gpio.c    **** /*----------------------------------------------------------------------------*/
  27:Src/gpio.c    **** /* Configure GPIO                                                             */
  28:Src/gpio.c    **** /*----------------------------------------------------------------------------*/
  29:Src/gpio.c    **** /* USER CODE BEGIN 1 */
  30:Src/gpio.c    **** 
  31:Src/gpio.c    **** /* USER CODE END 1 */
ARM GAS  /tmp/cc88Xbbh.s 			page 2


  32:Src/gpio.c    **** 
  33:Src/gpio.c    **** /** Configure pins as 
  34:Src/gpio.c    ****         * Analog 
  35:Src/gpio.c    ****         * Input 
  36:Src/gpio.c    ****         * Output
  37:Src/gpio.c    ****         * EVENT_OUT
  38:Src/gpio.c    ****         * EXTI
  39:Src/gpio.c    **** */
  40:Src/gpio.c    **** void MX_GPIO_Init(void)
  41:Src/gpio.c    **** {
  28              		.loc 1 41 0
  29              		.cfi_startproc
  30              		@ args = 0, pretend = 0, frame = 40
  31              		@ frame_needed = 0, uses_anonymous_args = 0
  32 0000 F0B5     		push	{r4, r5, r6, r7, lr}
  33              	.LCFI0:
  34              		.cfi_def_cfa_offset 20
  35              		.cfi_offset 4, -20
  36              		.cfi_offset 5, -16
  37              		.cfi_offset 6, -12
  38              		.cfi_offset 7, -8
  39              		.cfi_offset 14, -4
  40 0002 8BB0     		sub	sp, sp, #44
  41              	.LCFI1:
  42              		.cfi_def_cfa_offset 64
  42:Src/gpio.c    **** 
  43:Src/gpio.c    ****   GPIO_InitTypeDef GPIO_InitStruct = {0};
  43              		.loc 1 43 0
  44 0004 0024     		movs	r4, #0
  45 0006 0594     		str	r4, [sp, #20]
  46 0008 0694     		str	r4, [sp, #24]
  47 000a 0794     		str	r4, [sp, #28]
  48 000c 0894     		str	r4, [sp, #32]
  49 000e 0994     		str	r4, [sp, #36]
  50              	.LBB2:
  44:Src/gpio.c    **** 
  45:Src/gpio.c    ****   /* GPIO Ports Clock Enable */
  46:Src/gpio.c    ****   __HAL_RCC_GPIOC_CLK_ENABLE();
  51              		.loc 1 46 0
  52 0010 0194     		str	r4, [sp, #4]
  53 0012 2F4B     		ldr	r3, .L3
  54 0014 1A6B     		ldr	r2, [r3, #48]
  55 0016 42F00402 		orr	r2, r2, #4
  56 001a 1A63     		str	r2, [r3, #48]
  57 001c 1A6B     		ldr	r2, [r3, #48]
  58 001e 02F00402 		and	r2, r2, #4
  59 0022 0192     		str	r2, [sp, #4]
  60 0024 019A     		ldr	r2, [sp, #4]
  61              	.LBE2:
  62              	.LBB3:
  47:Src/gpio.c    ****   __HAL_RCC_GPIOH_CLK_ENABLE();
  63              		.loc 1 47 0
  64 0026 0294     		str	r4, [sp, #8]
  65 0028 1A6B     		ldr	r2, [r3, #48]
  66 002a 42F08002 		orr	r2, r2, #128
  67 002e 1A63     		str	r2, [r3, #48]
  68 0030 1A6B     		ldr	r2, [r3, #48]
ARM GAS  /tmp/cc88Xbbh.s 			page 3


  69 0032 02F08002 		and	r2, r2, #128
  70 0036 0292     		str	r2, [sp, #8]
  71 0038 029A     		ldr	r2, [sp, #8]
  72              	.LBE3:
  73              	.LBB4:
  48:Src/gpio.c    ****   __HAL_RCC_GPIOA_CLK_ENABLE();
  74              		.loc 1 48 0
  75 003a 0394     		str	r4, [sp, #12]
  76 003c 1A6B     		ldr	r2, [r3, #48]
  77 003e 42F00102 		orr	r2, r2, #1
  78 0042 1A63     		str	r2, [r3, #48]
  79 0044 1A6B     		ldr	r2, [r3, #48]
  80 0046 02F00102 		and	r2, r2, #1
  81 004a 0392     		str	r2, [sp, #12]
  82 004c 039A     		ldr	r2, [sp, #12]
  83              	.LBE4:
  84              	.LBB5:
  49:Src/gpio.c    ****   __HAL_RCC_GPIOB_CLK_ENABLE();
  85              		.loc 1 49 0
  86 004e 0494     		str	r4, [sp, #16]
  87 0050 1A6B     		ldr	r2, [r3, #48]
  88 0052 42F00202 		orr	r2, r2, #2
  89 0056 1A63     		str	r2, [r3, #48]
  90 0058 1B6B     		ldr	r3, [r3, #48]
  91 005a 03F00203 		and	r3, r3, #2
  92 005e 0493     		str	r3, [sp, #16]
  93 0060 049B     		ldr	r3, [sp, #16]
  94              	.LBE5:
  50:Src/gpio.c    **** 
  51:Src/gpio.c    ****   /*Configure GPIO pin Output Level */
  52:Src/gpio.c    ****   HAL_GPIO_WritePin(LD2_GPIO_Port, LD2_Pin, GPIO_PIN_RESET);
  95              		.loc 1 52 0
  96 0062 1C4F     		ldr	r7, .L3+4
  97 0064 2246     		mov	r2, r4
  98 0066 2021     		movs	r1, #32
  99 0068 3846     		mov	r0, r7
 100 006a FFF7FEFF 		bl	HAL_GPIO_WritePin
 101              	.LVL0:
  53:Src/gpio.c    **** 
  54:Src/gpio.c    ****   /*Configure GPIO pin Output Level */
  55:Src/gpio.c    ****   HAL_GPIO_WritePin(GPIOC, CE_Pin|TXE_Pin|PWR_Pin|CS_NRF_Pin, GPIO_PIN_RESET);
 102              		.loc 1 55 0
 103 006e 1A4D     		ldr	r5, .L3+8
 104 0070 2246     		mov	r2, r4
 105 0072 4FF47071 		mov	r1, #960
 106 0076 2846     		mov	r0, r5
 107 0078 FFF7FEFF 		bl	HAL_GPIO_WritePin
 108              	.LVL1:
  56:Src/gpio.c    **** 
  57:Src/gpio.c    ****   /*Configure GPIO pin : PtPin */
  58:Src/gpio.c    ****   GPIO_InitStruct.Pin = B1_Pin;
 109              		.loc 1 58 0
 110 007c 4FF40053 		mov	r3, #8192
 111 0080 0593     		str	r3, [sp, #20]
  59:Src/gpio.c    ****   GPIO_InitStruct.Mode = GPIO_MODE_IT_FALLING;
 112              		.loc 1 59 0
 113 0082 164B     		ldr	r3, .L3+12
ARM GAS  /tmp/cc88Xbbh.s 			page 4


 114 0084 0693     		str	r3, [sp, #24]
  60:Src/gpio.c    ****   GPIO_InitStruct.Pull = GPIO_NOPULL;
 115              		.loc 1 60 0
 116 0086 0794     		str	r4, [sp, #28]
  61:Src/gpio.c    ****   HAL_GPIO_Init(B1_GPIO_Port, &GPIO_InitStruct);
 117              		.loc 1 61 0
 118 0088 05A9     		add	r1, sp, #20
 119 008a 2846     		mov	r0, r5
 120 008c FFF7FEFF 		bl	HAL_GPIO_Init
 121              	.LVL2:
  62:Src/gpio.c    **** 
  63:Src/gpio.c    ****   /*Configure GPIO pin : PtPin */
  64:Src/gpio.c    ****   GPIO_InitStruct.Pin = LD2_Pin;
 122              		.loc 1 64 0
 123 0090 2023     		movs	r3, #32
 124 0092 0593     		str	r3, [sp, #20]
  65:Src/gpio.c    ****   GPIO_InitStruct.Mode = GPIO_MODE_OUTPUT_PP;
 125              		.loc 1 65 0
 126 0094 0126     		movs	r6, #1
 127 0096 0696     		str	r6, [sp, #24]
  66:Src/gpio.c    ****   GPIO_InitStruct.Pull = GPIO_NOPULL;
 128              		.loc 1 66 0
 129 0098 0794     		str	r4, [sp, #28]
  67:Src/gpio.c    ****   GPIO_InitStruct.Speed = GPIO_SPEED_FREQ_LOW;
 130              		.loc 1 67 0
 131 009a 0894     		str	r4, [sp, #32]
  68:Src/gpio.c    ****   HAL_GPIO_Init(LD2_GPIO_Port, &GPIO_InitStruct);
 132              		.loc 1 68 0
 133 009c 05A9     		add	r1, sp, #20
 134 009e 3846     		mov	r0, r7
 135 00a0 FFF7FEFF 		bl	HAL_GPIO_Init
 136              	.LVL3:
  69:Src/gpio.c    **** 
  70:Src/gpio.c    ****   /*Configure GPIO pins : PBPin PBPin PBPin */
  71:Src/gpio.c    ****   GPIO_InitStruct.Pin = CD_Pin|AM_Pin|DR_Pin;
 137              		.loc 1 71 0
 138 00a4 4FF46043 		mov	r3, #57344
 139 00a8 0593     		str	r3, [sp, #20]
  72:Src/gpio.c    ****   GPIO_InitStruct.Mode = GPIO_MODE_INPUT;
 140              		.loc 1 72 0
 141 00aa 0694     		str	r4, [sp, #24]
  73:Src/gpio.c    ****   GPIO_InitStruct.Pull = GPIO_NOPULL;
 142              		.loc 1 73 0
 143 00ac 0794     		str	r4, [sp, #28]
  74:Src/gpio.c    ****   HAL_GPIO_Init(GPIOB, &GPIO_InitStruct);
 144              		.loc 1 74 0
 145 00ae 05A9     		add	r1, sp, #20
 146 00b0 0B48     		ldr	r0, .L3+16
 147 00b2 FFF7FEFF 		bl	HAL_GPIO_Init
 148              	.LVL4:
  75:Src/gpio.c    **** 
  76:Src/gpio.c    ****   /*Configure GPIO pins : PCPin PCPin PCPin PCPin */
  77:Src/gpio.c    ****   GPIO_InitStruct.Pin = CE_Pin|TXE_Pin|PWR_Pin|CS_NRF_Pin;
 149              		.loc 1 77 0
 150 00b6 4FF47073 		mov	r3, #960
 151 00ba 0593     		str	r3, [sp, #20]
  78:Src/gpio.c    ****   GPIO_InitStruct.Mode = GPIO_MODE_OUTPUT_PP;
ARM GAS  /tmp/cc88Xbbh.s 			page 5


 152              		.loc 1 78 0
 153 00bc 0696     		str	r6, [sp, #24]
  79:Src/gpio.c    ****   GPIO_InitStruct.Pull = GPIO_NOPULL;
 154              		.loc 1 79 0
 155 00be 0794     		str	r4, [sp, #28]
  80:Src/gpio.c    ****   GPIO_InitStruct.Speed = GPIO_SPEED_FREQ_LOW;
 156              		.loc 1 80 0
 157 00c0 0894     		str	r4, [sp, #32]
  81:Src/gpio.c    ****   HAL_GPIO_Init(GPIOC, &GPIO_InitStruct);
 158              		.loc 1 81 0
 159 00c2 05A9     		add	r1, sp, #20
 160 00c4 2846     		mov	r0, r5
 161 00c6 FFF7FEFF 		bl	HAL_GPIO_Init
 162              	.LVL5:
  82:Src/gpio.c    **** 
  83:Src/gpio.c    **** }
 163              		.loc 1 83 0
 164 00ca 0BB0     		add	sp, sp, #44
 165              	.LCFI2:
 166              		.cfi_def_cfa_offset 20
 167              		@ sp needed
 168 00cc F0BD     		pop	{r4, r5, r6, r7, pc}
 169              	.L4:
 170 00ce 00BF     		.align	2
 171              	.L3:
 172 00d0 00380240 		.word	1073887232
 173 00d4 00000240 		.word	1073872896
 174 00d8 00080240 		.word	1073874944
 175 00dc 00002110 		.word	270598144
 176 00e0 00040240 		.word	1073873920
 177              		.cfi_endproc
 178              	.LFE130:
 180              		.text
 181              	.Letext0:
 182              		.file 2 "/home/maxx/develop/gcc-arm-none-eabi-7-2018-q2-update/arm-none-eabi/include/machine/_defa
 183              		.file 3 "/home/maxx/develop/gcc-arm-none-eabi-7-2018-q2-update/arm-none-eabi/include/sys/_stdint.h
 184              		.file 4 "Drivers/CMSIS/Include/core_cm4.h"
 185              		.file 5 "Drivers/CMSIS/Device/ST/STM32F4xx/Include/system_stm32f4xx.h"
 186              		.file 6 "Drivers/CMSIS/Device/ST/STM32F4xx/Include/stm32f401xe.h"
 187              		.file 7 "Drivers/STM32F4xx_HAL_Driver/Inc/stm32f4xx_hal_gpio.h"
 188              		.file 8 "Drivers/STM32F4xx_HAL_Driver/Inc/stm32f4xx_hal.h"
ARM GAS  /tmp/cc88Xbbh.s 			page 6


DEFINED SYMBOLS
                            *ABS*:0000000000000000 gpio.c
     /tmp/cc88Xbbh.s:18     .text.MX_GPIO_Init:0000000000000000 $t
     /tmp/cc88Xbbh.s:25     .text.MX_GPIO_Init:0000000000000000 MX_GPIO_Init
     /tmp/cc88Xbbh.s:172    .text.MX_GPIO_Init:00000000000000d0 $d

UNDEFINED SYMBOLS
HAL_GPIO_WritePin
HAL_GPIO_Init
