ARM GAS  /tmp/ccUVODfC.s 			page 1


   1              		.cpu cortex-m4
   2              		.eabi_attribute 27, 1
   3              		.eabi_attribute 28, 1
   4              		.eabi_attribute 20, 1
   5              		.eabi_attribute 21, 1
   6              		.eabi_attribute 23, 3
   7              		.eabi_attribute 24, 1
   8              		.eabi_attribute 25, 1
   9              		.eabi_attribute 26, 1
  10              		.eabi_attribute 30, 1
  11              		.eabi_attribute 34, 1
  12              		.eabi_attribute 18, 4
  13              		.file	"nrf905.c"
  14              		.text
  15              	.Ltext0:
  16              		.cfi_sections	.debug_frame
  17              		.section	.text.NRF905_ReadReg,"ax",%progbits
  18              		.align	1
  19              		.global	NRF905_ReadReg
  20              		.syntax unified
  21              		.thumb
  22              		.thumb_func
  23              		.fpu fpv4-sp-d16
  25              	NRF905_ReadReg:
  26              	.LFB130:
  27              		.file 1 "Src/nrf905.c"
   1:Src/nrf905.c  **** 
   2:Src/nrf905.c  **** #include "main.h"
   3:Src/nrf905.c  **** #include "nrf905.h"
   4:Src/nrf905.c  **** #include "spi.h"
   5:Src/nrf905.c  **** //extern SPI_HandleTypeDef hspi1;
   6:Src/nrf905.c  **** 
   7:Src/nrf905.c  **** uint8_t NRF905_ReadReg(uint8_t reg)
   8:Src/nrf905.c  **** {
  28              		.loc 1 8 0
  29              		.cfi_startproc
  30              		@ args = 0, pretend = 0, frame = 16
  31              		@ frame_needed = 0, uses_anonymous_args = 0
  32              	.LVL0:
  33 0000 70B5     		push	{r4, r5, r6, lr}
  34              	.LCFI0:
  35              		.cfi_def_cfa_offset 16
  36              		.cfi_offset 4, -16
  37              		.cfi_offset 5, -12
  38              		.cfi_offset 6, -8
  39              		.cfi_offset 14, -4
  40 0002 86B0     		sub	sp, sp, #24
  41              	.LCFI1:
  42              		.cfi_def_cfa_offset 40
   9:Src/nrf905.c  ****  uint8_t dt=0, cmd=0;
  43              		.loc 1 9 0
  44 0004 0022     		movs	r2, #0
  45 0006 8DF81720 		strb	r2, [sp, #23]
  46              	.LVL1:
  10:Src/nrf905.c  ****  reg |= R_CONFIG;
  47              		.loc 1 10 0
  48 000a 40F01000 		orr	r0, r0, #16
ARM GAS  /tmp/ccUVODfC.s 			page 2


  49              	.LVL2:
  50 000e 8DF80F00 		strb	r0, [sp, #15]
  11:Src/nrf905.c  ****  NRF905_CS_LO;
  51              		.loc 1 11 0
  52 0012 114C     		ldr	r4, .L3
  53 0014 4FF40071 		mov	r1, #512
  54 0018 2046     		mov	r0, r4
  55 001a FFF7FEFF 		bl	HAL_GPIO_WritePin
  56              	.LVL3:
  12:Src/nrf905.c  ****  HAL_SPI_TransmitReceive(&hspi3,&reg,&dt,1,1000);
  57              		.loc 1 12 0
  58 001e 0F4D     		ldr	r5, .L3+4
  59 0020 4FF47A76 		mov	r6, #1000
  60 0024 0096     		str	r6, [sp]
  61 0026 0123     		movs	r3, #1
  62 0028 0DF11702 		add	r2, sp, #23
  63 002c 0DF10F01 		add	r1, sp, #15
  64 0030 2846     		mov	r0, r5
  65 0032 FFF7FEFF 		bl	HAL_SPI_TransmitReceive
  66              	.LVL4:
  13:Src/nrf905.c  ****  HAL_SPI_Receive(&hspi3,&dt,1,1000);
  67              		.loc 1 13 0
  68 0036 3346     		mov	r3, r6
  69 0038 0122     		movs	r2, #1
  70 003a 0DF11701 		add	r1, sp, #23
  71 003e 2846     		mov	r0, r5
  72 0040 FFF7FEFF 		bl	HAL_SPI_Receive
  73              	.LVL5:
  14:Src/nrf905.c  ****   NRF905_CS_HI;	
  74              		.loc 1 14 0
  75 0044 0122     		movs	r2, #1
  76 0046 4FF40071 		mov	r1, #512
  77 004a 2046     		mov	r0, r4
  78 004c FFF7FEFF 		bl	HAL_GPIO_WritePin
  79              	.LVL6:
  15:Src/nrf905.c  ****  return dt;
  16:Src/nrf905.c  **** }
  80              		.loc 1 16 0
  81 0050 9DF81700 		ldrb	r0, [sp, #23]	@ zero_extendqisi2
  82 0054 06B0     		add	sp, sp, #24
  83              	.LCFI2:
  84              		.cfi_def_cfa_offset 16
  85              		@ sp needed
  86 0056 70BD     		pop	{r4, r5, r6, pc}
  87              	.L4:
  88              		.align	2
  89              	.L3:
  90 0058 00080240 		.word	1073874944
  91 005c 00000000 		.word	hspi3
  92              		.cfi_endproc
  93              	.LFE130:
  95              		.section	.text.NRF905_WriteReg,"ax",%progbits
  96              		.align	1
  97              		.global	NRF905_WriteReg
  98              		.syntax unified
  99              		.thumb
 100              		.thumb_func
ARM GAS  /tmp/ccUVODfC.s 			page 3


 101              		.fpu fpv4-sp-d16
 103              	NRF905_WriteReg:
 104              	.LFB131:
  17:Src/nrf905.c  **** 
  18:Src/nrf905.c  **** uint8_t NRF905_WriteReg(uint8_t reg, uint8_t data )
  19:Src/nrf905.c  **** {
 105              		.loc 1 19 0
 106              		.cfi_startproc
 107              		@ args = 0, pretend = 0, frame = 8
 108              		@ frame_needed = 0, uses_anonymous_args = 0
 109              	.LVL7:
 110 0000 30B5     		push	{r4, r5, lr}
 111              	.LCFI3:
 112              		.cfi_def_cfa_offset 12
 113              		.cfi_offset 4, -12
 114              		.cfi_offset 5, -8
 115              		.cfi_offset 14, -4
 116 0002 83B0     		sub	sp, sp, #12
 117              	.LCFI4:
 118              		.cfi_def_cfa_offset 24
 119 0004 8DF80700 		strb	r0, [sp, #7]
 120 0008 8DF80610 		strb	r1, [sp, #6]
  20:Src/nrf905.c  ****  reg |= W_CONFIG;
  21:Src/nrf905.c  ****  NRF905_CS_LO;
 121              		.loc 1 21 0
 122 000c 104C     		ldr	r4, .L7
 123 000e 0022     		movs	r2, #0
 124 0010 4FF40071 		mov	r1, #512
 125              	.LVL8:
 126 0014 2046     		mov	r0, r4
 127              	.LVL9:
 128 0016 FFF7FEFF 		bl	HAL_GPIO_WritePin
 129              	.LVL10:
  22:Src/nrf905.c  ****  HAL_SPI_Transmit(&hspi3,&reg,1,1000);
 130              		.loc 1 22 0
 131 001a 0E4D     		ldr	r5, .L7+4
 132 001c 4FF47A73 		mov	r3, #1000
 133 0020 0122     		movs	r2, #1
 134 0022 0DF10701 		add	r1, sp, #7
 135 0026 2846     		mov	r0, r5
 136 0028 FFF7FEFF 		bl	HAL_SPI_Transmit
 137              	.LVL11:
  23:Src/nrf905.c  ****  HAL_SPI_Transmit(&hspi3,&data,1,1000);
 138              		.loc 1 23 0
 139 002c 4FF47A73 		mov	r3, #1000
 140 0030 0122     		movs	r2, #1
 141 0032 0DF10601 		add	r1, sp, #6
 142 0036 2846     		mov	r0, r5
 143 0038 FFF7FEFF 		bl	HAL_SPI_Transmit
 144              	.LVL12:
  24:Src/nrf905.c  ****  NRF905_CS_HI;
 145              		.loc 1 24 0
 146 003c 0122     		movs	r2, #1
 147 003e 4FF40071 		mov	r1, #512
 148 0042 2046     		mov	r0, r4
 149 0044 FFF7FEFF 		bl	HAL_GPIO_WritePin
 150              	.LVL13:
ARM GAS  /tmp/ccUVODfC.s 			page 4


  25:Src/nrf905.c  ****  return 0;
  26:Src/nrf905.c  **** }
 151              		.loc 1 26 0
 152 0048 0020     		movs	r0, #0
 153 004a 03B0     		add	sp, sp, #12
 154              	.LCFI5:
 155              		.cfi_def_cfa_offset 12
 156              		@ sp needed
 157 004c 30BD     		pop	{r4, r5, pc}
 158              	.L8:
 159 004e 00BF     		.align	2
 160              	.L7:
 161 0050 00080240 		.word	1073874944
 162 0054 00000000 		.word	hspi3
 163              		.cfi_endproc
 164              	.LFE131:
 166              		.section	.text.NRF905_ReadBuf,"ax",%progbits
 167              		.align	1
 168              		.global	NRF905_ReadBuf
 169              		.syntax unified
 170              		.thumb
 171              		.thumb_func
 172              		.fpu fpv4-sp-d16
 174              	NRF905_ReadBuf:
 175              	.LFB132:
  27:Src/nrf905.c  **** void NRF905_ReadBuf(uint8_t reg,uint8_t *pBuf,uint8_t bytes)
  28:Src/nrf905.c  **** {
 176              		.loc 1 28 0
 177              		.cfi_startproc
 178              		@ args = 0, pretend = 0, frame = 16
 179              		@ frame_needed = 0, uses_anonymous_args = 0
 180              	.LVL14:
 181 0000 70B5     		push	{r4, r5, r6, lr}
 182              	.LCFI6:
 183              		.cfi_def_cfa_offset 16
 184              		.cfi_offset 4, -16
 185              		.cfi_offset 5, -12
 186              		.cfi_offset 6, -8
 187              		.cfi_offset 14, -4
 188 0002 86B0     		sub	sp, sp, #24
 189              	.LCFI7:
 190              		.cfi_def_cfa_offset 40
 191 0004 0D46     		mov	r5, r1
 192 0006 1646     		mov	r6, r2
 193              	.LVL15:
  29:Src/nrf905.c  ****   uint8_t i=0, tmp;
  30:Src/nrf905.c  ****  reg |= R_CONFIG;
 194              		.loc 1 30 0
 195 0008 40F01000 		orr	r0, r0, #16
 196              	.LVL16:
 197 000c 8DF80F00 		strb	r0, [sp, #15]
  31:Src/nrf905.c  ****  
  32:Src/nrf905.c  ****  NRF905_CS_LO;
 198              		.loc 1 32 0
 199 0010 0022     		movs	r2, #0
 200              	.LVL17:
 201 0012 4FF40071 		mov	r1, #512
ARM GAS  /tmp/ccUVODfC.s 			page 5


 202              	.LVL18:
 203 0016 1548     		ldr	r0, .L13
 204 0018 FFF7FEFF 		bl	HAL_GPIO_WritePin
 205              	.LVL19:
  33:Src/nrf905.c  ****  HAL_SPI_TransmitReceive(&hspi3,&reg,&tmp,1,1000);
 206              		.loc 1 33 0
 207 001c 4FF47A73 		mov	r3, #1000
 208 0020 0093     		str	r3, [sp]
 209 0022 0123     		movs	r3, #1
 210 0024 0DF11702 		add	r2, sp, #23
 211 0028 0DF10F01 		add	r1, sp, #15
 212 002c 1048     		ldr	r0, .L13+4
 213 002e FFF7FEFF 		bl	HAL_SPI_TransmitReceive
 214              	.LVL20:
  34:Src/nrf905.c  ****  tmp = NOP;
 215              		.loc 1 34 0
 216 0032 FF23     		movs	r3, #255
 217 0034 8DF81730 		strb	r3, [sp, #23]
  35:Src/nrf905.c  **** for (i=0; i<bytes; i++)
 218              		.loc 1 35 0
 219 0038 0024     		movs	r4, #0
 220 003a 0CE0     		b	.L10
 221              	.LVL21:
 222              	.L11:
  36:Src/nrf905.c  ****   {
  37:Src/nrf905.c  ****    HAL_SPI_TransmitReceive(&hspi3,&tmp,pBuf,1,1000);
 223              		.loc 1 37 0 discriminator 3
 224 003c 4FF47A73 		mov	r3, #1000
 225 0040 0093     		str	r3, [sp]
 226 0042 0123     		movs	r3, #1
 227 0044 2A46     		mov	r2, r5
 228 0046 0DF11701 		add	r1, sp, #23
 229 004a 0948     		ldr	r0, .L13+4
 230 004c FFF7FEFF 		bl	HAL_SPI_TransmitReceive
 231              	.LVL22:
  38:Src/nrf905.c  ****     pBuf++;
 232              		.loc 1 38 0 discriminator 3
 233 0050 0135     		adds	r5, r5, #1
 234              	.LVL23:
  35:Src/nrf905.c  **** for (i=0; i<bytes; i++)
 235              		.loc 1 35 0 discriminator 3
 236 0052 0134     		adds	r4, r4, #1
 237              	.LVL24:
 238 0054 E4B2     		uxtb	r4, r4
 239              	.LVL25:
 240              	.L10:
  35:Src/nrf905.c  **** for (i=0; i<bytes; i++)
 241              		.loc 1 35 0 is_stmt 0 discriminator 1
 242 0056 B442     		cmp	r4, r6
 243 0058 F0D3     		bcc	.L11
  39:Src/nrf905.c  ****   }
  40:Src/nrf905.c  ****  NRF905_CS_HI;
 244              		.loc 1 40 0 is_stmt 1
 245 005a 0122     		movs	r2, #1
 246 005c 4FF40071 		mov	r1, #512
 247 0060 0248     		ldr	r0, .L13
 248 0062 FFF7FEFF 		bl	HAL_GPIO_WritePin
ARM GAS  /tmp/ccUVODfC.s 			page 6


 249              	.LVL26:
  41:Src/nrf905.c  **** }
 250              		.loc 1 41 0
 251 0066 06B0     		add	sp, sp, #24
 252              	.LCFI8:
 253              		.cfi_def_cfa_offset 16
 254              		@ sp needed
 255 0068 70BD     		pop	{r4, r5, r6, pc}
 256              	.LVL27:
 257              	.L14:
 258 006a 00BF     		.align	2
 259              	.L13:
 260 006c 00080240 		.word	1073874944
 261 0070 00000000 		.word	hspi3
 262              		.cfi_endproc
 263              	.LFE132:
 265              		.section	.text.NRF905_WriteBuf,"ax",%progbits
 266              		.align	1
 267              		.global	NRF905_WriteBuf
 268              		.syntax unified
 269              		.thumb
 270              		.thumb_func
 271              		.fpu fpv4-sp-d16
 273              	NRF905_WriteBuf:
 274              	.LFB133:
  42:Src/nrf905.c  **** 
  43:Src/nrf905.c  **** 
  44:Src/nrf905.c  **** void NRF905_WriteBuf(uint8_t reg,uint8_t *pBuf,uint8_t bytes)
  45:Src/nrf905.c  **** {
 275              		.loc 1 45 0
 276              		.cfi_startproc
 277              		@ args = 0, pretend = 0, frame = 16
 278              		@ frame_needed = 0, uses_anonymous_args = 0
 279              	.LVL28:
 280 0000 70B5     		push	{r4, r5, r6, lr}
 281              	.LCFI9:
 282              		.cfi_def_cfa_offset 16
 283              		.cfi_offset 4, -16
 284              		.cfi_offset 5, -12
 285              		.cfi_offset 6, -8
 286              		.cfi_offset 14, -4
 287 0002 86B0     		sub	sp, sp, #24
 288              	.LCFI10:
 289              		.cfi_def_cfa_offset 40
 290 0004 0D46     		mov	r5, r1
 291 0006 1646     		mov	r6, r2
 292 0008 8DF80F00 		strb	r0, [sp, #15]
  46:Src/nrf905.c  ****  uint8_t i,y; 
  47:Src/nrf905.c  ****  reg |=W_CONFIG;
  48:Src/nrf905.c  ****  NRF905_CS_LO;
 293              		.loc 1 48 0
 294 000c 0022     		movs	r2, #0
 295              	.LVL29:
 296 000e 4FF40071 		mov	r1, #512
 297              	.LVL30:
 298 0012 1348     		ldr	r0, .L19
 299              	.LVL31:
ARM GAS  /tmp/ccUVODfC.s 			page 7


 300 0014 FFF7FEFF 		bl	HAL_GPIO_WritePin
 301              	.LVL32:
  49:Src/nrf905.c  ****  HAL_SPI_TransmitReceive(&hspi3,&reg, &y,1,1000);
 302              		.loc 1 49 0
 303 0018 4FF47A73 		mov	r3, #1000
 304 001c 0093     		str	r3, [sp]
 305 001e 0123     		movs	r3, #1
 306 0020 0DF11702 		add	r2, sp, #23
 307 0024 0DF10F01 		add	r1, sp, #15
 308 0028 0E48     		ldr	r0, .L19+4
 309 002a FFF7FEFF 		bl	HAL_SPI_TransmitReceive
 310              	.LVL33:
  50:Src/nrf905.c  ****  for (i=0;i<bytes;i++) 
 311              		.loc 1 50 0
 312 002e 0024     		movs	r4, #0
 313 0030 0CE0     		b	.L16
 314              	.LVL34:
 315              	.L17:
  51:Src/nrf905.c  ****    {
  52:Src/nrf905.c  ****      HAL_SPI_TransmitReceive(&hspi3,pBuf,&y,1,1000);
 316              		.loc 1 52 0 discriminator 3
 317 0032 4FF47A73 		mov	r3, #1000
 318 0036 0093     		str	r3, [sp]
 319 0038 0123     		movs	r3, #1
 320 003a 0DF11702 		add	r2, sp, #23
 321 003e 2946     		mov	r1, r5
 322 0040 0848     		ldr	r0, .L19+4
 323 0042 FFF7FEFF 		bl	HAL_SPI_TransmitReceive
 324              	.LVL35:
  53:Src/nrf905.c  ****      pBuf++;
 325              		.loc 1 53 0 discriminator 3
 326 0046 0135     		adds	r5, r5, #1
 327              	.LVL36:
  50:Src/nrf905.c  ****  for (i=0;i<bytes;i++) 
 328              		.loc 1 50 0 discriminator 3
 329 0048 0134     		adds	r4, r4, #1
 330              	.LVL37:
 331 004a E4B2     		uxtb	r4, r4
 332              	.LVL38:
 333              	.L16:
  50:Src/nrf905.c  ****  for (i=0;i<bytes;i++) 
 334              		.loc 1 50 0 is_stmt 0 discriminator 1
 335 004c B442     		cmp	r4, r6
 336 004e F0D3     		bcc	.L17
  54:Src/nrf905.c  ****    }
  55:Src/nrf905.c  ****  NRF905_CS_HI;
 337              		.loc 1 55 0 is_stmt 1
 338 0050 0122     		movs	r2, #1
 339 0052 4FF40071 		mov	r1, #512
 340 0056 0248     		ldr	r0, .L19
 341 0058 FFF7FEFF 		bl	HAL_GPIO_WritePin
 342              	.LVL39:
  56:Src/nrf905.c  **** }
 343              		.loc 1 56 0
 344 005c 06B0     		add	sp, sp, #24
 345              	.LCFI11:
 346              		.cfi_def_cfa_offset 16
ARM GAS  /tmp/ccUVODfC.s 			page 8


 347              		@ sp needed
 348 005e 70BD     		pop	{r4, r5, r6, pc}
 349              	.LVL40:
 350              	.L20:
 351              		.align	2
 352              	.L19:
 353 0060 00080240 		.word	1073874944
 354 0064 00000000 		.word	hspi3
 355              		.cfi_endproc
 356              	.LFE133:
 358              		.section	.text.NRF905_POWER_ON,"ax",%progbits
 359              		.align	1
 360              		.global	NRF905_POWER_ON
 361              		.syntax unified
 362              		.thumb
 363              		.thumb_func
 364              		.fpu fpv4-sp-d16
 366              	NRF905_POWER_ON:
 367              	.LFB134:
  57:Src/nrf905.c  **** void NRF905_POWER_ON (void)
  58:Src/nrf905.c  **** {
 368              		.loc 1 58 0
 369              		.cfi_startproc
 370              		@ args = 0, pretend = 0, frame = 0
 371              		@ frame_needed = 0, uses_anonymous_args = 0
 372 0000 10B5     		push	{r4, lr}
 373              	.LCFI12:
 374              		.cfi_def_cfa_offset 8
 375              		.cfi_offset 4, -8
 376              		.cfi_offset 14, -4
  59:Src/nrf905.c  ****  HAL_GPIO_WritePin(PWR_GPIO_Port, PWR_Pin, GPIO_PIN_SET);
 377              		.loc 1 59 0
 378 0002 084C     		ldr	r4, .L23
 379 0004 0122     		movs	r2, #1
 380 0006 4FF48071 		mov	r1, #256
 381 000a 2046     		mov	r0, r4
 382 000c FFF7FEFF 		bl	HAL_GPIO_WritePin
 383              	.LVL41:
  60:Src/nrf905.c  ****  HAL_GPIO_WritePin(TXE_GPIO_Port, TXE_Pin, GPIO_PIN_RESET);
 384              		.loc 1 60 0
 385 0010 0022     		movs	r2, #0
 386 0012 8021     		movs	r1, #128
 387 0014 2046     		mov	r0, r4
 388 0016 FFF7FEFF 		bl	HAL_GPIO_WritePin
 389              	.LVL42:
  61:Src/nrf905.c  ****  HAL_Delay(1);
 390              		.loc 1 61 0
 391 001a 0120     		movs	r0, #1
 392 001c FFF7FEFF 		bl	HAL_Delay
 393              	.LVL43:
  62:Src/nrf905.c  **** }
 394              		.loc 1 62 0
 395 0020 10BD     		pop	{r4, pc}
 396              	.L24:
 397 0022 00BF     		.align	2
 398              	.L23:
 399 0024 00080240 		.word	1073874944
ARM GAS  /tmp/ccUVODfC.s 			page 9


 400              		.cfi_endproc
 401              	.LFE134:
 403              		.section	.text.NRF905_POWER_OFF,"ax",%progbits
 404              		.align	1
 405              		.global	NRF905_POWER_OFF
 406              		.syntax unified
 407              		.thumb
 408              		.thumb_func
 409              		.fpu fpv4-sp-d16
 411              	NRF905_POWER_OFF:
 412              	.LFB135:
  63:Src/nrf905.c  **** void NRF905_POWER_OFF (void)
  64:Src/nrf905.c  **** {
 413              		.loc 1 64 0
 414              		.cfi_startproc
 415              		@ args = 0, pretend = 0, frame = 0
 416              		@ frame_needed = 0, uses_anonymous_args = 0
 417 0000 08B5     		push	{r3, lr}
 418              	.LCFI13:
 419              		.cfi_def_cfa_offset 8
 420              		.cfi_offset 3, -8
 421              		.cfi_offset 14, -4
  65:Src/nrf905.c  ****  HAL_GPIO_WritePin(PWR_GPIO_Port, PWR_Pin, GPIO_PIN_RESET);
 422              		.loc 1 65 0
 423 0002 0022     		movs	r2, #0
 424 0004 4FF48071 		mov	r1, #256
 425 0008 0148     		ldr	r0, .L27
 426 000a FFF7FEFF 		bl	HAL_GPIO_WritePin
 427              	.LVL44:
  66:Src/nrf905.c  **** }
 428              		.loc 1 66 0
 429 000e 08BD     		pop	{r3, pc}
 430              	.L28:
 431              		.align	2
 432              	.L27:
 433 0010 00080240 		.word	1073874944
 434              		.cfi_endproc
 435              	.LFE135:
 437              		.section	.text.NRF905_INIT,"ax",%progbits
 438              		.align	1
 439              		.global	NRF905_INIT
 440              		.syntax unified
 441              		.thumb
 442              		.thumb_func
 443              		.fpu fpv4-sp-d16
 445              	NRF905_INIT:
 446              	.LFB136:
  67:Src/nrf905.c  **** uint8_t NRF905_INIT(struct NRF905_Conf *Conf)
  68:Src/nrf905.c  **** {
 447              		.loc 1 68 0
 448              		.cfi_startproc
 449              		@ args = 0, pretend = 0, frame = 16
 450              		@ frame_needed = 0, uses_anonymous_args = 0
 451              	.LVL45:
 452 0000 30B5     		push	{r4, r5, lr}
 453              	.LCFI14:
 454              		.cfi_def_cfa_offset 12
ARM GAS  /tmp/ccUVODfC.s 			page 10


 455              		.cfi_offset 4, -12
 456              		.cfi_offset 5, -8
 457              		.cfi_offset 14, -4
 458 0002 85B0     		sub	sp, sp, #20
 459              	.LCFI15:
 460              		.cfi_def_cfa_offset 32
 461 0004 0546     		mov	r5, r0
  69:Src/nrf905.c  ****  struct NRF905_Conf tmp;   
  70:Src/nrf905.c  **** 
  71:Src/nrf905.c  ****  NRF905_ReadBuf(0,&tmp,sizeof(tmp));
 462              		.loc 1 71 0
 463 0006 0A22     		movs	r2, #10
 464 0008 01A9     		add	r1, sp, #4
 465 000a 0020     		movs	r0, #0
 466              	.LVL46:
 467 000c FFF7FEFF 		bl	NRF905_ReadBuf
 468              	.LVL47:
  72:Src/nrf905.c  ****  HAL_Delay(5000);
 469              		.loc 1 72 0
 470 0010 41F28830 		movw	r0, #5000
 471 0014 FFF7FEFF 		bl	HAL_Delay
 472              	.LVL48:
  73:Src/nrf905.c  ****  tmp.RX_ADDRESS=0xE7E7E7E7;
 473              		.loc 1 73 0
 474 0018 9DF80830 		ldrb	r3, [sp, #8]	@ zero_extendqisi2
 475 001c 43F0E723 		orr	r3, r3, #-419371264
 476 0020 43F46703 		orr	r3, r3, #15138816
 477 0024 0293     		str	r3, [sp, #8]
 478 0026 0024     		movs	r4, #0
 479 0028 6FF01803 		mvn	r3, #24
 480 002c 8DF80C30 		strb	r3, [sp, #12]
  74:Src/nrf905.c  ****  NRF905_WriteBuf(0,&tmp,sizeof(tmp));
 481              		.loc 1 74 0
 482 0030 0A22     		movs	r2, #10
 483 0032 01A9     		add	r1, sp, #4
 484 0034 2046     		mov	r0, r4
 485 0036 FFF7FEFF 		bl	NRF905_WriteBuf
 486              	.LVL49:
  75:Src/nrf905.c  ****  HAL_Delay(5000);
 487              		.loc 1 75 0
 488 003a 41F28830 		movw	r0, #5000
 489 003e FFF7FEFF 		bl	HAL_Delay
 490              	.LVL50:
  76:Src/nrf905.c  ****  tmp.RX_ADDRESS = 0;
 491              		.loc 1 76 0
 492 0042 9DF80830 		ldrb	r3, [sp, #8]	@ zero_extendqisi2
 493 0046 0293     		str	r3, [sp, #8]
 494 0048 8DF80C40 		strb	r4, [sp, #12]
  77:Src/nrf905.c  ****  NRF905_ReadBuf(0,&tmp,sizeof(tmp));
 495              		.loc 1 77 0
 496 004c 0A22     		movs	r2, #10
 497 004e 01A9     		add	r1, sp, #4
 498 0050 2046     		mov	r0, r4
 499 0052 FFF7FEFF 		bl	NRF905_ReadBuf
 500              	.LVL51:
  78:Src/nrf905.c  ****  if ((tmp.RX_ADDRESS != 0xE7E7E7E7)) 
 501              		.loc 1 78 0
ARM GAS  /tmp/ccUVODfC.s 			page 11


 502 0056 DDF80930 		ldr	r3, [sp, #9]	@ unaligned
 503 005a B3F1E73F 		cmp	r3, #-404232217
 504 005e 02D0     		beq	.L33
  79:Src/nrf905.c  ****    {
  80:Src/nrf905.c  ****      return 0;
 505              		.loc 1 80 0
 506 0060 0020     		movs	r0, #0
 507              	.L30:
  81:Src/nrf905.c  ****    } else
  82:Src/nrf905.c  ****       {
  83:Src/nrf905.c  ****      /* code */
  84:Src/nrf905.c  ****        HAL_Delay(5000);
  85:Src/nrf905.c  ****        NRF905_WriteBuf(0,Conf,10);
  86:Src/nrf905.c  ****        return 1;
  87:Src/nrf905.c  ****       }
  88:Src/nrf905.c  ****   
  89:Src/nrf905.c  **** }
 508              		.loc 1 89 0
 509 0062 05B0     		add	sp, sp, #20
 510              	.LCFI16:
 511              		.cfi_remember_state
 512              		.cfi_def_cfa_offset 12
 513              		@ sp needed
 514 0064 30BD     		pop	{r4, r5, pc}
 515              	.LVL52:
 516              	.L33:
 517              	.LCFI17:
 518              		.cfi_restore_state
  84:Src/nrf905.c  ****        NRF905_WriteBuf(0,Conf,10);
 519              		.loc 1 84 0
 520 0066 41F28830 		movw	r0, #5000
 521 006a FFF7FEFF 		bl	HAL_Delay
 522              	.LVL53:
  85:Src/nrf905.c  ****        return 1;
 523              		.loc 1 85 0
 524 006e 0A22     		movs	r2, #10
 525 0070 2946     		mov	r1, r5
 526 0072 2046     		mov	r0, r4
 527 0074 FFF7FEFF 		bl	NRF905_WriteBuf
 528              	.LVL54:
  86:Src/nrf905.c  ****       }
 529              		.loc 1 86 0
 530 0078 0120     		movs	r0, #1
 531 007a F2E7     		b	.L30
 532              		.cfi_endproc
 533              	.LFE136:
 535              		.section	.text.WriteDataToSend,"ax",%progbits
 536              		.align	1
 537              		.global	WriteDataToSend
 538              		.syntax unified
 539              		.thumb
 540              		.thumb_func
 541              		.fpu fpv4-sp-d16
 543              	WriteDataToSend:
 544              	.LFB137:
  90:Src/nrf905.c  **** void WriteDataToSend(uint32_t addr, uint8_t *pBuf, uint8_t size)
  91:Src/nrf905.c  **** {
ARM GAS  /tmp/ccUVODfC.s 			page 12


 545              		.loc 1 91 0
 546              		.cfi_startproc
 547              		@ args = 0, pretend = 0, frame = 8
 548              		@ frame_needed = 0, uses_anonymous_args = 0
 549              	.LVL55:
 550 0000 2DE9F043 		push	{r4, r5, r6, r7, r8, r9, lr}
 551              	.LCFI18:
 552              		.cfi_def_cfa_offset 28
 553              		.cfi_offset 4, -28
 554              		.cfi_offset 5, -24
 555              		.cfi_offset 6, -20
 556              		.cfi_offset 7, -16
 557              		.cfi_offset 8, -12
 558              		.cfi_offset 9, -8
 559              		.cfi_offset 14, -4
 560 0004 85B0     		sub	sp, sp, #20
 561              	.LCFI19:
 562              		.cfi_def_cfa_offset 48
 563 0006 8146     		mov	r9, r0
 564 0008 0D46     		mov	r5, r1
 565 000a 1646     		mov	r6, r2
  92:Src/nrf905.c  ****   uint8_t i,y, tmp;
  93:Src/nrf905.c  ****   tmp = W_TX_ADDRESS; 
 566              		.loc 1 93 0
 567 000c 2223     		movs	r3, #34
 568 000e 8DF80E30 		strb	r3, [sp, #14]
  94:Src/nrf905.c  ****   NRF905_CS_LO;
 569              		.loc 1 94 0
 570 0012 DFF8A480 		ldr	r8, .L38+4
 571 0016 0022     		movs	r2, #0
 572              	.LVL56:
 573 0018 4FF40071 		mov	r1, #512
 574              	.LVL57:
 575 001c 4046     		mov	r0, r8
 576              	.LVL58:
 577 001e FFF7FEFF 		bl	HAL_GPIO_WritePin
 578              	.LVL59:
  95:Src/nrf905.c  ****   HAL_SPI_TransmitReceive(&hspi3,&tmp, &y, 1, 1000);
 579              		.loc 1 95 0
 580 0022 244C     		ldr	r4, .L38
 581 0024 4FF47A77 		mov	r7, #1000
 582 0028 0097     		str	r7, [sp]
 583 002a 0123     		movs	r3, #1
 584 002c 0DF10F02 		add	r2, sp, #15
 585 0030 0DF10E01 		add	r1, sp, #14
 586 0034 2046     		mov	r0, r4
 587 0036 FFF7FEFF 		bl	HAL_SPI_TransmitReceive
 588              	.LVL60:
  96:Src/nrf905.c  ****   tmp = addr;
 589              		.loc 1 96 0
 590 003a 8DF80E90 		strb	r9, [sp, #14]
  97:Src/nrf905.c  ****   HAL_SPI_TransmitReceive(&hspi3,&tmp, &y, 1, 1000); 
 591              		.loc 1 97 0
 592 003e 0097     		str	r7, [sp]
 593 0040 0123     		movs	r3, #1
 594 0042 0DF10F02 		add	r2, sp, #15
 595 0046 0DF10E01 		add	r1, sp, #14
ARM GAS  /tmp/ccUVODfC.s 			page 13


 596 004a 2046     		mov	r0, r4
 597 004c FFF7FEFF 		bl	HAL_SPI_TransmitReceive
 598              	.LVL61:
  98:Src/nrf905.c  ****   NRF905_CS_HI;
 599              		.loc 1 98 0
 600 0050 0122     		movs	r2, #1
 601 0052 4FF40071 		mov	r1, #512
 602 0056 4046     		mov	r0, r8
 603 0058 FFF7FEFF 		bl	HAL_GPIO_WritePin
 604              	.LVL62:
  99:Src/nrf905.c  ****   NRF905_CS_LO;
 605              		.loc 1 99 0
 606 005c 0022     		movs	r2, #0
 607 005e 4FF40071 		mov	r1, #512
 608 0062 4046     		mov	r0, r8
 609 0064 FFF7FEFF 		bl	HAL_GPIO_WritePin
 610              	.LVL63:
 100:Src/nrf905.c  ****   tmp = W_TX_PAYLOAD;
 611              		.loc 1 100 0
 612 0068 2023     		movs	r3, #32
 613 006a 8DF80E30 		strb	r3, [sp, #14]
 101:Src/nrf905.c  ****   HAL_SPI_TransmitReceive(&hspi3,&tmp, &y, 1, 1000);
 614              		.loc 1 101 0
 615 006e 0097     		str	r7, [sp]
 616 0070 0123     		movs	r3, #1
 617 0072 0DF10F02 		add	r2, sp, #15
 618 0076 0DF10E01 		add	r1, sp, #14
 619 007a 2046     		mov	r0, r4
 620 007c FFF7FEFF 		bl	HAL_SPI_TransmitReceive
 621              	.LVL64:
 102:Src/nrf905.c  ****   for (i=0;i<size;i++) 
 622              		.loc 1 102 0
 623 0080 0024     		movs	r4, #0
 624 0082 0CE0     		b	.L35
 625              	.LVL65:
 626              	.L36:
 103:Src/nrf905.c  ****    {
 104:Src/nrf905.c  ****      HAL_SPI_TransmitReceive(&hspi3,pBuf,&y,1,1000);
 627              		.loc 1 104 0 discriminator 3
 628 0084 4FF47A73 		mov	r3, #1000
 629 0088 0093     		str	r3, [sp]
 630 008a 0123     		movs	r3, #1
 631 008c 0DF10F02 		add	r2, sp, #15
 632 0090 2946     		mov	r1, r5
 633 0092 0848     		ldr	r0, .L38
 634 0094 FFF7FEFF 		bl	HAL_SPI_TransmitReceive
 635              	.LVL66:
 105:Src/nrf905.c  ****      pBuf++;
 636              		.loc 1 105 0 discriminator 3
 637 0098 0135     		adds	r5, r5, #1
 638              	.LVL67:
 102:Src/nrf905.c  ****   for (i=0;i<size;i++) 
 639              		.loc 1 102 0 discriminator 3
 640 009a 0134     		adds	r4, r4, #1
 641              	.LVL68:
 642 009c E4B2     		uxtb	r4, r4
 643              	.LVL69:
ARM GAS  /tmp/ccUVODfC.s 			page 14


 644              	.L35:
 102:Src/nrf905.c  ****   for (i=0;i<size;i++) 
 645              		.loc 1 102 0 is_stmt 0 discriminator 1
 646 009e B442     		cmp	r4, r6
 647 00a0 F0D3     		bcc	.L36
 106:Src/nrf905.c  ****    }
 107:Src/nrf905.c  ****  NRF905_CS_HI;
 648              		.loc 1 107 0 is_stmt 1
 649 00a2 0122     		movs	r2, #1
 650 00a4 4FF40071 		mov	r1, #512
 651 00a8 0348     		ldr	r0, .L38+4
 652 00aa FFF7FEFF 		bl	HAL_GPIO_WritePin
 653              	.LVL70:
 108:Src/nrf905.c  **** }
 654              		.loc 1 108 0
 655 00ae 05B0     		add	sp, sp, #20
 656              	.LCFI20:
 657              		.cfi_def_cfa_offset 28
 658              		@ sp needed
 659 00b0 BDE8F083 		pop	{r4, r5, r6, r7, r8, r9, pc}
 660              	.LVL71:
 661              	.L39:
 662              		.align	2
 663              	.L38:
 664 00b4 00000000 		.word	hspi3
 665 00b8 00080240 		.word	1073874944
 666              		.cfi_endproc
 667              	.LFE137:
 669              		.section	.text.ReadReciveData,"ax",%progbits
 670              		.align	1
 671              		.global	ReadReciveData
 672              		.syntax unified
 673              		.thumb
 674              		.thumb_func
 675              		.fpu fpv4-sp-d16
 677              	ReadReciveData:
 678              	.LFB138:
 109:Src/nrf905.c  **** void ReadReciveData(uint8_t *pBuf, uint8_t size)
 110:Src/nrf905.c  **** {
 679              		.loc 1 110 0
 680              		.cfi_startproc
 681              		@ args = 0, pretend = 0, frame = 8
 682              		@ frame_needed = 0, uses_anonymous_args = 0
 683              	.LVL72:
 684 0000 70B5     		push	{r4, r5, r6, lr}
 685              	.LCFI21:
 686              		.cfi_def_cfa_offset 16
 687              		.cfi_offset 4, -16
 688              		.cfi_offset 5, -12
 689              		.cfi_offset 6, -8
 690              		.cfi_offset 14, -4
 691 0002 84B0     		sub	sp, sp, #16
 692              	.LCFI22:
 693              		.cfi_def_cfa_offset 32
 694 0004 0446     		mov	r4, r0
 695 0006 0D46     		mov	r5, r1
 111:Src/nrf905.c  ****    uint8_t i=0, tmp;
ARM GAS  /tmp/ccUVODfC.s 			page 15


 696              		.loc 1 111 0
 697 0008 0026     		movs	r6, #0
 698 000a 8DF80F60 		strb	r6, [sp, #15]
 112:Src/nrf905.c  ****   
 113:Src/nrf905.c  ****  NRF905_CS_LO;
 699              		.loc 1 113 0
 700 000e 3246     		mov	r2, r6
 701 0010 4FF40071 		mov	r1, #512
 702              	.LVL73:
 703 0014 1948     		ldr	r0, .L44
 704              	.LVL74:
 705 0016 FFF7FEFF 		bl	HAL_GPIO_WritePin
 706              	.LVL75:
 114:Src/nrf905.c  ****  i = R_RX_PAYLOAD;
 707              		.loc 1 114 0
 708 001a 2423     		movs	r3, #36
 709 001c 8DF80F30 		strb	r3, [sp, #15]
 115:Src/nrf905.c  ****  HAL_SPI_TransmitReceive(&hspi3,&i,&tmp,1,1000);
 710              		.loc 1 115 0
 711 0020 4FF47A73 		mov	r3, #1000
 712 0024 0093     		str	r3, [sp]
 713 0026 0123     		movs	r3, #1
 714 0028 0DF10E02 		add	r2, sp, #14
 715 002c 0DF10F01 		add	r1, sp, #15
 716 0030 1348     		ldr	r0, .L44+4
 717 0032 FFF7FEFF 		bl	HAL_SPI_TransmitReceive
 718              	.LVL76:
 116:Src/nrf905.c  ****  tmp = NOP;
 719              		.loc 1 116 0
 720 0036 FF23     		movs	r3, #255
 721 0038 8DF80E30 		strb	r3, [sp, #14]
 117:Src/nrf905.c  **** for (i=0; i<size; i++)
 722              		.loc 1 117 0
 723 003c 8DF80F60 		strb	r6, [sp, #15]
 724 0040 0FE0     		b	.L41
 725              	.L42:
 118:Src/nrf905.c  ****   {
 119:Src/nrf905.c  ****    HAL_SPI_TransmitReceive(&hspi3,&tmp,pBuf,1,1000);
 726              		.loc 1 119 0 discriminator 3
 727 0042 4FF47A73 		mov	r3, #1000
 728 0046 0093     		str	r3, [sp]
 729 0048 0123     		movs	r3, #1
 730 004a 2246     		mov	r2, r4
 731 004c 0DF10E01 		add	r1, sp, #14
 732 0050 0B48     		ldr	r0, .L44+4
 733 0052 FFF7FEFF 		bl	HAL_SPI_TransmitReceive
 734              	.LVL77:
 120:Src/nrf905.c  ****     pBuf++;
 735              		.loc 1 120 0 discriminator 3
 736 0056 0134     		adds	r4, r4, #1
 737              	.LVL78:
 117:Src/nrf905.c  **** for (i=0; i<size; i++)
 738              		.loc 1 117 0 discriminator 3
 739 0058 9DF80F30 		ldrb	r3, [sp, #15]	@ zero_extendqisi2
 740 005c 0133     		adds	r3, r3, #1
 741 005e 8DF80F30 		strb	r3, [sp, #15]
 742              	.L41:
ARM GAS  /tmp/ccUVODfC.s 			page 16


 117:Src/nrf905.c  **** for (i=0; i<size; i++)
 743              		.loc 1 117 0 is_stmt 0 discriminator 1
 744 0062 9DF80F30 		ldrb	r3, [sp, #15]	@ zero_extendqisi2
 745 0066 AB42     		cmp	r3, r5
 746 0068 EBD3     		bcc	.L42
 121:Src/nrf905.c  ****   }
 122:Src/nrf905.c  ****  NRF905_CS_HI;
 747              		.loc 1 122 0 is_stmt 1
 748 006a 0122     		movs	r2, #1
 749 006c 4FF40071 		mov	r1, #512
 750 0070 0248     		ldr	r0, .L44
 751 0072 FFF7FEFF 		bl	HAL_GPIO_WritePin
 752              	.LVL79:
 123:Src/nrf905.c  **** }
 753              		.loc 1 123 0
 754 0076 04B0     		add	sp, sp, #16
 755              	.LCFI23:
 756              		.cfi_def_cfa_offset 16
 757              		@ sp needed
 758 0078 70BD     		pop	{r4, r5, r6, pc}
 759              	.LVL80:
 760              	.L45:
 761 007a 00BF     		.align	2
 762              	.L44:
 763 007c 00080240 		.word	1073874944
 764 0080 00000000 		.word	hspi3
 765              		.cfi_endproc
 766              	.LFE138:
 768              		.section	.text.TransmitMode,"ax",%progbits
 769              		.align	1
 770              		.global	TransmitMode
 771              		.syntax unified
 772              		.thumb
 773              		.thumb_func
 774              		.fpu fpv4-sp-d16
 776              	TransmitMode:
 777              	.LFB140:
 124:Src/nrf905.c  **** void StartSend( void )
 125:Src/nrf905.c  **** {
 126:Src/nrf905.c  ****    TransmitMode();
 127:Src/nrf905.c  ****    HAL_Delay(1);
 128:Src/nrf905.c  ****    HAL_GPIO_WritePin(CE_GPIO_Port, CE_Pin, GPIO_PIN_SET);
 129:Src/nrf905.c  ****    while (HAL_GPIO_ReadPin(DR_GPIO_Port, DR_Pin) != 1)
 130:Src/nrf905.c  ****    {}
 131:Src/nrf905.c  ****    HAL_GPIO_WritePin(CE_GPIO_Port, CE_Pin, GPIO_PIN_RESET);
 132:Src/nrf905.c  **** }
 133:Src/nrf905.c  **** void TransmitMode ( void )
 134:Src/nrf905.c  **** {
 778              		.loc 1 134 0
 779              		.cfi_startproc
 780              		@ args = 0, pretend = 0, frame = 0
 781              		@ frame_needed = 0, uses_anonymous_args = 0
 782 0000 08B5     		push	{r3, lr}
 783              	.LCFI24:
 784              		.cfi_def_cfa_offset 8
 785              		.cfi_offset 3, -8
 786              		.cfi_offset 14, -4
ARM GAS  /tmp/ccUVODfC.s 			page 17


 135:Src/nrf905.c  ****   HAL_GPIO_WritePin(TXE_GPIO_Port, TXE_Pin, GPIO_PIN_SET);
 787              		.loc 1 135 0
 788 0002 0122     		movs	r2, #1
 789 0004 8021     		movs	r1, #128
 790 0006 0248     		ldr	r0, .L48
 791 0008 FFF7FEFF 		bl	HAL_GPIO_WritePin
 792              	.LVL81:
 136:Src/nrf905.c  **** }
 793              		.loc 1 136 0
 794 000c 08BD     		pop	{r3, pc}
 795              	.L49:
 796 000e 00BF     		.align	2
 797              	.L48:
 798 0010 00080240 		.word	1073874944
 799              		.cfi_endproc
 800              	.LFE140:
 802              		.section	.text.StartSend,"ax",%progbits
 803              		.align	1
 804              		.global	StartSend
 805              		.syntax unified
 806              		.thumb
 807              		.thumb_func
 808              		.fpu fpv4-sp-d16
 810              	StartSend:
 811              	.LFB139:
 125:Src/nrf905.c  ****    TransmitMode();
 812              		.loc 1 125 0
 813              		.cfi_startproc
 814              		@ args = 0, pretend = 0, frame = 0
 815              		@ frame_needed = 0, uses_anonymous_args = 0
 816 0000 08B5     		push	{r3, lr}
 817              	.LCFI25:
 818              		.cfi_def_cfa_offset 8
 819              		.cfi_offset 3, -8
 820              		.cfi_offset 14, -4
 126:Src/nrf905.c  ****    HAL_Delay(1);
 821              		.loc 1 126 0
 822 0002 FFF7FEFF 		bl	TransmitMode
 823              	.LVL82:
 127:Src/nrf905.c  ****    HAL_GPIO_WritePin(CE_GPIO_Port, CE_Pin, GPIO_PIN_SET);
 824              		.loc 1 127 0
 825 0006 0120     		movs	r0, #1
 826 0008 FFF7FEFF 		bl	HAL_Delay
 827              	.LVL83:
 128:Src/nrf905.c  ****    while (HAL_GPIO_ReadPin(DR_GPIO_Port, DR_Pin) != 1)
 828              		.loc 1 128 0
 829 000c 0122     		movs	r2, #1
 830 000e 4021     		movs	r1, #64
 831 0010 0748     		ldr	r0, .L53
 832 0012 FFF7FEFF 		bl	HAL_GPIO_WritePin
 833              	.LVL84:
 834              	.L51:
 129:Src/nrf905.c  ****    {}
 835              		.loc 1 129 0 discriminator 1
 836 0016 4FF40041 		mov	r1, #32768
 837 001a 0648     		ldr	r0, .L53+4
 838 001c FFF7FEFF 		bl	HAL_GPIO_ReadPin
ARM GAS  /tmp/ccUVODfC.s 			page 18


 839              	.LVL85:
 840 0020 0128     		cmp	r0, #1
 841 0022 F8D1     		bne	.L51
 131:Src/nrf905.c  **** }
 842              		.loc 1 131 0
 843 0024 0022     		movs	r2, #0
 844 0026 4021     		movs	r1, #64
 845 0028 0148     		ldr	r0, .L53
 846 002a FFF7FEFF 		bl	HAL_GPIO_WritePin
 847              	.LVL86:
 132:Src/nrf905.c  **** void TransmitMode ( void )
 848              		.loc 1 132 0
 849 002e 08BD     		pop	{r3, pc}
 850              	.L54:
 851              		.align	2
 852              	.L53:
 853 0030 00080240 		.word	1073874944
 854 0034 00040240 		.word	1073873920
 855              		.cfi_endproc
 856              	.LFE139:
 858              		.section	.text.ReciveMode,"ax",%progbits
 859              		.align	1
 860              		.global	ReciveMode
 861              		.syntax unified
 862              		.thumb
 863              		.thumb_func
 864              		.fpu fpv4-sp-d16
 866              	ReciveMode:
 867              	.LFB141:
 137:Src/nrf905.c  **** void ReciveMode ( void )
 138:Src/nrf905.c  **** {
 868              		.loc 1 138 0
 869              		.cfi_startproc
 870              		@ args = 0, pretend = 0, frame = 0
 871              		@ frame_needed = 0, uses_anonymous_args = 0
 872 0000 10B5     		push	{r4, lr}
 873              	.LCFI26:
 874              		.cfi_def_cfa_offset 8
 875              		.cfi_offset 4, -8
 876              		.cfi_offset 14, -4
 139:Src/nrf905.c  ****   HAL_GPIO_WritePin(TXE_GPIO_Port, TXE_Pin, GPIO_PIN_RESET);
 877              		.loc 1 139 0
 878 0002 064C     		ldr	r4, .L57
 879 0004 0022     		movs	r2, #0
 880 0006 8021     		movs	r1, #128
 881 0008 2046     		mov	r0, r4
 882 000a FFF7FEFF 		bl	HAL_GPIO_WritePin
 883              	.LVL87:
 140:Src/nrf905.c  ****   HAL_GPIO_WritePin(CE_GPIO_Port, CE_Pin, GPIO_PIN_SET);
 884              		.loc 1 140 0
 885 000e 0122     		movs	r2, #1
 886 0010 4021     		movs	r1, #64
 887 0012 2046     		mov	r0, r4
 888 0014 FFF7FEFF 		bl	HAL_GPIO_WritePin
 889              	.LVL88:
 141:Src/nrf905.c  **** }...
 890              		.loc 1 141 0
ARM GAS  /tmp/ccUVODfC.s 			page 19


 891 0018 10BD     		pop	{r4, pc}
 892              	.L58:
 893 001a 00BF     		.align	2
 894              	.L57:
 895 001c 00080240 		.word	1073874944
 896              		.cfi_endproc
 897              	.LFE141:
 899              		.text
 900              	.Letext0:
 901              		.file 2 "/home/maxx/develop/gcc-arm-none-eabi-7-2018-q2-update/arm-none-eabi/include/machine/_defa
 902              		.file 3 "/home/maxx/develop/gcc-arm-none-eabi-7-2018-q2-update/arm-none-eabi/include/sys/_stdint.h
 903              		.file 4 "Drivers/CMSIS/Include/core_cm4.h"
 904              		.file 5 "Drivers/CMSIS/Device/ST/STM32F4xx/Include/system_stm32f4xx.h"
 905              		.file 6 "Drivers/CMSIS/Device/ST/STM32F4xx/Include/stm32f401xe.h"
 906              		.file 7 "Drivers/STM32F4xx_HAL_Driver/Inc/stm32f4xx_hal_def.h"
 907              		.file 8 "Drivers/STM32F4xx_HAL_Driver/Inc/stm32f4xx_hal_gpio.h"
 908              		.file 9 "Drivers/STM32F4xx_HAL_Driver/Inc/stm32f4xx_hal_dma.h"
 909              		.file 10 "Drivers/STM32F4xx_HAL_Driver/Inc/stm32f4xx_hal_spi.h"
 910              		.file 11 "Drivers/STM32F4xx_HAL_Driver/Inc/stm32f4xx_hal.h"
 911              		.file 12 "Inc/nrf905.h"
 912              		.file 13 "Inc/spi.h"
ARM GAS  /tmp/ccUVODfC.s 			page 20


DEFINED SYMBOLS
                            *ABS*:0000000000000000 nrf905.c
     /tmp/ccUVODfC.s:18     .text.NRF905_ReadReg:0000000000000000 $t
     /tmp/ccUVODfC.s:25     .text.NRF905_ReadReg:0000000000000000 NRF905_ReadReg
     /tmp/ccUVODfC.s:90     .text.NRF905_ReadReg:0000000000000058 $d
     /tmp/ccUVODfC.s:96     .text.NRF905_WriteReg:0000000000000000 $t
     /tmp/ccUVODfC.s:103    .text.NRF905_WriteReg:0000000000000000 NRF905_WriteReg
     /tmp/ccUVODfC.s:161    .text.NRF905_WriteReg:0000000000000050 $d
     /tmp/ccUVODfC.s:167    .text.NRF905_ReadBuf:0000000000000000 $t
     /tmp/ccUVODfC.s:174    .text.NRF905_ReadBuf:0000000000000000 NRF905_ReadBuf
     /tmp/ccUVODfC.s:260    .text.NRF905_ReadBuf:000000000000006c $d
     /tmp/ccUVODfC.s:266    .text.NRF905_WriteBuf:0000000000000000 $t
     /tmp/ccUVODfC.s:273    .text.NRF905_WriteBuf:0000000000000000 NRF905_WriteBuf
     /tmp/ccUVODfC.s:353    .text.NRF905_WriteBuf:0000000000000060 $d
     /tmp/ccUVODfC.s:359    .text.NRF905_POWER_ON:0000000000000000 $t
     /tmp/ccUVODfC.s:366    .text.NRF905_POWER_ON:0000000000000000 NRF905_POWER_ON
     /tmp/ccUVODfC.s:399    .text.NRF905_POWER_ON:0000000000000024 $d
     /tmp/ccUVODfC.s:404    .text.NRF905_POWER_OFF:0000000000000000 $t
     /tmp/ccUVODfC.s:411    .text.NRF905_POWER_OFF:0000000000000000 NRF905_POWER_OFF
     /tmp/ccUVODfC.s:433    .text.NRF905_POWER_OFF:0000000000000010 $d
     /tmp/ccUVODfC.s:438    .text.NRF905_INIT:0000000000000000 $t
     /tmp/ccUVODfC.s:445    .text.NRF905_INIT:0000000000000000 NRF905_INIT
     /tmp/ccUVODfC.s:536    .text.WriteDataToSend:0000000000000000 $t
     /tmp/ccUVODfC.s:543    .text.WriteDataToSend:0000000000000000 WriteDataToSend
     /tmp/ccUVODfC.s:664    .text.WriteDataToSend:00000000000000b4 $d
     /tmp/ccUVODfC.s:670    .text.ReadReciveData:0000000000000000 $t
     /tmp/ccUVODfC.s:677    .text.ReadReciveData:0000000000000000 ReadReciveData
     /tmp/ccUVODfC.s:763    .text.ReadReciveData:000000000000007c $d
     /tmp/ccUVODfC.s:769    .text.TransmitMode:0000000000000000 $t
     /tmp/ccUVODfC.s:776    .text.TransmitMode:0000000000000000 TransmitMode
     /tmp/ccUVODfC.s:798    .text.TransmitMode:0000000000000010 $d
     /tmp/ccUVODfC.s:803    .text.StartSend:0000000000000000 $t
     /tmp/ccUVODfC.s:810    .text.StartSend:0000000000000000 StartSend
     /tmp/ccUVODfC.s:853    .text.StartSend:0000000000000030 $d
     /tmp/ccUVODfC.s:859    .text.ReciveMode:0000000000000000 $t
     /tmp/ccUVODfC.s:866    .text.ReciveMode:0000000000000000 ReciveMode
     /tmp/ccUVODfC.s:895    .text.ReciveMode:000000000000001c $d

UNDEFINED SYMBOLS
HAL_GPIO_WritePin
HAL_SPI_TransmitReceive
HAL_SPI_Receive
hspi3
HAL_SPI_Transmit
HAL_Delay
HAL_GPIO_ReadPin
