ARM GAS  /tmp/ccXJ0ay8.s 			page 1


   1              		.cpu cortex-m3
   2              		.eabi_attribute 20, 1
   3              		.eabi_attribute 21, 1
   4              		.eabi_attribute 23, 3
   5              		.eabi_attribute 24, 1
   6              		.eabi_attribute 25, 1
   7              		.eabi_attribute 26, 1
   8              		.eabi_attribute 30, 1
   9              		.eabi_attribute 34, 1
  10              		.eabi_attribute 18, 4
  11              		.file	"sdio.c"
  12              		.text
  13              	.Ltext0:
  14              		.cfi_sections	.debug_frame
  15              		.section	.text.MX_SDIO_SD_Init,"ax",%progbits
  16              		.align	1
  17              		.global	MX_SDIO_SD_Init
  18              		.arch armv7-m
  19              		.syntax unified
  20              		.thumb
  21              		.thumb_func
  22              		.fpu softvfp
  24              	MX_SDIO_SD_Init:
  25              	.LFB645:
  26              		.file 1 "Core/Src/sdio.c"
   1:Core/Src/sdio.c **** /**
   2:Core/Src/sdio.c ****   ******************************************************************************
   3:Core/Src/sdio.c ****   * @file    sdio.c
   4:Core/Src/sdio.c ****   * @brief   This file provides code for the configuration
   5:Core/Src/sdio.c ****   *          of the SDIO instances.
   6:Core/Src/sdio.c ****   ******************************************************************************
   7:Core/Src/sdio.c ****   * @attention
   8:Core/Src/sdio.c ****   *
   9:Core/Src/sdio.c ****   * <h2><center>&copy; Copyright (c) 2021 STMicroelectronics.
  10:Core/Src/sdio.c ****   * All rights reserved.</center></h2>
  11:Core/Src/sdio.c ****   *
  12:Core/Src/sdio.c ****   * This software component is licensed by ST under Ultimate Liberty license
  13:Core/Src/sdio.c ****   * SLA0044, the "License"; You may not use this file except in compliance with
  14:Core/Src/sdio.c ****   * the License. You may obtain a copy of the License at:
  15:Core/Src/sdio.c ****   *                             www.st.com/SLA0044
  16:Core/Src/sdio.c ****   *
  17:Core/Src/sdio.c ****   ******************************************************************************
  18:Core/Src/sdio.c ****   */
  19:Core/Src/sdio.c **** 
  20:Core/Src/sdio.c **** /* Includes ------------------------------------------------------------------*/
  21:Core/Src/sdio.c **** #include "sdio.h"
  22:Core/Src/sdio.c **** 
  23:Core/Src/sdio.c **** /* USER CODE BEGIN 0 */
  24:Core/Src/sdio.c **** 
  25:Core/Src/sdio.c **** /* USER CODE END 0 */
  26:Core/Src/sdio.c **** 
  27:Core/Src/sdio.c **** SD_HandleTypeDef hsd;
  28:Core/Src/sdio.c **** 
  29:Core/Src/sdio.c **** /* SDIO init function */
  30:Core/Src/sdio.c **** 
  31:Core/Src/sdio.c **** void MX_SDIO_SD_Init(void)
  32:Core/Src/sdio.c **** {
ARM GAS  /tmp/ccXJ0ay8.s 			page 2


  27              		.loc 1 32 1 view -0
  28              		.cfi_startproc
  29              		@ args = 0, pretend = 0, frame = 0
  30              		@ frame_needed = 0, uses_anonymous_args = 0
  31 0000 08B5     		push	{r3, lr}
  32              	.LCFI0:
  33              		.cfi_def_cfa_offset 8
  34              		.cfi_offset 3, -8
  35              		.cfi_offset 14, -4
  33:Core/Src/sdio.c **** 
  34:Core/Src/sdio.c ****   /* USER CODE BEGIN SDIO_Init 0 */
  35:Core/Src/sdio.c **** 
  36:Core/Src/sdio.c ****   /* USER CODE END SDIO_Init 0 */
  37:Core/Src/sdio.c **** 
  38:Core/Src/sdio.c ****   /* USER CODE BEGIN SDIO_Init 1 */
  39:Core/Src/sdio.c **** 
  40:Core/Src/sdio.c ****   /* USER CODE END SDIO_Init 1 */
  41:Core/Src/sdio.c ****   hsd.Instance = SDIO;
  36              		.loc 1 41 3 view .LVU1
  37              		.loc 1 41 16 is_stmt 0 view .LVU2
  38 0002 0D48     		ldr	r0, .L7
  39 0004 0D4B     		ldr	r3, .L7+4
  40 0006 0360     		str	r3, [r0]
  42:Core/Src/sdio.c ****   hsd.Init.ClockEdge = SDIO_CLOCK_EDGE_RISING;
  41              		.loc 1 42 3 is_stmt 1 view .LVU3
  42              		.loc 1 42 22 is_stmt 0 view .LVU4
  43 0008 0023     		movs	r3, #0
  44 000a 4360     		str	r3, [r0, #4]
  43:Core/Src/sdio.c ****   hsd.Init.ClockBypass = SDIO_CLOCK_BYPASS_DISABLE;
  45              		.loc 1 43 3 is_stmt 1 view .LVU5
  46              		.loc 1 43 24 is_stmt 0 view .LVU6
  47 000c 8360     		str	r3, [r0, #8]
  44:Core/Src/sdio.c ****   hsd.Init.ClockPowerSave = SDIO_CLOCK_POWER_SAVE_DISABLE;
  48              		.loc 1 44 3 is_stmt 1 view .LVU7
  49              		.loc 1 44 27 is_stmt 0 view .LVU8
  50 000e C360     		str	r3, [r0, #12]
  45:Core/Src/sdio.c ****   hsd.Init.BusWide = SDIO_BUS_WIDE_1B;
  51              		.loc 1 45 3 is_stmt 1 view .LVU9
  52              		.loc 1 45 20 is_stmt 0 view .LVU10
  53 0010 0361     		str	r3, [r0, #16]
  46:Core/Src/sdio.c ****   hsd.Init.HardwareFlowControl = SDIO_HARDWARE_FLOW_CONTROL_DISABLE;
  54              		.loc 1 46 3 is_stmt 1 view .LVU11
  55              		.loc 1 46 32 is_stmt 0 view .LVU12
  56 0012 4361     		str	r3, [r0, #20]
  47:Core/Src/sdio.c ****   hsd.Init.ClockDiv = 0;
  57              		.loc 1 47 3 is_stmt 1 view .LVU13
  58              		.loc 1 47 21 is_stmt 0 view .LVU14
  59 0014 8361     		str	r3, [r0, #24]
  48:Core/Src/sdio.c ****   if (HAL_SD_Init(&hsd) != HAL_OK)
  60              		.loc 1 48 3 is_stmt 1 view .LVU15
  61              		.loc 1 48 7 is_stmt 0 view .LVU16
  62 0016 FFF7FEFF 		bl	HAL_SD_Init
  63              	.LVL0:
  64              		.loc 1 48 6 view .LVU17
  65 001a 30B9     		cbnz	r0, .L5
  66              	.L2:
  49:Core/Src/sdio.c ****   {
ARM GAS  /tmp/ccXJ0ay8.s 			page 3


  50:Core/Src/sdio.c ****     Error_Handler();
  51:Core/Src/sdio.c ****   }
  52:Core/Src/sdio.c ****   if (HAL_SD_ConfigWideBusOperation(&hsd, SDIO_BUS_WIDE_4B) != HAL_OK)
  67              		.loc 1 52 3 is_stmt 1 view .LVU18
  68              		.loc 1 52 7 is_stmt 0 view .LVU19
  69 001c 4FF40061 		mov	r1, #2048
  70 0020 0548     		ldr	r0, .L7
  71 0022 FFF7FEFF 		bl	HAL_SD_ConfigWideBusOperation
  72              	.LVL1:
  73              		.loc 1 52 6 view .LVU20
  74 0026 18B9     		cbnz	r0, .L6
  75              	.L1:
  53:Core/Src/sdio.c ****   {
  54:Core/Src/sdio.c ****     Error_Handler();
  55:Core/Src/sdio.c ****   }
  56:Core/Src/sdio.c ****   /* USER CODE BEGIN SDIO_Init 2 */
  57:Core/Src/sdio.c **** 
  58:Core/Src/sdio.c ****   /* USER CODE END SDIO_Init 2 */
  59:Core/Src/sdio.c **** 
  60:Core/Src/sdio.c **** }
  76              		.loc 1 60 1 view .LVU21
  77 0028 08BD     		pop	{r3, pc}
  78              	.L5:
  50:Core/Src/sdio.c ****   }
  79              		.loc 1 50 5 is_stmt 1 view .LVU22
  80 002a FFF7FEFF 		bl	Error_Handler
  81              	.LVL2:
  82 002e F5E7     		b	.L2
  83              	.L6:
  54:Core/Src/sdio.c ****   }
  84              		.loc 1 54 5 view .LVU23
  85 0030 FFF7FEFF 		bl	Error_Handler
  86              	.LVL3:
  87              		.loc 1 60 1 is_stmt 0 view .LVU24
  88 0034 F8E7     		b	.L1
  89              	.L8:
  90 0036 00BF     		.align	2
  91              	.L7:
  92 0038 00000000 		.word	hsd
  93 003c 00800140 		.word	1073840128
  94              		.cfi_endproc
  95              	.LFE645:
  97              		.section	.text.HAL_SD_MspInit,"ax",%progbits
  98              		.align	1
  99              		.global	HAL_SD_MspInit
 100              		.syntax unified
 101              		.thumb
 102              		.thumb_func
 103              		.fpu softvfp
 105              	HAL_SD_MspInit:
 106              	.LVL4:
 107              	.LFB646:
  61:Core/Src/sdio.c **** 
  62:Core/Src/sdio.c **** void HAL_SD_MspInit(SD_HandleTypeDef* sdHandle)
  63:Core/Src/sdio.c **** {
 108              		.loc 1 63 1 is_stmt 1 view -0
 109              		.cfi_startproc
ARM GAS  /tmp/ccXJ0ay8.s 			page 4


 110              		@ args = 0, pretend = 0, frame = 32
 111              		@ frame_needed = 0, uses_anonymous_args = 0
 112              		.loc 1 63 1 is_stmt 0 view .LVU26
 113 0000 30B5     		push	{r4, r5, lr}
 114              	.LCFI1:
 115              		.cfi_def_cfa_offset 12
 116              		.cfi_offset 4, -12
 117              		.cfi_offset 5, -8
 118              		.cfi_offset 14, -4
 119 0002 89B0     		sub	sp, sp, #36
 120              	.LCFI2:
 121              		.cfi_def_cfa_offset 48
  64:Core/Src/sdio.c **** 
  65:Core/Src/sdio.c ****   GPIO_InitTypeDef GPIO_InitStruct = {0};
 122              		.loc 1 65 3 is_stmt 1 view .LVU27
 123              		.loc 1 65 20 is_stmt 0 view .LVU28
 124 0004 0023     		movs	r3, #0
 125 0006 0493     		str	r3, [sp, #16]
 126 0008 0593     		str	r3, [sp, #20]
 127 000a 0693     		str	r3, [sp, #24]
 128 000c 0793     		str	r3, [sp, #28]
  66:Core/Src/sdio.c ****   if(sdHandle->Instance==SDIO)
 129              		.loc 1 66 3 is_stmt 1 view .LVU29
 130              		.loc 1 66 14 is_stmt 0 view .LVU30
 131 000e 0268     		ldr	r2, [r0]
 132              		.loc 1 66 5 view .LVU31
 133 0010 1A4B     		ldr	r3, .L13
 134 0012 9A42     		cmp	r2, r3
 135 0014 01D0     		beq	.L12
 136              	.LVL5:
 137              	.L9:
  67:Core/Src/sdio.c ****   {
  68:Core/Src/sdio.c ****   /* USER CODE BEGIN SDIO_MspInit 0 */
  69:Core/Src/sdio.c **** 
  70:Core/Src/sdio.c ****   /* USER CODE END SDIO_MspInit 0 */
  71:Core/Src/sdio.c ****     /* SDIO clock enable */
  72:Core/Src/sdio.c ****     __HAL_RCC_SDIO_CLK_ENABLE();
  73:Core/Src/sdio.c **** 
  74:Core/Src/sdio.c ****     __HAL_RCC_GPIOC_CLK_ENABLE();
  75:Core/Src/sdio.c ****     __HAL_RCC_GPIOD_CLK_ENABLE();
  76:Core/Src/sdio.c ****     /**SDIO GPIO Configuration
  77:Core/Src/sdio.c ****     PC8     ------> SDIO_D0
  78:Core/Src/sdio.c ****     PC9     ------> SDIO_D1
  79:Core/Src/sdio.c ****     PC10     ------> SDIO_D2
  80:Core/Src/sdio.c ****     PC11     ------> SDIO_D3
  81:Core/Src/sdio.c ****     PC12     ------> SDIO_CK
  82:Core/Src/sdio.c ****     PD2     ------> SDIO_CMD
  83:Core/Src/sdio.c ****     */
  84:Core/Src/sdio.c ****     GPIO_InitStruct.Pin = GPIO_PIN_8|GPIO_PIN_9|GPIO_PIN_10|GPIO_PIN_11
  85:Core/Src/sdio.c ****                           |GPIO_PIN_12;
  86:Core/Src/sdio.c ****     GPIO_InitStruct.Mode = GPIO_MODE_AF_PP;
  87:Core/Src/sdio.c ****     GPIO_InitStruct.Speed = GPIO_SPEED_FREQ_HIGH;
  88:Core/Src/sdio.c ****     HAL_GPIO_Init(GPIOC, &GPIO_InitStruct);
  89:Core/Src/sdio.c **** 
  90:Core/Src/sdio.c ****     GPIO_InitStruct.Pin = GPIO_PIN_2;
  91:Core/Src/sdio.c ****     GPIO_InitStruct.Mode = GPIO_MODE_AF_PP;
  92:Core/Src/sdio.c ****     GPIO_InitStruct.Speed = GPIO_SPEED_FREQ_HIGH;
ARM GAS  /tmp/ccXJ0ay8.s 			page 5


  93:Core/Src/sdio.c ****     HAL_GPIO_Init(GPIOD, &GPIO_InitStruct);
  94:Core/Src/sdio.c **** 
  95:Core/Src/sdio.c ****   /* USER CODE BEGIN SDIO_MspInit 1 */
  96:Core/Src/sdio.c **** 
  97:Core/Src/sdio.c ****   /* USER CODE END SDIO_MspInit 1 */
  98:Core/Src/sdio.c ****   }
  99:Core/Src/sdio.c **** }
 138              		.loc 1 99 1 view .LVU32
 139 0016 09B0     		add	sp, sp, #36
 140              	.LCFI3:
 141              		.cfi_remember_state
 142              		.cfi_def_cfa_offset 12
 143              		@ sp needed
 144 0018 30BD     		pop	{r4, r5, pc}
 145              	.LVL6:
 146              	.L12:
 147              	.LCFI4:
 148              		.cfi_restore_state
  72:Core/Src/sdio.c **** 
 149              		.loc 1 72 5 is_stmt 1 view .LVU33
 150              	.LBB2:
  72:Core/Src/sdio.c **** 
 151              		.loc 1 72 5 view .LVU34
  72:Core/Src/sdio.c **** 
 152              		.loc 1 72 5 view .LVU35
 153 001a 03F51043 		add	r3, r3, #36864
 154 001e 5A69     		ldr	r2, [r3, #20]
 155 0020 42F48062 		orr	r2, r2, #1024
 156 0024 5A61     		str	r2, [r3, #20]
  72:Core/Src/sdio.c **** 
 157              		.loc 1 72 5 view .LVU36
 158 0026 5A69     		ldr	r2, [r3, #20]
 159 0028 02F48062 		and	r2, r2, #1024
 160 002c 0192     		str	r2, [sp, #4]
  72:Core/Src/sdio.c **** 
 161              		.loc 1 72 5 view .LVU37
 162 002e 019A     		ldr	r2, [sp, #4]
 163              	.LBE2:
  72:Core/Src/sdio.c **** 
 164              		.loc 1 72 5 view .LVU38
  74:Core/Src/sdio.c ****     __HAL_RCC_GPIOD_CLK_ENABLE();
 165              		.loc 1 74 5 view .LVU39
 166              	.LBB3:
  74:Core/Src/sdio.c ****     __HAL_RCC_GPIOD_CLK_ENABLE();
 167              		.loc 1 74 5 view .LVU40
  74:Core/Src/sdio.c ****     __HAL_RCC_GPIOD_CLK_ENABLE();
 168              		.loc 1 74 5 view .LVU41
 169 0030 9A69     		ldr	r2, [r3, #24]
 170 0032 42F01002 		orr	r2, r2, #16
 171 0036 9A61     		str	r2, [r3, #24]
  74:Core/Src/sdio.c ****     __HAL_RCC_GPIOD_CLK_ENABLE();
 172              		.loc 1 74 5 view .LVU42
 173 0038 9A69     		ldr	r2, [r3, #24]
 174 003a 02F01002 		and	r2, r2, #16
 175 003e 0292     		str	r2, [sp, #8]
  74:Core/Src/sdio.c ****     __HAL_RCC_GPIOD_CLK_ENABLE();
 176              		.loc 1 74 5 view .LVU43
ARM GAS  /tmp/ccXJ0ay8.s 			page 6


 177 0040 029A     		ldr	r2, [sp, #8]
 178              	.LBE3:
  74:Core/Src/sdio.c ****     __HAL_RCC_GPIOD_CLK_ENABLE();
 179              		.loc 1 74 5 view .LVU44
  75:Core/Src/sdio.c ****     /**SDIO GPIO Configuration
 180              		.loc 1 75 5 view .LVU45
 181              	.LBB4:
  75:Core/Src/sdio.c ****     /**SDIO GPIO Configuration
 182              		.loc 1 75 5 view .LVU46
  75:Core/Src/sdio.c ****     /**SDIO GPIO Configuration
 183              		.loc 1 75 5 view .LVU47
 184 0042 9A69     		ldr	r2, [r3, #24]
 185 0044 42F02002 		orr	r2, r2, #32
 186 0048 9A61     		str	r2, [r3, #24]
  75:Core/Src/sdio.c ****     /**SDIO GPIO Configuration
 187              		.loc 1 75 5 view .LVU48
 188 004a 9B69     		ldr	r3, [r3, #24]
 189 004c 03F02003 		and	r3, r3, #32
 190 0050 0393     		str	r3, [sp, #12]
  75:Core/Src/sdio.c ****     /**SDIO GPIO Configuration
 191              		.loc 1 75 5 view .LVU49
 192 0052 039B     		ldr	r3, [sp, #12]
 193              	.LBE4:
  75:Core/Src/sdio.c ****     /**SDIO GPIO Configuration
 194              		.loc 1 75 5 view .LVU50
  84:Core/Src/sdio.c ****                           |GPIO_PIN_12;
 195              		.loc 1 84 5 view .LVU51
  84:Core/Src/sdio.c ****                           |GPIO_PIN_12;
 196              		.loc 1 84 25 is_stmt 0 view .LVU52
 197 0054 4FF4F853 		mov	r3, #7936
 198 0058 0493     		str	r3, [sp, #16]
  86:Core/Src/sdio.c ****     GPIO_InitStruct.Speed = GPIO_SPEED_FREQ_HIGH;
 199              		.loc 1 86 5 is_stmt 1 view .LVU53
  86:Core/Src/sdio.c ****     GPIO_InitStruct.Speed = GPIO_SPEED_FREQ_HIGH;
 200              		.loc 1 86 26 is_stmt 0 view .LVU54
 201 005a 0225     		movs	r5, #2
 202 005c 0595     		str	r5, [sp, #20]
  87:Core/Src/sdio.c ****     HAL_GPIO_Init(GPIOC, &GPIO_InitStruct);
 203              		.loc 1 87 5 is_stmt 1 view .LVU55
  87:Core/Src/sdio.c ****     HAL_GPIO_Init(GPIOC, &GPIO_InitStruct);
 204              		.loc 1 87 27 is_stmt 0 view .LVU56
 205 005e 0324     		movs	r4, #3
 206 0060 0794     		str	r4, [sp, #28]
  88:Core/Src/sdio.c **** 
 207              		.loc 1 88 5 is_stmt 1 view .LVU57
 208 0062 04A9     		add	r1, sp, #16
 209 0064 0648     		ldr	r0, .L13+4
 210              	.LVL7:
  88:Core/Src/sdio.c **** 
 211              		.loc 1 88 5 is_stmt 0 view .LVU58
 212 0066 FFF7FEFF 		bl	HAL_GPIO_Init
 213              	.LVL8:
  90:Core/Src/sdio.c ****     GPIO_InitStruct.Mode = GPIO_MODE_AF_PP;
 214              		.loc 1 90 5 is_stmt 1 view .LVU59
  90:Core/Src/sdio.c ****     GPIO_InitStruct.Mode = GPIO_MODE_AF_PP;
 215              		.loc 1 90 25 is_stmt 0 view .LVU60
 216 006a 0423     		movs	r3, #4
ARM GAS  /tmp/ccXJ0ay8.s 			page 7


 217 006c 0493     		str	r3, [sp, #16]
  91:Core/Src/sdio.c ****     GPIO_InitStruct.Speed = GPIO_SPEED_FREQ_HIGH;
 218              		.loc 1 91 5 is_stmt 1 view .LVU61
  91:Core/Src/sdio.c ****     GPIO_InitStruct.Speed = GPIO_SPEED_FREQ_HIGH;
 219              		.loc 1 91 26 is_stmt 0 view .LVU62
 220 006e 0595     		str	r5, [sp, #20]
  92:Core/Src/sdio.c ****     HAL_GPIO_Init(GPIOD, &GPIO_InitStruct);
 221              		.loc 1 92 5 is_stmt 1 view .LVU63
  92:Core/Src/sdio.c ****     HAL_GPIO_Init(GPIOD, &GPIO_InitStruct);
 222              		.loc 1 92 27 is_stmt 0 view .LVU64
 223 0070 0794     		str	r4, [sp, #28]
  93:Core/Src/sdio.c **** 
 224              		.loc 1 93 5 is_stmt 1 view .LVU65
 225 0072 04A9     		add	r1, sp, #16
 226 0074 0348     		ldr	r0, .L13+8
 227 0076 FFF7FEFF 		bl	HAL_GPIO_Init
 228              	.LVL9:
 229              		.loc 1 99 1 is_stmt 0 view .LVU66
 230 007a CCE7     		b	.L9
 231              	.L14:
 232              		.align	2
 233              	.L13:
 234 007c 00800140 		.word	1073840128
 235 0080 00100140 		.word	1073811456
 236 0084 00140140 		.word	1073812480
 237              		.cfi_endproc
 238              	.LFE646:
 240              		.section	.text.HAL_SD_MspDeInit,"ax",%progbits
 241              		.align	1
 242              		.global	HAL_SD_MspDeInit
 243              		.syntax unified
 244              		.thumb
 245              		.thumb_func
 246              		.fpu softvfp
 248              	HAL_SD_MspDeInit:
 249              	.LVL10:
 250              	.LFB647:
 100:Core/Src/sdio.c **** 
 101:Core/Src/sdio.c **** void HAL_SD_MspDeInit(SD_HandleTypeDef* sdHandle)
 102:Core/Src/sdio.c **** {
 251              		.loc 1 102 1 is_stmt 1 view -0
 252              		.cfi_startproc
 253              		@ args = 0, pretend = 0, frame = 0
 254              		@ frame_needed = 0, uses_anonymous_args = 0
 255              		.loc 1 102 1 is_stmt 0 view .LVU68
 256 0000 08B5     		push	{r3, lr}
 257              	.LCFI5:
 258              		.cfi_def_cfa_offset 8
 259              		.cfi_offset 3, -8
 260              		.cfi_offset 14, -4
 103:Core/Src/sdio.c **** 
 104:Core/Src/sdio.c ****   if(sdHandle->Instance==SDIO)
 261              		.loc 1 104 3 is_stmt 1 view .LVU69
 262              		.loc 1 104 14 is_stmt 0 view .LVU70
 263 0002 0268     		ldr	r2, [r0]
 264              		.loc 1 104 5 view .LVU71
 265 0004 094B     		ldr	r3, .L19
ARM GAS  /tmp/ccXJ0ay8.s 			page 8


 266 0006 9A42     		cmp	r2, r3
 267 0008 00D0     		beq	.L18
 268              	.LVL11:
 269              	.L15:
 105:Core/Src/sdio.c ****   {
 106:Core/Src/sdio.c ****   /* USER CODE BEGIN SDIO_MspDeInit 0 */
 107:Core/Src/sdio.c **** 
 108:Core/Src/sdio.c ****   /* USER CODE END SDIO_MspDeInit 0 */
 109:Core/Src/sdio.c ****     /* Peripheral clock disable */
 110:Core/Src/sdio.c ****     __HAL_RCC_SDIO_CLK_DISABLE();
 111:Core/Src/sdio.c **** 
 112:Core/Src/sdio.c ****     /**SDIO GPIO Configuration
 113:Core/Src/sdio.c ****     PC8     ------> SDIO_D0
 114:Core/Src/sdio.c ****     PC9     ------> SDIO_D1
 115:Core/Src/sdio.c ****     PC10     ------> SDIO_D2
 116:Core/Src/sdio.c ****     PC11     ------> SDIO_D3
 117:Core/Src/sdio.c ****     PC12     ------> SDIO_CK
 118:Core/Src/sdio.c ****     PD2     ------> SDIO_CMD
 119:Core/Src/sdio.c ****     */
 120:Core/Src/sdio.c ****     HAL_GPIO_DeInit(GPIOC, GPIO_PIN_8|GPIO_PIN_9|GPIO_PIN_10|GPIO_PIN_11
 121:Core/Src/sdio.c ****                           |GPIO_PIN_12);
 122:Core/Src/sdio.c **** 
 123:Core/Src/sdio.c ****     HAL_GPIO_DeInit(GPIOD, GPIO_PIN_2);
 124:Core/Src/sdio.c **** 
 125:Core/Src/sdio.c ****   /* USER CODE BEGIN SDIO_MspDeInit 1 */
 126:Core/Src/sdio.c **** 
 127:Core/Src/sdio.c ****   /* USER CODE END SDIO_MspDeInit 1 */
 128:Core/Src/sdio.c ****   }
 129:Core/Src/sdio.c **** }
 270              		.loc 1 129 1 view .LVU72
 271 000a 08BD     		pop	{r3, pc}
 272              	.LVL12:
 273              	.L18:
 110:Core/Src/sdio.c **** 
 274              		.loc 1 110 5 is_stmt 1 view .LVU73
 275 000c 084A     		ldr	r2, .L19+4
 276 000e 5369     		ldr	r3, [r2, #20]
 277 0010 23F48063 		bic	r3, r3, #1024
 278 0014 5361     		str	r3, [r2, #20]
 120:Core/Src/sdio.c ****                           |GPIO_PIN_12);
 279              		.loc 1 120 5 view .LVU74
 280 0016 4FF4F851 		mov	r1, #7936
 281 001a 0648     		ldr	r0, .L19+8
 282              	.LVL13:
 120:Core/Src/sdio.c ****                           |GPIO_PIN_12);
 283              		.loc 1 120 5 is_stmt 0 view .LVU75
 284 001c FFF7FEFF 		bl	HAL_GPIO_DeInit
 285              	.LVL14:
 123:Core/Src/sdio.c **** 
 286              		.loc 1 123 5 is_stmt 1 view .LVU76
 287 0020 0421     		movs	r1, #4
 288 0022 0548     		ldr	r0, .L19+12
 289 0024 FFF7FEFF 		bl	HAL_GPIO_DeInit
 290              	.LVL15:
 291              		.loc 1 129 1 is_stmt 0 view .LVU77
 292 0028 EFE7     		b	.L15
 293              	.L20:
ARM GAS  /tmp/ccXJ0ay8.s 			page 9


 294 002a 00BF     		.align	2
 295              	.L19:
 296 002c 00800140 		.word	1073840128
 297 0030 00100240 		.word	1073876992
 298 0034 00100140 		.word	1073811456
 299 0038 00140140 		.word	1073812480
 300              		.cfi_endproc
 301              	.LFE647:
 303              		.comm	hsd,132,4
 304              		.text
 305              	.Letext0:
 306              		.file 2 "/usr/local/arm-none-eabi/include/machine/_default_types.h"
 307              		.file 3 "/usr/local/arm-none-eabi/include/sys/_stdint.h"
 308              		.file 4 "Drivers/CMSIS/Include/core_cm3.h"
 309              		.file 5 "Drivers/CMSIS/Device/ST/STM32F1xx/Include/system_stm32f1xx.h"
 310              		.file 6 "Drivers/CMSIS/Device/ST/STM32F1xx/Include/stm32f103xe.h"
 311              		.file 7 "Drivers/STM32F1xx_HAL_Driver/Inc/stm32f1xx_hal_def.h"
 312              		.file 8 "Drivers/STM32F1xx_HAL_Driver/Inc/stm32f1xx_hal_gpio.h"
 313              		.file 9 "Drivers/STM32F1xx_HAL_Driver/Inc/stm32f1xx_hal_dma.h"
 314              		.file 10 "Drivers/STM32F1xx_HAL_Driver/Inc/stm32f1xx_ll_sdmmc.h"
 315              		.file 11 "Drivers/STM32F1xx_HAL_Driver/Inc/stm32f1xx_hal_sd.h"
 316              		.file 12 "Drivers/STM32F1xx_HAL_Driver/Inc/stm32f1xx_hal.h"
 317              		.file 13 "Drivers/STM32F1xx_HAL_Driver/Inc/stm32f1xx_ll_dma.h"
 318              		.file 14 "Core/Inc/main.h"
 319              		.file 15 "Core/Inc/sdio.h"
ARM GAS  /tmp/ccXJ0ay8.s 			page 10


DEFINED SYMBOLS
                            *ABS*:0000000000000000 sdio.c
     /tmp/ccXJ0ay8.s:16     .text.MX_SDIO_SD_Init:0000000000000000 $t
     /tmp/ccXJ0ay8.s:24     .text.MX_SDIO_SD_Init:0000000000000000 MX_SDIO_SD_Init
     /tmp/ccXJ0ay8.s:92     .text.MX_SDIO_SD_Init:0000000000000038 $d
                            *COM*:0000000000000084 hsd
     /tmp/ccXJ0ay8.s:98     .text.HAL_SD_MspInit:0000000000000000 $t
     /tmp/ccXJ0ay8.s:105    .text.HAL_SD_MspInit:0000000000000000 HAL_SD_MspInit
     /tmp/ccXJ0ay8.s:234    .text.HAL_SD_MspInit:000000000000007c $d
     /tmp/ccXJ0ay8.s:241    .text.HAL_SD_MspDeInit:0000000000000000 $t
     /tmp/ccXJ0ay8.s:248    .text.HAL_SD_MspDeInit:0000000000000000 HAL_SD_MspDeInit
     /tmp/ccXJ0ay8.s:296    .text.HAL_SD_MspDeInit:000000000000002c $d

UNDEFINED SYMBOLS
HAL_SD_Init
HAL_SD_ConfigWideBusOperation
Error_Handler
HAL_GPIO_Init
HAL_GPIO_DeInit
